
*** Running vivado
    with args -log base_AXI_DEMUX_0_0.vds -m64 -product Vivado -mode batch -messageDb vivado.pb -notrace -source base_AXI_DEMUX_0_0.tcl



****** Vivado v2020.2 (64-bit)
  **** SW Build 3064766 on Wed Nov 18 09:12:45 MST 2020
  **** IP Build 3064653 on Wed Nov 18 14:17:31 MST 2020
    ** Copyright 1986-2020 Xilinx, Inc. All Rights Reserved.

source base_AXI_DEMUX_0_0.tcl -notrace
create_project: Time (s): cpu = 00:00:03 ; elapsed = 00:00:09 . Memory (MB): peak = 1145.734 ; gain = 0.000
INFO: [IP_Flow 19-234] Refreshing IP repositories
INFO: [IP_Flow 19-1700] Loaded user IP repository 'g:/Vivado/FFT_VIDEO/FFT_VIDEO_2048.xpr/FFT_VIDEO_2048/FFT_VIDEO_2048.ipdefs/ip'.
INFO: [IP_Flow 19-2313] Loaded Vivado IP repository 'D:/Vivado/Vivado/2020.2/data/ip'.
Command: synth_design -top base_AXI_DEMUX_0_0 -part xc7z020clg400-1 -mode out_of_context
Starting synth_design
WARNING: [IP_Flow 19-3571] IP 'base_AXI_DEMUX_0_0' is restricted:
* Module reference is stale and needs refreshing.
Attempting to get a license for feature 'Synthesis' and/or device 'xc7z020'
INFO: [Common 17-349] Got license for feature 'Synthesis' and/or device 'xc7z020'
INFO: [Device 21-403] Loading part xc7z020clg400-1
INFO: [Synth 8-7079] Multithreading enabled for synth_design using a maximum of 2 processes.
INFO: [Synth 8-7078] Launching helper process for spawning children vivado processes
INFO: [Synth 8-7075] Helper process launched with PID 10024
---------------------------------------------------------------------------------
Starting RTL Elaboration : Time (s): cpu = 00:00:05 ; elapsed = 00:00:15 . Memory (MB): peak = 1175.020 ; gain = 29.285
---------------------------------------------------------------------------------
INFO: [Synth 8-6157] synthesizing module 'base_AXI_DEMUX_0_0' [g:/Vivado/FFT_VIDEO/FFT_VIDEO_2048.xpr/FFT_VIDEO_2048/FFT_VIDEO_2048.srcs/sources_1/bd/base/ip/base_AXI_DEMUX_0_0/synth/base_AXI_DEMUX_0_0.v:58]
INFO: [Synth 8-6157] synthesizing module 'AXI_DEMUX' [G:/Vivado/FFT_VIDEO/FFT_VIDEO_2048.xpr/FFT_VIDEO_2048/FFT_VIDEO_2048.srcs/sources_1/new/AXI_DEMUX.v:22]
	Parameter DATA_WIDTH bound to: 48 - type: integer 
	Parameter USER_WIDTH bound to: 16 - type: integer 
INFO: [Synth 8-226] default block is never used [G:/Vivado/FFT_VIDEO/FFT_VIDEO_2048.xpr/FFT_VIDEO_2048/FFT_VIDEO_2048.srcs/sources_1/new/AXI_DEMUX.v:69]
INFO: [Synth 8-6155] done synthesizing module 'AXI_DEMUX' (1#1) [G:/Vivado/FFT_VIDEO/FFT_VIDEO_2048.xpr/FFT_VIDEO_2048/FFT_VIDEO_2048.srcs/sources_1/new/AXI_DEMUX.v:22]
INFO: [Synth 8-6155] done synthesizing module 'base_AXI_DEMUX_0_0' (2#1) [g:/Vivado/FFT_VIDEO/FFT_VIDEO_2048.xpr/FFT_VIDEO_2048/FFT_VIDEO_2048.srcs/sources_1/bd/base/ip/base_AXI_DEMUX_0_0/synth/base_AXI_DEMUX_0_0.v:58]
---------------------------------------------------------------------------------
Finished RTL Elaboration : Time (s): cpu = 00:00:07 ; elapsed = 00:00:21 . Memory (MB): peak = 1231.535 ; gain = 85.801
---------------------------------------------------------------------------------
---------------------------------------------------------------------------------
Start Handling Custom Attributes
---------------------------------------------------------------------------------
---------------------------------------------------------------------------------
Finished Handling Custom Attributes : Time (s): cpu = 00:00:07 ; elapsed = 00:00:22 . Memory (MB): peak = 1231.535 ; gain = 85.801
---------------------------------------------------------------------------------
---------------------------------------------------------------------------------
Finished RTL Optimization Phase 1 : Time (s): cpu = 00:00:07 ; elapsed = 00:00:22 . Memory (MB): peak = 1231.535 ; gain = 85.801
---------------------------------------------------------------------------------
Netlist sorting complete. Time (s): cpu = 00:00:00 ; elapsed = 00:00:00.025 . Memory (MB): peak = 1231.535 ; gain = 0.000
INFO: [Project 1-570] Preparing netlist for logic optimization

Processing XDC Constraints
Initializing timing engine
Completed Processing XDC Constraints

Netlist sorting complete. Time (s): cpu = 00:00:00 ; elapsed = 00:00:00 . Memory (MB): peak = 1322.711 ; gain = 0.000
INFO: [Project 1-111] Unisim Transformation Summary:
No Unisim elements were transformed.

Constraint Validation Runtime : Time (s): cpu = 00:00:00 ; elapsed = 00:00:00.624 . Memory (MB): peak = 1322.758 ; gain = 0.047
---------------------------------------------------------------------------------
Finished Constraint Validation : Time (s): cpu = 00:00:12 ; elapsed = 00:00:39 . Memory (MB): peak = 1322.758 ; gain = 177.023
---------------------------------------------------------------------------------
---------------------------------------------------------------------------------
Start Loading Part and Timing Information
---------------------------------------------------------------------------------
Loading part: xc7z020clg400-1
---------------------------------------------------------------------------------
Finished Loading Part and Timing Information : Time (s): cpu = 00:00:12 ; elapsed = 00:00:39 . Memory (MB): peak = 1322.758 ; gain = 177.023
---------------------------------------------------------------------------------
---------------------------------------------------------------------------------
Start Applying 'set_property' XDC Constraints
---------------------------------------------------------------------------------
---------------------------------------------------------------------------------
Finished applying 'set_property' XDC Constraints : Time (s): cpu = 00:00:12 ; elapsed = 00:00:39 . Memory (MB): peak = 1322.758 ; gain = 177.023
---------------------------------------------------------------------------------
---------------------------------------------------------------------------------
Finished RTL Optimization Phase 2 : Time (s): cpu = 00:00:13 ; elapsed = 00:00:40 . Memory (MB): peak = 1322.758 ; gain = 177.023
---------------------------------------------------------------------------------
---------------------------------------------------------------------------------
Start RTL Component Statistics 
---------------------------------------------------------------------------------
Detailed RTL Component Info : 
+---Registers : 
	               48 Bit    Registers := 2     
	               16 Bit    Registers := 2     
	                1 Bit    Registers := 5     
+---Muxes : 
	   2 Input   48 Bit        Muxes := 1     
	   2 Input   16 Bit        Muxes := 1     
	   2 Input    1 Bit        Muxes := 4     
---------------------------------------------------------------------------------
Finished RTL Component Statistics 
---------------------------------------------------------------------------------
---------------------------------------------------------------------------------
Start Part Resource Summary
---------------------------------------------------------------------------------
Part Resources:
DSPs: 220 (col length:60)
BRAMs: 280 (col length: RAMB18 60 RAMB36 30)
---------------------------------------------------------------------------------
Finished Part Resource Summary
---------------------------------------------------------------------------------
---------------------------------------------------------------------------------
Start Cross Boundary and Area Optimization
---------------------------------------------------------------------------------
---------------------------------------------------------------------------------
Finished Cross Boundary and Area Optimization : Time (s): cpu = 00:00:14 ; elapsed = 00:00:42 . Memory (MB): peak = 1322.758 ; gain = 177.023
---------------------------------------------------------------------------------
---------------------------------------------------------------------------------
Start Applying XDC Timing Constraints
---------------------------------------------------------------------------------
---------------------------------------------------------------------------------
Finished Applying XDC Timing Constraints : Time (s): cpu = 00:00:20 ; elapsed = 00:00:47 . Memory (MB): peak = 1322.758 ; gain = 177.023
---------------------------------------------------------------------------------
---------------------------------------------------------------------------------
Start Timing Optimization
---------------------------------------------------------------------------------
---------------------------------------------------------------------------------
Finished Timing Optimization : Time (s): cpu = 00:00:20 ; elapsed = 00:00:47 . Memory (MB): peak = 1322.758 ; gain = 177.023
---------------------------------------------------------------------------------
---------------------------------------------------------------------------------
Start Technology Mapping
---------------------------------------------------------------------------------
---------------------------------------------------------------------------------
Finished Technology Mapping : Time (s): cpu = 00:00:20 ; elapsed = 00:00:48 . Memory (MB): peak = 1337.281 ; gain = 191.547
---------------------------------------------------------------------------------
---------------------------------------------------------------------------------
Start IO Insertion
---------------------------------------------------------------------------------
---------------------------------------------------------------------------------
Start Flattening Before IO Insertion
---------------------------------------------------------------------------------
---------------------------------------------------------------------------------
Finished Flattening Before IO Insertion
---------------------------------------------------------------------------------
---------------------------------------------------------------------------------
Start Final Netlist Cleanup
---------------------------------------------------------------------------------
---------------------------------------------------------------------------------
Finished Final Netlist Cleanup
---------------------------------------------------------------------------------
---------------------------------------------------------------------------------
Finished IO Insertion : Time (s): cpu = 00:00:23 ; elapsed = 00:00:50 . Memory (MB): peak = 1344.047 ; gain = 198.312
---------------------------------------------------------------------------------
---------------------------------------------------------------------------------
Start Renaming Generated Instances
---------------------------------------------------------------------------------
---------------------------------------------------------------------------------
Finished Renaming Generated Instances : Time (s): cpu = 00:00:23 ; elapsed = 00:00:50 . Memory (MB): peak = 1344.047 ; gain = 198.312
---------------------------------------------------------------------------------
---------------------------------------------------------------------------------
Start Rebuilding User Hierarchy
---------------------------------------------------------------------------------
---------------------------------------------------------------------------------
Finished Rebuilding User Hierarchy : Time (s): cpu = 00:00:23 ; elapsed = 00:00:50 . Memory (MB): peak = 1344.047 ; gain = 198.312
---------------------------------------------------------------------------------
---------------------------------------------------------------------------------
Start Renaming Generated Ports
---------------------------------------------------------------------------------
---------------------------------------------------------------------------------
Finished Renaming Generated Ports : Time (s): cpu = 00:00:23 ; elapsed = 00:00:50 . Memory (MB): peak = 1344.047 ; gain = 198.312
---------------------------------------------------------------------------------
---------------------------------------------------------------------------------
Start Handling Custom Attributes
---------------------------------------------------------------------------------
---------------------------------------------------------------------------------
Finished Handling Custom Attributes : Time (s): cpu = 00:00:23 ; elapsed = 00:00:51 . Memory (MB): peak = 1344.047 ; gain = 198.312
---------------------------------------------------------------------------------
---------------------------------------------------------------------------------
Start Renaming Generated Nets
---------------------------------------------------------------------------------
---------------------------------------------------------------------------------
Finished Renaming Generated Nets : Time (s): cpu = 00:00:23 ; elapsed = 00:00:51 . Memory (MB): peak = 1344.047 ; gain = 198.312
---------------------------------------------------------------------------------
---------------------------------------------------------------------------------
Start Writing Synthesis Report
---------------------------------------------------------------------------------

Report BlackBoxes: 
+-+--------------+----------+
| |BlackBox name |Instances |
+-+--------------+----------+
+-+--------------+----------+

Report Cell Usage: 
+------+-----+------+
|      |Cell |Count |
+------+-----+------+
|1     |LUT1 |     1|
|2     |LUT3 |     1|
|3     |FDRE |   133|
+------+-----+------+
---------------------------------------------------------------------------------
Finished Writing Synthesis Report : Time (s): cpu = 00:00:23 ; elapsed = 00:00:51 . Memory (MB): peak = 1344.047 ; gain = 198.312
---------------------------------------------------------------------------------
Synthesis finished with 0 errors, 0 critical warnings and 0 warnings.
Synthesis Optimization Runtime : Time (s): cpu = 00:00:14 ; elapsed = 00:00:39 . Memory (MB): peak = 1344.047 ; gain = 107.090
Synthesis Optimization Complete : Time (s): cpu = 00:00:23 ; elapsed = 00:00:51 . Memory (MB): peak = 1344.047 ; gain = 198.312
INFO: [Project 1-571] Translating synthesized netlist
Netlist sorting complete. Time (s): cpu = 00:00:00 ; elapsed = 00:00:00.007 . Memory (MB): peak = 1356.082 ; gain = 0.000
INFO: [Project 1-570] Preparing netlist for logic optimization
INFO: [Opt 31-138] Pushed 0 inverter(s) to 0 load pin(s).
Netlist sorting complete. Time (s): cpu = 00:00:00 ; elapsed = 00:00:00 . Memory (MB): peak = 1366.926 ; gain = 0.000
INFO: [Project 1-111] Unisim Transformation Summary:
No Unisim elements were transformed.

INFO: [Common 17-83] Releasing license: Synthesis
20 Infos, 1 Warnings, 0 Critical Warnings and 0 Errors encountered.
synth_design completed successfully
synth_design: Time (s): cpu = 00:00:31 ; elapsed = 00:01:43 . Memory (MB): peak = 1366.926 ; gain = 221.191
INFO: [Common 17-1381] The checkpoint 'G:/Vivado/FFT_VIDEO/FFT_VIDEO_2048.xpr/FFT_VIDEO_2048/FFT_VIDEO_2048.runs/base_AXI_DEMUX_0_0_synth_1/base_AXI_DEMUX_0_0.dcp' has been generated.
WARNING: [Common 17-576] 'use_project_ipc' is deprecated. This option is deprecated and no longer used.
INFO: [Common 17-1381] The checkpoint 'G:/Vivado/FFT_VIDEO/FFT_VIDEO_2048.xpr/FFT_VIDEO_2048/FFT_VIDEO_2048.runs/base_AXI_DEMUX_0_0_synth_1/base_AXI_DEMUX_0_0.dcp' has been generated.
INFO: [runtcl-4] Executing : report_utilization -file base_AXI_DEMUX_0_0_utilization_synth.rpt -pb base_AXI_DEMUX_0_0_utilization_synth.pb
INFO: [Common 17-206] Exiting Vivado at Sat Jul 10 20:34:03 2021...
