
*** Running vivado
    with args -log base_AXI_aud_interface_0_upgraded_ipi_0.vds -m64 -product Vivado -mode batch -messageDb vivado.pb -notrace -source base_AXI_aud_interface_0_upgraded_ipi_0.tcl



****** Vivado v2020.2 (64-bit)
  **** SW Build 3064766 on Wed Nov 18 09:12:45 MST 2020
  **** IP Build 3064653 on Wed Nov 18 14:17:31 MST 2020
    ** Copyright 1986-2020 Xilinx, Inc. All Rights Reserved.

source base_AXI_aud_interface_0_upgraded_ipi_0.tcl -notrace
create_project: Time (s): cpu = 00:00:03 ; elapsed = 00:00:07 . Memory (MB): peak = 1126.031 ; gain = 0.000
INFO: [IP_Flow 19-234] Refreshing IP repositories
INFO: [IP_Flow 19-1700] Loaded user IP repository 'g:/Vivado/FFT_VIDEO/FFT_VIDEO_2048.xpr/FFT_VIDEO_2048/FFT_VIDEO_2048.ipdefs/ip'.
INFO: [IP_Flow 19-2313] Loaded Vivado IP repository 'D:/Vivado/Vivado/2020.2/data/ip'.
Command: synth_design -top base_AXI_aud_interface_0_upgraded_ipi_0 -part xc7z020clg400-1 -mode out_of_context
Starting synth_design
WARNING: [IP_Flow 19-3571] IP 'base_AXI_aud_interface_0_upgraded_ipi_0' is restricted:
* Module reference is stale and needs refreshing.
Attempting to get a license for feature 'Synthesis' and/or device 'xc7z020'
INFO: [Common 17-349] Got license for feature 'Synthesis' and/or device 'xc7z020'
INFO: [Device 21-403] Loading part xc7z020clg400-1
INFO: [Synth 8-7079] Multithreading enabled for synth_design using a maximum of 2 processes.
INFO: [Synth 8-7078] Launching helper process for spawning children vivado processes
INFO: [Synth 8-7075] Helper process launched with PID 11916
---------------------------------------------------------------------------------
Starting RTL Elaboration : Time (s): cpu = 00:00:06 ; elapsed = 00:00:13 . Memory (MB): peak = 1177.391 ; gain = 51.359
---------------------------------------------------------------------------------
INFO: [Synth 8-6157] synthesizing module 'base_AXI_aud_interface_0_upgraded_ipi_0' [g:/Vivado/FFT_VIDEO/FFT_VIDEO_2048.xpr/FFT_VIDEO_2048/FFT_VIDEO_2048.srcs/sources_1/bd/base/ip/base_AXI_aud_interface_0_upgraded_ipi_0/synth/base_AXI_aud_interface_0_upgraded_ipi_0.v:58]
INFO: [Synth 8-6157] synthesizing module 'AXI_aud_interface' [G:/Vivado/FFT_VIDEO/FFT_VIDEO_2048.xpr/FFT_VIDEO_2048/FFT_VIDEO_2048.srcs/sources_1/imports/new/AXI_aud_interface.v:23]
	Parameter AXIS_DATA_WIDTH bound to: 32 - type: integer 
	Parameter AUDIO_DATA_WIDTH bound to: 24 - type: integer 
	Parameter N_AUDIO_CH bound to: 1 - type: integer 
	Parameter wait_for_data bound to: 3'b000 
	Parameter get_data_l bound to: 3'b001 
	Parameter get_data_r bound to: 3'b010 
	Parameter state_3 bound to: 3'b011 
INFO: [Synth 8-155] case statement is not full and has no default [G:/Vivado/FFT_VIDEO/FFT_VIDEO_2048.xpr/FFT_VIDEO_2048/FFT_VIDEO_2048.srcs/sources_1/imports/new/AXI_aud_interface.v:74]
INFO: [Synth 8-155] case statement is not full and has no default [G:/Vivado/FFT_VIDEO/FFT_VIDEO_2048.xpr/FFT_VIDEO_2048/FFT_VIDEO_2048.srcs/sources_1/imports/new/AXI_aud_interface.v:116]
INFO: [Synth 8-6155] done synthesizing module 'AXI_aud_interface' (1#1) [G:/Vivado/FFT_VIDEO/FFT_VIDEO_2048.xpr/FFT_VIDEO_2048/FFT_VIDEO_2048.srcs/sources_1/imports/new/AXI_aud_interface.v:23]
INFO: [Synth 8-6155] done synthesizing module 'base_AXI_aud_interface_0_upgraded_ipi_0' (2#1) [g:/Vivado/FFT_VIDEO/FFT_VIDEO_2048.xpr/FFT_VIDEO_2048/FFT_VIDEO_2048.srcs/sources_1/bd/base/ip/base_AXI_aud_interface_0_upgraded_ipi_0/synth/base_AXI_aud_interface_0_upgraded_ipi_0.v:58]
---------------------------------------------------------------------------------
Finished RTL Elaboration : Time (s): cpu = 00:00:07 ; elapsed = 00:00:17 . Memory (MB): peak = 1233.750 ; gain = 107.719
---------------------------------------------------------------------------------
---------------------------------------------------------------------------------
Start Handling Custom Attributes
---------------------------------------------------------------------------------
---------------------------------------------------------------------------------
Finished Handling Custom Attributes : Time (s): cpu = 00:00:07 ; elapsed = 00:00:18 . Memory (MB): peak = 1233.750 ; gain = 107.719
---------------------------------------------------------------------------------
---------------------------------------------------------------------------------
Finished RTL Optimization Phase 1 : Time (s): cpu = 00:00:07 ; elapsed = 00:00:18 . Memory (MB): peak = 1233.750 ; gain = 107.719
---------------------------------------------------------------------------------
Netlist sorting complete. Time (s): cpu = 00:00:00 ; elapsed = 00:00:00.005 . Memory (MB): peak = 1233.750 ; gain = 0.000
INFO: [Project 1-570] Preparing netlist for logic optimization

Processing XDC Constraints
Initializing timing engine
Completed Processing XDC Constraints

Netlist sorting complete. Time (s): cpu = 00:00:00 ; elapsed = 00:00:00 . Memory (MB): peak = 1337.398 ; gain = 0.000
INFO: [Project 1-111] Unisim Transformation Summary:
No Unisim elements were transformed.

Constraint Validation Runtime : Time (s): cpu = 00:00:00 ; elapsed = 00:00:00.594 . Memory (MB): peak = 1337.406 ; gain = 0.008
---------------------------------------------------------------------------------
Finished Constraint Validation : Time (s): cpu = 00:00:13 ; elapsed = 00:00:33 . Memory (MB): peak = 1337.406 ; gain = 211.375
---------------------------------------------------------------------------------
---------------------------------------------------------------------------------
Start Loading Part and Timing Information
---------------------------------------------------------------------------------
Loading part: xc7z020clg400-1
---------------------------------------------------------------------------------
Finished Loading Part and Timing Information : Time (s): cpu = 00:00:13 ; elapsed = 00:00:33 . Memory (MB): peak = 1337.406 ; gain = 211.375
---------------------------------------------------------------------------------
---------------------------------------------------------------------------------
Start Applying 'set_property' XDC Constraints
---------------------------------------------------------------------------------
---------------------------------------------------------------------------------
Finished applying 'set_property' XDC Constraints : Time (s): cpu = 00:00:13 ; elapsed = 00:00:33 . Memory (MB): peak = 1337.406 ; gain = 211.375
---------------------------------------------------------------------------------
INFO: [Synth 8-802] inferred FSM for state register 'state_Curr_reg' in module 'AXI_aud_interface'
---------------------------------------------------------------------------------------------------
                   State |                     New Encoding |                Previous Encoding 
---------------------------------------------------------------------------------------------------
           wait_for_data |                              001 |                              000
              get_data_l |                              010 |                              001
              get_data_r |                              100 |                              010
---------------------------------------------------------------------------------------------------
INFO: [Synth 8-3354] encoded FSM with state register 'state_Curr_reg' using encoding 'one-hot' in module 'AXI_aud_interface'
---------------------------------------------------------------------------------
Finished RTL Optimization Phase 2 : Time (s): cpu = 00:00:13 ; elapsed = 00:00:33 . Memory (MB): peak = 1337.406 ; gain = 211.375
---------------------------------------------------------------------------------
---------------------------------------------------------------------------------
Start RTL Component Statistics 
---------------------------------------------------------------------------------
Detailed RTL Component Info : 
+---Registers : 
	               24 Bit    Registers := 2     
	                8 Bit    Registers := 2     
	                1 Bit    Registers := 3     
+---Muxes : 
	   2 Input    3 Bit        Muxes := 2     
	   3 Input    3 Bit        Muxes := 3     
	   2 Input    2 Bit        Muxes := 2     
	   2 Input    1 Bit        Muxes := 4     
	   4 Input    1 Bit        Muxes := 4     
---------------------------------------------------------------------------------
Finished RTL Component Statistics 
---------------------------------------------------------------------------------
---------------------------------------------------------------------------------
Start Part Resource Summary
---------------------------------------------------------------------------------
Part Resources:
DSPs: 220 (col length:60)
BRAMs: 280 (col length: RAMB18 60 RAMB36 30)
---------------------------------------------------------------------------------
Finished Part Resource Summary
---------------------------------------------------------------------------------
---------------------------------------------------------------------------------
Start Cross Boundary and Area Optimization
---------------------------------------------------------------------------------
---------------------------------------------------------------------------------
Finished Cross Boundary and Area Optimization : Time (s): cpu = 00:00:15 ; elapsed = 00:00:35 . Memory (MB): peak = 1337.406 ; gain = 211.375
---------------------------------------------------------------------------------
---------------------------------------------------------------------------------
Start Applying XDC Timing Constraints
---------------------------------------------------------------------------------
---------------------------------------------------------------------------------
Finished Applying XDC Timing Constraints : Time (s): cpu = 00:00:20 ; elapsed = 00:00:40 . Memory (MB): peak = 1337.406 ; gain = 211.375
---------------------------------------------------------------------------------
---------------------------------------------------------------------------------
Start Timing Optimization
---------------------------------------------------------------------------------
---------------------------------------------------------------------------------
Finished Timing Optimization : Time (s): cpu = 00:00:20 ; elapsed = 00:00:40 . Memory (MB): peak = 1337.406 ; gain = 211.375
---------------------------------------------------------------------------------
---------------------------------------------------------------------------------
Start Technology Mapping
---------------------------------------------------------------------------------
---------------------------------------------------------------------------------
Finished Technology Mapping : Time (s): cpu = 00:00:20 ; elapsed = 00:00:40 . Memory (MB): peak = 1341.902 ; gain = 215.871
---------------------------------------------------------------------------------
---------------------------------------------------------------------------------
Start IO Insertion
---------------------------------------------------------------------------------
---------------------------------------------------------------------------------
Start Flattening Before IO Insertion
---------------------------------------------------------------------------------
---------------------------------------------------------------------------------
Finished Flattening Before IO Insertion
---------------------------------------------------------------------------------
---------------------------------------------------------------------------------
Start Final Netlist Cleanup
---------------------------------------------------------------------------------
---------------------------------------------------------------------------------
Finished Final Netlist Cleanup
---------------------------------------------------------------------------------
---------------------------------------------------------------------------------
Finished IO Insertion : Time (s): cpu = 00:00:23 ; elapsed = 00:00:43 . Memory (MB): peak = 1348.652 ; gain = 222.621
---------------------------------------------------------------------------------
---------------------------------------------------------------------------------
Start Renaming Generated Instances
---------------------------------------------------------------------------------
---------------------------------------------------------------------------------
Finished Renaming Generated Instances : Time (s): cpu = 00:00:23 ; elapsed = 00:00:43 . Memory (MB): peak = 1348.652 ; gain = 222.621
---------------------------------------------------------------------------------
---------------------------------------------------------------------------------
Start Rebuilding User Hierarchy
---------------------------------------------------------------------------------
---------------------------------------------------------------------------------
Finished Rebuilding User Hierarchy : Time (s): cpu = 00:00:23 ; elapsed = 00:00:43 . Memory (MB): peak = 1348.652 ; gain = 222.621
---------------------------------------------------------------------------------
---------------------------------------------------------------------------------
Start Renaming Generated Ports
---------------------------------------------------------------------------------
---------------------------------------------------------------------------------
Finished Renaming Generated Ports : Time (s): cpu = 00:00:23 ; elapsed = 00:00:43 . Memory (MB): peak = 1348.652 ; gain = 222.621
---------------------------------------------------------------------------------
---------------------------------------------------------------------------------
Start Handling Custom Attributes
---------------------------------------------------------------------------------
---------------------------------------------------------------------------------
Finished Handling Custom Attributes : Time (s): cpu = 00:00:23 ; elapsed = 00:00:43 . Memory (MB): peak = 1348.652 ; gain = 222.621
---------------------------------------------------------------------------------
---------------------------------------------------------------------------------
Start Renaming Generated Nets
---------------------------------------------------------------------------------
---------------------------------------------------------------------------------
Finished Renaming Generated Nets : Time (s): cpu = 00:00:23 ; elapsed = 00:00:43 . Memory (MB): peak = 1348.652 ; gain = 222.621
---------------------------------------------------------------------------------
---------------------------------------------------------------------------------
Start Writing Synthesis Report
---------------------------------------------------------------------------------

Report BlackBoxes: 
+-+--------------+----------+
| |BlackBox name |Instances |
+-+--------------+----------+
+-+--------------+----------+

Report Cell Usage: 
+------+-----+------+
|      |Cell |Count |
+------+-----+------+
|1     |LUT2 |     2|
|2     |LUT4 |     2|
|3     |LUT5 |     5|
|4     |LUT6 |     4|
|5     |FDRE |    70|
+------+-----+------+
---------------------------------------------------------------------------------
Finished Writing Synthesis Report : Time (s): cpu = 00:00:23 ; elapsed = 00:00:43 . Memory (MB): peak = 1348.652 ; gain = 222.621
---------------------------------------------------------------------------------
Synthesis finished with 0 errors, 0 critical warnings and 0 warnings.
Synthesis Optimization Runtime : Time (s): cpu = 00:00:14 ; elapsed = 00:00:33 . Memory (MB): peak = 1348.652 ; gain = 118.965
Synthesis Optimization Complete : Time (s): cpu = 00:00:23 ; elapsed = 00:00:43 . Memory (MB): peak = 1348.652 ; gain = 222.621
INFO: [Project 1-571] Translating synthesized netlist
Netlist sorting complete. Time (s): cpu = 00:00:00 ; elapsed = 00:00:00.002 . Memory (MB): peak = 1360.699 ; gain = 0.000
INFO: [Project 1-570] Preparing netlist for logic optimization
INFO: [Opt 31-138] Pushed 0 inverter(s) to 0 load pin(s).
Netlist sorting complete. Time (s): cpu = 00:00:00 ; elapsed = 00:00:00 . Memory (MB): peak = 1366.895 ; gain = 0.000
INFO: [Project 1-111] Unisim Transformation Summary:
No Unisim elements were transformed.

INFO: [Common 17-83] Releasing license: Synthesis
23 Infos, 1 Warnings, 0 Critical Warnings and 0 Errors encountered.
synth_design completed successfully
synth_design: Time (s): cpu = 00:00:31 ; elapsed = 00:01:01 . Memory (MB): peak = 1366.895 ; gain = 240.863
INFO: [Common 17-1381] The checkpoint 'G:/Vivado/FFT_VIDEO/FFT_VIDEO_2048.xpr/FFT_VIDEO_2048/FFT_VIDEO_2048.runs/base_AXI_aud_interface_0_upgraded_ipi_0_synth_1/base_AXI_aud_interface_0_upgraded_ipi_0.dcp' has been generated.
WARNING: [Common 17-576] 'use_project_ipc' is deprecated. This option is deprecated and no longer used.
INFO: [Common 17-1381] The checkpoint 'G:/Vivado/FFT_VIDEO/FFT_VIDEO_2048.xpr/FFT_VIDEO_2048/FFT_VIDEO_2048.runs/base_AXI_aud_interface_0_upgraded_ipi_0_synth_1/base_AXI_aud_interface_0_upgraded_ipi_0.dcp' has been generated.
INFO: [runtcl-4] Executing : report_utilization -file base_AXI_aud_interface_0_upgraded_ipi_0_utilization_synth.rpt -pb base_AXI_aud_interface_0_upgraded_ipi_0_utilization_synth.pb
INFO: [Common 17-206] Exiting Vivado at Sat Jul 10 21:09:44 2021...
