
*** Running vivado
    with args -log base_cordic_0_0.vds -m64 -product Vivado -mode batch -messageDb vivado.pb -notrace -source base_cordic_0_0.tcl



****** Vivado v2020.2 (64-bit)
  **** SW Build 3064766 on Wed Nov 18 09:12:45 MST 2020
  **** IP Build 3064653 on Wed Nov 18 14:17:31 MST 2020
    ** Copyright 1986-2020 Xilinx, Inc. All Rights Reserved.

source base_cordic_0_0.tcl -notrace
create_project: Time (s): cpu = 00:00:03 ; elapsed = 00:00:08 . Memory (MB): peak = 1125.910 ; gain = 0.000
INFO: [IP_Flow 19-234] Refreshing IP repositories
INFO: [IP_Flow 19-1700] Loaded user IP repository 'f:/Test_dma.xpr/Test_dma/Test_dma.ipdefs/ip'.
INFO: [IP_Flow 19-2313] Loaded Vivado IP repository 'D:/Vivado/Vivado/2020.2/data/ip'.
Command: synth_design -top base_cordic_0_0 -part xc7z020clg400-1 -mode out_of_context
Starting synth_design
Attempting to get a license for feature 'Synthesis' and/or device 'xc7z020'
INFO: [Common 17-349] Got license for feature 'Synthesis' and/or device 'xc7z020'
INFO: [Device 21-403] Loading part xc7z020clg400-1
INFO: [Synth 8-7079] Multithreading enabled for synth_design using a maximum of 2 processes.
INFO: [Synth 8-7078] Launching helper process for spawning children vivado processes
INFO: [Synth 8-7075] Helper process launched with PID 17272
---------------------------------------------------------------------------------
Starting RTL Elaboration : Time (s): cpu = 00:00:07 ; elapsed = 00:00:13 . Memory (MB): peak = 1177.762 ; gain = 51.852
---------------------------------------------------------------------------------
INFO: [Synth 8-638] synthesizing module 'base_cordic_0_0' [d:/Progetti_vivado/FFT_VIDEO/FFT_VIDEO.srcs/sources_1/bd/base/ip/base_cordic_0_0/synth/base_cordic_0_0.vhd:76]
	Parameter C_ARCHITECTURE bound to: 2 - type: integer 
	Parameter C_CORDIC_FUNCTION bound to: 6 - type: integer 
	Parameter C_COARSE_ROTATE bound to: 0 - type: integer 
	Parameter C_DATA_FORMAT bound to: 2 - type: integer 
	Parameter C_XDEVICEFAMILY bound to: zynq - type: string 
	Parameter C_HAS_ACLKEN bound to: 0 - type: integer 
	Parameter C_HAS_ACLK bound to: 1 - type: integer 
	Parameter C_HAS_S_AXIS_CARTESIAN bound to: 1 - type: integer 
	Parameter C_HAS_S_AXIS_PHASE bound to: 0 - type: integer 
	Parameter C_HAS_ARESETN bound to: 1 - type: integer 
	Parameter C_INPUT_WIDTH bound to: 48 - type: integer 
	Parameter C_ITERATIONS bound to: 0 - type: integer 
	Parameter C_OUTPUT_WIDTH bound to: 25 - type: integer 
	Parameter C_PHASE_FORMAT bound to: 0 - type: integer 
	Parameter C_PIPELINE_MODE bound to: -2 - type: integer 
	Parameter C_PRECISION bound to: 0 - type: integer 
	Parameter C_ROUND_MODE bound to: 0 - type: integer 
	Parameter C_SCALE_COMP bound to: 0 - type: integer 
	Parameter C_THROTTLE_SCHEME bound to: 2 - type: integer 
	Parameter C_TLAST_RESOLUTION bound to: 1 - type: integer 
	Parameter C_HAS_S_AXIS_PHASE_TUSER bound to: 0 - type: integer 
	Parameter C_HAS_S_AXIS_PHASE_TLAST bound to: 0 - type: integer 
	Parameter C_S_AXIS_PHASE_TDATA_WIDTH bound to: 48 - type: integer 
	Parameter C_S_AXIS_PHASE_TUSER_WIDTH bound to: 1 - type: integer 
	Parameter C_HAS_S_AXIS_CARTESIAN_TUSER bound to: 1 - type: integer 
	Parameter C_HAS_S_AXIS_CARTESIAN_TLAST bound to: 1 - type: integer 
	Parameter C_S_AXIS_CARTESIAN_TDATA_WIDTH bound to: 48 - type: integer 
	Parameter C_S_AXIS_CARTESIAN_TUSER_WIDTH bound to: 16 - type: integer 
	Parameter C_M_AXIS_DOUT_TDATA_WIDTH bound to: 32 - type: integer 
	Parameter C_M_AXIS_DOUT_TUSER_WIDTH bound to: 16 - type: integer 
INFO: [Synth 8-3491] module 'cordic_v6_0_16' declared at 'd:/Progetti_vivado/FFT_VIDEO/FFT_VIDEO.srcs/sources_1/bd/base/ipshared/5bf0/hdl/cordic_v6_0_vh_rfs.vhd:10135' bound to instance 'U0' of component 'cordic_v6_0_16' [d:/Progetti_vivado/FFT_VIDEO/FFT_VIDEO.srcs/sources_1/bd/base/ip/base_cordic_0_0/synth/base_cordic_0_0.vhd:164]
INFO: [Synth 8-256] done synthesizing module 'base_cordic_0_0' (17#1) [d:/Progetti_vivado/FFT_VIDEO/FFT_VIDEO.srcs/sources_1/bd/base/ip/base_cordic_0_0/synth/base_cordic_0_0.vhd:76]
---------------------------------------------------------------------------------
Finished RTL Elaboration : Time (s): cpu = 00:00:25 ; elapsed = 00:00:34 . Memory (MB): peak = 1511.176 ; gain = 385.266
---------------------------------------------------------------------------------
---------------------------------------------------------------------------------
Start Handling Custom Attributes
---------------------------------------------------------------------------------
---------------------------------------------------------------------------------
Finished Handling Custom Attributes : Time (s): cpu = 00:00:25 ; elapsed = 00:00:35 . Memory (MB): peak = 1511.176 ; gain = 385.266
---------------------------------------------------------------------------------
---------------------------------------------------------------------------------
Finished RTL Optimization Phase 1 : Time (s): cpu = 00:00:25 ; elapsed = 00:00:35 . Memory (MB): peak = 1511.176 ; gain = 385.266
---------------------------------------------------------------------------------
Netlist sorting complete. Time (s): cpu = 00:00:00 ; elapsed = 00:00:00.209 . Memory (MB): peak = 1511.176 ; gain = 0.000
INFO: [Netlist 29-17] Analyzing 805 Unisim elements for replacement
INFO: [Netlist 29-28] Unisim Transformation completed in 0 CPU seconds
INFO: [Project 1-570] Preparing netlist for logic optimization

Processing XDC Constraints
Initializing timing engine
Parsing XDC File [d:/Progetti_vivado/FFT_VIDEO/FFT_VIDEO.srcs/sources_1/bd/base/ip/base_cordic_0_0/base_cordic_0_0_ooc.xdc] for cell 'U0'
Finished Parsing XDC File [d:/Progetti_vivado/FFT_VIDEO/FFT_VIDEO.srcs/sources_1/bd/base/ip/base_cordic_0_0/base_cordic_0_0_ooc.xdc] for cell 'U0'
Parsing XDC File [D:/Progetti_vivado/FFT_VIDEO/FFT_VIDEO.runs/base_cordic_0_0_synth_1/dont_touch.xdc]
Finished Parsing XDC File [D:/Progetti_vivado/FFT_VIDEO/FFT_VIDEO.runs/base_cordic_0_0_synth_1/dont_touch.xdc]
Completed Processing XDC Constraints

Netlist sorting complete. Time (s): cpu = 00:00:00 ; elapsed = 00:00:00.004 . Memory (MB): peak = 1526.832 ; gain = 0.000
INFO: [Project 1-111] Unisim Transformation Summary:
No Unisim elements were transformed.

Constraint Validation Runtime : Time (s): cpu = 00:00:00 ; elapsed = 00:00:00.135 . Memory (MB): peak = 1526.953 ; gain = 0.121
---------------------------------------------------------------------------------
Finished Constraint Validation : Time (s): cpu = 00:00:36 ; elapsed = 00:00:46 . Memory (MB): peak = 1526.953 ; gain = 401.043
---------------------------------------------------------------------------------
---------------------------------------------------------------------------------
Start Loading Part and Timing Information
---------------------------------------------------------------------------------
Loading part: xc7z020clg400-1
---------------------------------------------------------------------------------
Finished Loading Part and Timing Information : Time (s): cpu = 00:00:36 ; elapsed = 00:00:46 . Memory (MB): peak = 1526.953 ; gain = 401.043
---------------------------------------------------------------------------------
---------------------------------------------------------------------------------
Start Applying 'set_property' XDC Constraints
---------------------------------------------------------------------------------
Applied set_property KEEP_HIERARCHY = SOFT for U0. (constraint file  D:/Progetti_vivado/FFT_VIDEO/FFT_VIDEO.runs/base_cordic_0_0_synth_1/dont_touch.xdc, line 9).
---------------------------------------------------------------------------------
Finished applying 'set_property' XDC Constraints : Time (s): cpu = 00:00:36 ; elapsed = 00:00:46 . Memory (MB): peak = 1526.953 ; gain = 401.043
---------------------------------------------------------------------------------
---------------------------------------------------------------------------------
Finished RTL Optimization Phase 2 : Time (s): cpu = 00:00:39 ; elapsed = 00:00:49 . Memory (MB): peak = 1526.953 ; gain = 401.043
---------------------------------------------------------------------------------
---------------------------------------------------------------------------------
Start RTL Component Statistics 
---------------------------------------------------------------------------------
---------------------------------------------------------------------------------
Finished RTL Component Statistics 
---------------------------------------------------------------------------------
---------------------------------------------------------------------------------
Start Part Resource Summary
---------------------------------------------------------------------------------
Part Resources:
DSPs: 220 (col length:60)
BRAMs: 280 (col length: RAMB18 60 RAMB36 30)
---------------------------------------------------------------------------------
Finished Part Resource Summary
---------------------------------------------------------------------------------
---------------------------------------------------------------------------------
Start Cross Boundary and Area Optimization
---------------------------------------------------------------------------------
---------------------------------------------------------------------------------
Finished Cross Boundary and Area Optimization : Time (s): cpu = 00:00:42 ; elapsed = 00:00:53 . Memory (MB): peak = 1526.953 ; gain = 401.043
---------------------------------------------------------------------------------
---------------------------------------------------------------------------------
Start Applying XDC Timing Constraints
---------------------------------------------------------------------------------
---------------------------------------------------------------------------------
Finished Applying XDC Timing Constraints : Time (s): cpu = 00:00:48 ; elapsed = 00:00:59 . Memory (MB): peak = 1526.953 ; gain = 401.043
---------------------------------------------------------------------------------
---------------------------------------------------------------------------------
Start Timing Optimization
---------------------------------------------------------------------------------
---------------------------------------------------------------------------------
Finished Timing Optimization : Time (s): cpu = 00:00:48 ; elapsed = 00:00:59 . Memory (MB): peak = 1526.953 ; gain = 401.043
---------------------------------------------------------------------------------
---------------------------------------------------------------------------------
Start Technology Mapping
---------------------------------------------------------------------------------
---------------------------------------------------------------------------------
Finished Technology Mapping : Time (s): cpu = 00:00:49 ; elapsed = 00:01:00 . Memory (MB): peak = 1526.953 ; gain = 401.043
---------------------------------------------------------------------------------
---------------------------------------------------------------------------------
Start IO Insertion
---------------------------------------------------------------------------------
---------------------------------------------------------------------------------
Start Flattening Before IO Insertion
---------------------------------------------------------------------------------
---------------------------------------------------------------------------------
Finished Flattening Before IO Insertion
---------------------------------------------------------------------------------
---------------------------------------------------------------------------------
Start Final Netlist Cleanup
---------------------------------------------------------------------------------
---------------------------------------------------------------------------------
Finished Final Netlist Cleanup
---------------------------------------------------------------------------------
---------------------------------------------------------------------------------
Finished IO Insertion : Time (s): cpu = 00:00:52 ; elapsed = 00:01:03 . Memory (MB): peak = 1526.953 ; gain = 401.043
---------------------------------------------------------------------------------
---------------------------------------------------------------------------------
Start Renaming Generated Instances
---------------------------------------------------------------------------------
---------------------------------------------------------------------------------
Finished Renaming Generated Instances : Time (s): cpu = 00:00:52 ; elapsed = 00:01:03 . Memory (MB): peak = 1526.953 ; gain = 401.043
---------------------------------------------------------------------------------
---------------------------------------------------------------------------------
Start Rebuilding User Hierarchy
---------------------------------------------------------------------------------
---------------------------------------------------------------------------------
Finished Rebuilding User Hierarchy : Time (s): cpu = 00:00:52 ; elapsed = 00:01:03 . Memory (MB): peak = 1526.953 ; gain = 401.043
---------------------------------------------------------------------------------
---------------------------------------------------------------------------------
Start Renaming Generated Ports
---------------------------------------------------------------------------------
---------------------------------------------------------------------------------
Finished Renaming Generated Ports : Time (s): cpu = 00:00:52 ; elapsed = 00:01:03 . Memory (MB): peak = 1526.953 ; gain = 401.043
---------------------------------------------------------------------------------
---------------------------------------------------------------------------------
Start Handling Custom Attributes
---------------------------------------------------------------------------------
---------------------------------------------------------------------------------
Finished Handling Custom Attributes : Time (s): cpu = 00:00:52 ; elapsed = 00:01:03 . Memory (MB): peak = 1526.953 ; gain = 401.043
---------------------------------------------------------------------------------
---------------------------------------------------------------------------------
Start Renaming Generated Nets
---------------------------------------------------------------------------------
---------------------------------------------------------------------------------
Finished Renaming Generated Nets : Time (s): cpu = 00:00:52 ; elapsed = 00:01:03 . Memory (MB): peak = 1526.953 ; gain = 401.043
---------------------------------------------------------------------------------
---------------------------------------------------------------------------------
Start Writing Synthesis Report
---------------------------------------------------------------------------------

Report BlackBoxes: 
+-+--------------+----------+
| |BlackBox name |Instances |
+-+--------------+----------+
+-+--------------+----------+

Report Cell Usage: 
+------+--------+------+
|      |Cell    |Count |
+------+--------+------+
|1     |CARRY4  |     2|
|2     |LUT1    |    95|
|3     |LUT2    |   311|
|4     |LUT3    |   385|
|5     |LUT4    |     2|
|6     |LUT5    |     4|
|7     |LUT6    |     8|
|8     |MUXCY   |   368|
|9     |SRL16E  |    32|
|10    |SRLC32E |    69|
|11    |XORCY   |   342|
|12    |FDRE    |   972|
|13    |FDSE    |     7|
+------+--------+------+
---------------------------------------------------------------------------------
Finished Writing Synthesis Report : Time (s): cpu = 00:00:52 ; elapsed = 00:01:03 . Memory (MB): peak = 1526.953 ; gain = 401.043
---------------------------------------------------------------------------------
Synthesis finished with 0 errors, 0 critical warnings and 0 warnings.
Synthesis Optimization Runtime : Time (s): cpu = 00:00:23 ; elapsed = 00:00:58 . Memory (MB): peak = 1526.953 ; gain = 385.266
Synthesis Optimization Complete : Time (s): cpu = 00:00:53 ; elapsed = 00:01:03 . Memory (MB): peak = 1526.953 ; gain = 401.043
INFO: [Project 1-571] Translating synthesized netlist
Netlist sorting complete. Time (s): cpu = 00:00:00 ; elapsed = 00:00:00.064 . Memory (MB): peak = 1526.953 ; gain = 0.000
INFO: [Netlist 29-17] Analyzing 712 Unisim elements for replacement
INFO: [Netlist 29-28] Unisim Transformation completed in 0 CPU seconds
INFO: [Project 1-570] Preparing netlist for logic optimization
INFO: [Opt 31-138] Pushed 0 inverter(s) to 0 load pin(s).
Netlist sorting complete. Time (s): cpu = 00:00:00 ; elapsed = 00:00:00.002 . Memory (MB): peak = 1526.953 ; gain = 0.000
INFO: [Project 1-111] Unisim Transformation Summary:
  A total of 106 instances were transformed.
  (MUXCY,XORCY) => CARRY4: 106 instances

INFO: [Common 17-83] Releasing license: Synthesis
22 Infos, 0 Warnings, 0 Critical Warnings and 0 Errors encountered.
synth_design completed successfully
synth_design: Time (s): cpu = 00:01:00 ; elapsed = 00:01:31 . Memory (MB): peak = 1526.953 ; gain = 401.043
INFO: [Common 17-1381] The checkpoint 'D:/Progetti_vivado/FFT_VIDEO/FFT_VIDEO.runs/base_cordic_0_0_synth_1/base_cordic_0_0.dcp' has been generated.
WARNING: [Common 17-576] 'use_project_ipc' is deprecated. This option is deprecated and no longer used.
INFO: [Coretcl 2-1648] Added synthesis output to IP cache for IP base_cordic_0_0, cache-ID = 2029d6aee18631de
INFO: [Coretcl 2-1174] Renamed 217 cell refs.
INFO: [Common 17-1381] The checkpoint 'D:/Progetti_vivado/FFT_VIDEO/FFT_VIDEO.runs/base_cordic_0_0_synth_1/base_cordic_0_0.dcp' has been generated.
INFO: [runtcl-4] Executing : report_utilization -file base_cordic_0_0_utilization_synth.rpt -pb base_cordic_0_0_utilization_synth.pb
INFO: [Common 17-206] Exiting Vivado at Fri Apr  2 00:45:49 2021...
