
*** Running vivado
    with args -log base_FFT_config_0_0.vds -m64 -product Vivado -mode batch -messageDb vivado.pb -notrace -source base_FFT_config_0_0.tcl



****** Vivado v2020.2 (64-bit)
  **** SW Build 3064766 on Wed Nov 18 09:12:45 MST 2020
  **** IP Build 3064653 on Wed Nov 18 14:17:31 MST 2020
    ** Copyright 1986-2020 Xilinx, Inc. All Rights Reserved.

source base_FFT_config_0_0.tcl -notrace
create_project: Time (s): cpu = 00:00:03 ; elapsed = 00:00:05 . Memory (MB): peak = 1144.426 ; gain = 0.000
INFO: [IP_Flow 19-234] Refreshing IP repositories
INFO: [IP_Flow 19-1700] Loaded user IP repository 'f:/Test_dma.xpr/Test_dma/Test_dma.ipdefs/ip'.
INFO: [IP_Flow 19-2313] Loaded Vivado IP repository 'D:/Vivado/Vivado/2020.2/data/ip'.
Command: synth_design -top base_FFT_config_0_0 -part xc7z020clg400-1 -mode out_of_context
Starting synth_design
WARNING: [IP_Flow 19-3571] IP 'base_FFT_config_0_0' is restricted:
* Module reference is stale and needs refreshing.
Attempting to get a license for feature 'Synthesis' and/or device 'xc7z020'
INFO: [Common 17-349] Got license for feature 'Synthesis' and/or device 'xc7z020'
INFO: [Device 21-403] Loading part xc7z020clg400-1
INFO: [Synth 8-7079] Multithreading enabled for synth_design using a maximum of 2 processes.
INFO: [Synth 8-7078] Launching helper process for spawning children vivado processes
INFO: [Synth 8-7075] Helper process launched with PID 16500
---------------------------------------------------------------------------------
Starting RTL Elaboration : Time (s): cpu = 00:00:05 ; elapsed = 00:00:12 . Memory (MB): peak = 1176.820 ; gain = 32.395
---------------------------------------------------------------------------------
INFO: [Synth 8-6157] synthesizing module 'base_FFT_config_0_0' [d:/Progetti_vivado/FFT_VIDEO/FFT_VIDEO.srcs/sources_1/bd/base/ip/base_FFT_config_0_0/synth/base_FFT_config_0_0.v:58]
INFO: [Synth 8-6157] synthesizing module 'FFT_config' [D:/Progetti_vivado/FFT_VIDEO/FFT_VIDEO.srcs/sources_1/imports/new/FFT_config.v:23]
	Parameter AXIS_CONFIG_WIDTH bound to: 16 - type: integer 
	Parameter wait_btn bound to: 3'b000 
	Parameter send_data bound to: 3'b001 
INFO: [Synth 8-155] case statement is not full and has no default [D:/Progetti_vivado/FFT_VIDEO/FFT_VIDEO.srcs/sources_1/imports/new/FFT_config.v:50]
INFO: [Synth 8-155] case statement is not full and has no default [D:/Progetti_vivado/FFT_VIDEO/FFT_VIDEO.srcs/sources_1/imports/new/FFT_config.v:73]
WARNING: [Synth 8-567] referenced signal 'btn' should be on the sensitivity list [D:/Progetti_vivado/FFT_VIDEO/FFT_VIDEO.srcs/sources_1/imports/new/FFT_config.v:65]
INFO: [Synth 8-6155] done synthesizing module 'FFT_config' (1#1) [D:/Progetti_vivado/FFT_VIDEO/FFT_VIDEO.srcs/sources_1/imports/new/FFT_config.v:23]
INFO: [Synth 8-6155] done synthesizing module 'base_FFT_config_0_0' (2#1) [d:/Progetti_vivado/FFT_VIDEO/FFT_VIDEO.srcs/sources_1/bd/base/ip/base_FFT_config_0_0/synth/base_FFT_config_0_0.v:58]
---------------------------------------------------------------------------------
Finished RTL Elaboration : Time (s): cpu = 00:00:06 ; elapsed = 00:00:20 . Memory (MB): peak = 1233.645 ; gain = 89.219
---------------------------------------------------------------------------------
---------------------------------------------------------------------------------
Start Handling Custom Attributes
---------------------------------------------------------------------------------
---------------------------------------------------------------------------------
Finished Handling Custom Attributes : Time (s): cpu = 00:00:07 ; elapsed = 00:00:21 . Memory (MB): peak = 1233.645 ; gain = 89.219
---------------------------------------------------------------------------------
---------------------------------------------------------------------------------
Finished RTL Optimization Phase 1 : Time (s): cpu = 00:00:07 ; elapsed = 00:00:21 . Memory (MB): peak = 1233.645 ; gain = 89.219
---------------------------------------------------------------------------------
Netlist sorting complete. Time (s): cpu = 00:00:00 ; elapsed = 00:00:00.001 . Memory (MB): peak = 1233.645 ; gain = 0.000
INFO: [Project 1-570] Preparing netlist for logic optimization

Processing XDC Constraints
Initializing timing engine
Completed Processing XDC Constraints

Netlist sorting complete. Time (s): cpu = 00:00:00 ; elapsed = 00:00:00 . Memory (MB): peak = 1321.961 ; gain = 0.000
INFO: [Project 1-111] Unisim Transformation Summary:
No Unisim elements were transformed.

Constraint Validation Runtime : Time (s): cpu = 00:00:00 ; elapsed = 00:00:00.132 . Memory (MB): peak = 1322.020 ; gain = 0.059
---------------------------------------------------------------------------------
Finished Constraint Validation : Time (s): cpu = 00:00:13 ; elapsed = 00:00:29 . Memory (MB): peak = 1322.020 ; gain = 177.594
---------------------------------------------------------------------------------
---------------------------------------------------------------------------------
Start Loading Part and Timing Information
---------------------------------------------------------------------------------
Loading part: xc7z020clg400-1
---------------------------------------------------------------------------------
Finished Loading Part and Timing Information : Time (s): cpu = 00:00:13 ; elapsed = 00:00:29 . Memory (MB): peak = 1322.020 ; gain = 177.594
---------------------------------------------------------------------------------
---------------------------------------------------------------------------------
Start Applying 'set_property' XDC Constraints
---------------------------------------------------------------------------------
---------------------------------------------------------------------------------
Finished applying 'set_property' XDC Constraints : Time (s): cpu = 00:00:13 ; elapsed = 00:00:29 . Memory (MB): peak = 1322.020 ; gain = 177.594
---------------------------------------------------------------------------------
INFO: [Synth 8-802] inferred FSM for state register 'state_Curr_reg' in module 'FFT_config'
---------------------------------------------------------------------------------------------------
                   State |                     New Encoding |                Previous Encoding 
---------------------------------------------------------------------------------------------------
                wait_btn |                                0 |                              000
               send_data |                                1 |                              001
---------------------------------------------------------------------------------------------------
INFO: [Synth 8-3354] encoded FSM with state register 'state_Curr_reg' using encoding 'sequential' in module 'FFT_config'
---------------------------------------------------------------------------------
Finished RTL Optimization Phase 2 : Time (s): cpu = 00:00:13 ; elapsed = 00:00:30 . Memory (MB): peak = 1322.020 ; gain = 177.594
---------------------------------------------------------------------------------
---------------------------------------------------------------------------------
Start RTL Component Statistics 
---------------------------------------------------------------------------------
Detailed RTL Component Info : 
+---Registers : 
	               16 Bit    Registers := 1     
	                1 Bit    Registers := 1     
+---Muxes : 
	   2 Input    3 Bit        Muxes := 1     
	   2 Input    1 Bit        Muxes := 2     
---------------------------------------------------------------------------------
Finished RTL Component Statistics 
---------------------------------------------------------------------------------
---------------------------------------------------------------------------------
Start Part Resource Summary
---------------------------------------------------------------------------------
Part Resources:
DSPs: 220 (col length:60)
BRAMs: 280 (col length: RAMB18 60 RAMB36 30)
---------------------------------------------------------------------------------
Finished Part Resource Summary
---------------------------------------------------------------------------------
---------------------------------------------------------------------------------
Start Cross Boundary and Area Optimization
---------------------------------------------------------------------------------
---------------------------------------------------------------------------------
Finished Cross Boundary and Area Optimization : Time (s): cpu = 00:00:15 ; elapsed = 00:00:32 . Memory (MB): peak = 1322.020 ; gain = 177.594
---------------------------------------------------------------------------------
---------------------------------------------------------------------------------
Start Applying XDC Timing Constraints
---------------------------------------------------------------------------------
---------------------------------------------------------------------------------
Finished Applying XDC Timing Constraints : Time (s): cpu = 00:00:22 ; elapsed = 00:00:39 . Memory (MB): peak = 1324.414 ; gain = 179.988
---------------------------------------------------------------------------------
---------------------------------------------------------------------------------
Start Timing Optimization
---------------------------------------------------------------------------------
---------------------------------------------------------------------------------
Finished Timing Optimization : Time (s): cpu = 00:00:22 ; elapsed = 00:00:39 . Memory (MB): peak = 1324.414 ; gain = 179.988
---------------------------------------------------------------------------------
---------------------------------------------------------------------------------
Start Technology Mapping
---------------------------------------------------------------------------------
---------------------------------------------------------------------------------
Finished Technology Mapping : Time (s): cpu = 00:00:22 ; elapsed = 00:00:39 . Memory (MB): peak = 1343.535 ; gain = 199.109
---------------------------------------------------------------------------------
---------------------------------------------------------------------------------
Start IO Insertion
---------------------------------------------------------------------------------
---------------------------------------------------------------------------------
Start Flattening Before IO Insertion
---------------------------------------------------------------------------------
---------------------------------------------------------------------------------
Finished Flattening Before IO Insertion
---------------------------------------------------------------------------------
---------------------------------------------------------------------------------
Start Final Netlist Cleanup
---------------------------------------------------------------------------------
---------------------------------------------------------------------------------
Finished Final Netlist Cleanup
---------------------------------------------------------------------------------
---------------------------------------------------------------------------------
Finished IO Insertion : Time (s): cpu = 00:00:26 ; elapsed = 00:00:43 . Memory (MB): peak = 1349.312 ; gain = 204.887
---------------------------------------------------------------------------------
---------------------------------------------------------------------------------
Start Renaming Generated Instances
---------------------------------------------------------------------------------
---------------------------------------------------------------------------------
Finished Renaming Generated Instances : Time (s): cpu = 00:00:26 ; elapsed = 00:00:43 . Memory (MB): peak = 1349.312 ; gain = 204.887
---------------------------------------------------------------------------------
---------------------------------------------------------------------------------
Start Rebuilding User Hierarchy
---------------------------------------------------------------------------------
---------------------------------------------------------------------------------
Finished Rebuilding User Hierarchy : Time (s): cpu = 00:00:26 ; elapsed = 00:00:43 . Memory (MB): peak = 1349.312 ; gain = 204.887
---------------------------------------------------------------------------------
---------------------------------------------------------------------------------
Start Renaming Generated Ports
---------------------------------------------------------------------------------
---------------------------------------------------------------------------------
Finished Renaming Generated Ports : Time (s): cpu = 00:00:26 ; elapsed = 00:00:43 . Memory (MB): peak = 1349.312 ; gain = 204.887
---------------------------------------------------------------------------------
---------------------------------------------------------------------------------
Start Handling Custom Attributes
---------------------------------------------------------------------------------
---------------------------------------------------------------------------------
Finished Handling Custom Attributes : Time (s): cpu = 00:00:26 ; elapsed = 00:00:43 . Memory (MB): peak = 1349.312 ; gain = 204.887
---------------------------------------------------------------------------------
---------------------------------------------------------------------------------
Start Renaming Generated Nets
---------------------------------------------------------------------------------
---------------------------------------------------------------------------------
Finished Renaming Generated Nets : Time (s): cpu = 00:00:26 ; elapsed = 00:00:43 . Memory (MB): peak = 1349.312 ; gain = 204.887
---------------------------------------------------------------------------------
---------------------------------------------------------------------------------
Start Writing Synthesis Report
---------------------------------------------------------------------------------

Report BlackBoxes: 
+-+--------------+----------+
| |BlackBox name |Instances |
+-+--------------+----------+
+-+--------------+----------+

Report Cell Usage: 
+------+-----+------+
|      |Cell |Count |
+------+-----+------+
|1     |LUT3 |     1|
|2     |FDRE |    18|
+------+-----+------+
---------------------------------------------------------------------------------
Finished Writing Synthesis Report : Time (s): cpu = 00:00:26 ; elapsed = 00:00:43 . Memory (MB): peak = 1349.312 ; gain = 204.887
---------------------------------------------------------------------------------
Synthesis finished with 0 errors, 0 critical warnings and 0 warnings.
Synthesis Optimization Runtime : Time (s): cpu = 00:00:17 ; elapsed = 00:00:39 . Memory (MB): peak = 1349.312 ; gain = 116.512
Synthesis Optimization Complete : Time (s): cpu = 00:00:26 ; elapsed = 00:00:43 . Memory (MB): peak = 1349.312 ; gain = 204.887
INFO: [Project 1-571] Translating synthesized netlist
Netlist sorting complete. Time (s): cpu = 00:00:00 ; elapsed = 00:00:00.001 . Memory (MB): peak = 1361.340 ; gain = 0.000
INFO: [Project 1-570] Preparing netlist for logic optimization
INFO: [Opt 31-138] Pushed 0 inverter(s) to 0 load pin(s).
Netlist sorting complete. Time (s): cpu = 00:00:00 ; elapsed = 00:00:00 . Memory (MB): peak = 1367.957 ; gain = 0.000
INFO: [Project 1-111] Unisim Transformation Summary:
No Unisim elements were transformed.

INFO: [Common 17-83] Releasing license: Synthesis
23 Infos, 2 Warnings, 0 Critical Warnings and 0 Errors encountered.
synth_design completed successfully
synth_design: Time (s): cpu = 00:00:33 ; elapsed = 00:00:54 . Memory (MB): peak = 1367.957 ; gain = 223.531
INFO: [Common 17-1381] The checkpoint 'D:/Progetti_vivado/FFT_VIDEO/FFT_VIDEO.runs/base_FFT_config_0_0_synth_1/base_FFT_config_0_0.dcp' has been generated.
WARNING: [Common 17-576] 'use_project_ipc' is deprecated. This option is deprecated and no longer used.
INFO: [Common 17-1381] The checkpoint 'D:/Progetti_vivado/FFT_VIDEO/FFT_VIDEO.runs/base_FFT_config_0_0_synth_1/base_FFT_config_0_0.dcp' has been generated.
INFO: [runtcl-4] Executing : report_utilization -file base_FFT_config_0_0_utilization_synth.rpt -pb base_FFT_config_0_0_utilization_synth.pb
INFO: [Common 17-206] Exiting Vivado at Fri Apr  2 13:49:31 2021...
