
*** Running vivado
    with args -log base_Ext_Mod_L_0.vds -m64 -product Vivado -mode batch -messageDb vivado.pb -notrace -source base_Ext_Mod_L_0.tcl



****** Vivado v2020.2 (64-bit)
  **** SW Build 3064766 on Wed Nov 18 09:12:45 MST 2020
  **** IP Build 3064653 on Wed Nov 18 14:17:31 MST 2020
    ** Copyright 1986-2020 Xilinx, Inc. All Rights Reserved.

source base_Ext_Mod_L_0.tcl -notrace
create_project: Time (s): cpu = 00:00:02 ; elapsed = 00:00:05 . Memory (MB): peak = 1110.070 ; gain = 0.000
INFO: [IP_Flow 19-234] Refreshing IP repositories
INFO: [IP_Flow 19-1700] Loaded user IP repository 'g:/Vivado/FFT_VIDEO/FFT_VIDEO_2048.xpr/FFT_VIDEO_2048/FFT_VIDEO_2048.ipdefs/ip'.
INFO: [IP_Flow 19-2313] Loaded Vivado IP repository 'D:/Vivado/Vivado/2020.2/data/ip'.
Command: synth_design -top base_Ext_Mod_L_0 -part xc7z020clg400-1 -mode out_of_context
Starting synth_design
WARNING: [IP_Flow 19-3571] IP 'base_Ext_Mod_L_0' is restricted:
* Module reference is stale and needs refreshing.
Attempting to get a license for feature 'Synthesis' and/or device 'xc7z020'
INFO: [Common 17-349] Got license for feature 'Synthesis' and/or device 'xc7z020'
INFO: [Device 21-403] Loading part xc7z020clg400-1
INFO: [Synth 8-7079] Multithreading enabled for synth_design using a maximum of 2 processes.
INFO: [Synth 8-7078] Launching helper process for spawning children vivado processes
INFO: [Synth 8-7075] Helper process launched with PID 23988
---------------------------------------------------------------------------------
Starting RTL Elaboration : Time (s): cpu = 00:00:06 ; elapsed = 00:00:11 . Memory (MB): peak = 1175.836 ; gain = 65.766
---------------------------------------------------------------------------------
INFO: [Synth 8-6157] synthesizing module 'base_Ext_Mod_L_0' [g:/Vivado/FFT_VIDEO/FFT_VIDEO_2048.xpr/FFT_VIDEO_2048/FFT_VIDEO_2048.srcs/sources_1/bd/base/ip/base_Ext_Mod_L_0/synth/base_Ext_Mod_L_0.v:58]
INFO: [Synth 8-6157] synthesizing module 'Ext_Mod' [G:/Vivado/FFT_VIDEO/FFT_VIDEO_2048.xpr/FFT_VIDEO_2048/FFT_VIDEO_2048.srcs/sources_1/new/Ext_Mod.v:22]
	Parameter IN_WIDTH_RE bound to: 24 - type: integer 
	Parameter IN_WIDTH_IM bound to: 24 - type: integer 
	Parameter TUSER_WIDTH bound to: 16 - type: integer 
	Parameter AXIS_DATA_WIDTH_OUT bound to: 48 - type: integer 
	Parameter N_AUDIO_CH bound to: 1 - type: integer 
	Parameter wait_for_data bound to: 3'b000 
	Parameter mult_data bound to: 3'b001 
INFO: [Synth 8-155] case statement is not full and has no default [G:/Vivado/FFT_VIDEO/FFT_VIDEO_2048.xpr/FFT_VIDEO_2048/FFT_VIDEO_2048.srcs/sources_1/new/Ext_Mod.v:81]
INFO: [Synth 8-155] case statement is not full and has no default [G:/Vivado/FFT_VIDEO/FFT_VIDEO_2048.xpr/FFT_VIDEO_2048/FFT_VIDEO_2048.srcs/sources_1/new/Ext_Mod.v:111]
INFO: [Synth 8-6155] done synthesizing module 'Ext_Mod' (1#1) [G:/Vivado/FFT_VIDEO/FFT_VIDEO_2048.xpr/FFT_VIDEO_2048/FFT_VIDEO_2048.srcs/sources_1/new/Ext_Mod.v:22]
INFO: [Synth 8-6155] done synthesizing module 'base_Ext_Mod_L_0' (2#1) [g:/Vivado/FFT_VIDEO/FFT_VIDEO_2048.xpr/FFT_VIDEO_2048/FFT_VIDEO_2048.srcs/sources_1/bd/base/ip/base_Ext_Mod_L_0/synth/base_Ext_Mod_L_0.v:58]
---------------------------------------------------------------------------------
Finished RTL Elaboration : Time (s): cpu = 00:00:07 ; elapsed = 00:00:17 . Memory (MB): peak = 1232.547 ; gain = 122.477
---------------------------------------------------------------------------------
---------------------------------------------------------------------------------
Start Handling Custom Attributes
---------------------------------------------------------------------------------
---------------------------------------------------------------------------------
Finished Handling Custom Attributes : Time (s): cpu = 00:00:08 ; elapsed = 00:00:18 . Memory (MB): peak = 1232.547 ; gain = 122.477
---------------------------------------------------------------------------------
---------------------------------------------------------------------------------
Finished RTL Optimization Phase 1 : Time (s): cpu = 00:00:08 ; elapsed = 00:00:18 . Memory (MB): peak = 1232.547 ; gain = 122.477
---------------------------------------------------------------------------------
Netlist sorting complete. Time (s): cpu = 00:00:00 ; elapsed = 00:00:00.007 . Memory (MB): peak = 1232.547 ; gain = 0.000
INFO: [Project 1-570] Preparing netlist for logic optimization

Processing XDC Constraints
Initializing timing engine
Completed Processing XDC Constraints

Netlist sorting complete. Time (s): cpu = 00:00:00 ; elapsed = 00:00:00 . Memory (MB): peak = 1321.426 ; gain = 0.000
INFO: [Project 1-111] Unisim Transformation Summary:
No Unisim elements were transformed.

Constraint Validation Runtime : Time (s): cpu = 00:00:00 ; elapsed = 00:00:00.579 . Memory (MB): peak = 1321.426 ; gain = 0.000
---------------------------------------------------------------------------------
Finished Constraint Validation : Time (s): cpu = 00:00:16 ; elapsed = 00:00:36 . Memory (MB): peak = 1321.426 ; gain = 211.355
---------------------------------------------------------------------------------
---------------------------------------------------------------------------------
Start Loading Part and Timing Information
---------------------------------------------------------------------------------
Loading part: xc7z020clg400-1
---------------------------------------------------------------------------------
Finished Loading Part and Timing Information : Time (s): cpu = 00:00:16 ; elapsed = 00:00:36 . Memory (MB): peak = 1321.426 ; gain = 211.355
---------------------------------------------------------------------------------
---------------------------------------------------------------------------------
Start Applying 'set_property' XDC Constraints
---------------------------------------------------------------------------------
---------------------------------------------------------------------------------
Finished applying 'set_property' XDC Constraints : Time (s): cpu = 00:00:16 ; elapsed = 00:00:36 . Memory (MB): peak = 1321.426 ; gain = 211.355
---------------------------------------------------------------------------------
WARNING: [Synth 8-327] inferring latch for variable 'data_IM_reg' [G:/Vivado/FFT_VIDEO/FFT_VIDEO_2048.xpr/FFT_VIDEO_2048/FFT_VIDEO_2048.srcs/sources_1/new/Ext_Mod.v:119]
WARNING: [Synth 8-327] inferring latch for variable 'data_RE_reg' [G:/Vivado/FFT_VIDEO/FFT_VIDEO_2048.xpr/FFT_VIDEO_2048/FFT_VIDEO_2048.srcs/sources_1/new/Ext_Mod.v:118]
WARNING: [Synth 8-327] inferring latch for variable 'tuser_buffer_reg' [G:/Vivado/FFT_VIDEO/FFT_VIDEO_2048.xpr/FFT_VIDEO_2048/FFT_VIDEO_2048.srcs/sources_1/new/Ext_Mod.v:120]
WARNING: [Synth 8-327] inferring latch for variable 'tlast_buffer_reg' [G:/Vivado/FFT_VIDEO/FFT_VIDEO_2048.xpr/FFT_VIDEO_2048/FFT_VIDEO_2048.srcs/sources_1/new/Ext_Mod.v:121]
---------------------------------------------------------------------------------
Finished RTL Optimization Phase 2 : Time (s): cpu = 00:00:16 ; elapsed = 00:00:37 . Memory (MB): peak = 1321.426 ; gain = 211.355
---------------------------------------------------------------------------------
---------------------------------------------------------------------------------
Start RTL Component Statistics 
---------------------------------------------------------------------------------
Detailed RTL Component Info : 
+---Adders : 
	   2 Input   48 Bit       Adders := 1     
+---Registers : 
	               48 Bit    Registers := 1     
	               16 Bit    Registers := 1     
	                3 Bit    Registers := 1     
	                1 Bit    Registers := 3     
+---Muxes : 
	   2 Input    3 Bit        Muxes := 23    
	   2 Input    1 Bit        Muxes := 15    
---------------------------------------------------------------------------------
Finished RTL Component Statistics 
---------------------------------------------------------------------------------
---------------------------------------------------------------------------------
Start Part Resource Summary
---------------------------------------------------------------------------------
Part Resources:
DSPs: 220 (col length:60)
BRAMs: 280 (col length: RAMB18 60 RAMB36 30)
---------------------------------------------------------------------------------
Finished Part Resource Summary
---------------------------------------------------------------------------------
---------------------------------------------------------------------------------
Start Cross Boundary and Area Optimization
---------------------------------------------------------------------------------
DSP Report: Generating DSP inst/m_axis_tdata1, operation Mode is: A*B.
DSP Report: operator inst/m_axis_tdata1 is absorbed into DSP inst/m_axis_tdata1.
DSP Report: operator inst/m_axis_tdata1 is absorbed into DSP inst/m_axis_tdata1.
DSP Report: Generating DSP inst/m_axis_tdata1, operation Mode is: (PCIN>>17)+A*B.
DSP Report: operator inst/m_axis_tdata1 is absorbed into DSP inst/m_axis_tdata1.
DSP Report: operator inst/m_axis_tdata1 is absorbed into DSP inst/m_axis_tdata1.
DSP Report: Generating DSP inst/m_axis_tdata1, operation Mode is: A*B.
DSP Report: operator inst/m_axis_tdata1 is absorbed into DSP inst/m_axis_tdata1.
DSP Report: operator inst/m_axis_tdata1 is absorbed into DSP inst/m_axis_tdata1.
DSP Report: Generating DSP inst/m_axis_tdata1, operation Mode is: (PCIN>>17)+A*B.
DSP Report: operator inst/m_axis_tdata1 is absorbed into DSP inst/m_axis_tdata1.
DSP Report: operator inst/m_axis_tdata1 is absorbed into DSP inst/m_axis_tdata1.
---------------------------------------------------------------------------------
Finished Cross Boundary and Area Optimization : Time (s): cpu = 00:00:19 ; elapsed = 00:00:40 . Memory (MB): peak = 1321.426 ; gain = 211.355
---------------------------------------------------------------------------------
---------------------------------------------------------------------------------
Start ROM, RAM, DSP, Shift Register and Retiming Reporting
---------------------------------------------------------------------------------

DSP: Preliminary Mapping	Report (see note below)
+------------+----------------+--------+--------+--------+--------+--------+------+------+------+------+-------+------+------+
|Module Name | DSP Mapping    | A Size | B Size | C Size | D Size | P Size | AREG | BREG | CREG | DREG | ADREG | MREG | PREG | 
+------------+----------------+--------+--------+--------+--------+--------+------+------+------+------+-------+------+------+
|Ext_Mod     | A*B            | 24     | 18     | -      | -      | 48     | 0    | 0    | -    | -    | -     | 0    | 0    | 
|Ext_Mod     | (PCIN>>17)+A*B | 24     | 7      | -      | -      | 31     | 0    | 0    | -    | -    | -     | 0    | 0    | 
|Ext_Mod     | A*B            | 24     | 18     | -      | -      | 48     | 0    | 0    | -    | -    | -     | 0    | 0    | 
|Ext_Mod     | (PCIN>>17)+A*B | 24     | 7      | -      | -      | 31     | 0    | 0    | -    | -    | -     | 0    | 0    | 
+------------+----------------+--------+--------+--------+--------+--------+------+------+------+------+-------+------+------+

Note: The table above is a preliminary report that shows the DSPs inferred at the current stage of the synthesis flow. Some DSP may be reimplemented as non DSP primitives later in the synthesis flow. Multiple instantiated DSPs are reported only once.
---------------------------------------------------------------------------------
Finished ROM, RAM, DSP, Shift Register and Retiming Reporting
---------------------------------------------------------------------------------
---------------------------------------------------------------------------------
Start Applying XDC Timing Constraints
---------------------------------------------------------------------------------
---------------------------------------------------------------------------------
Finished Applying XDC Timing Constraints : Time (s): cpu = 00:00:33 ; elapsed = 00:00:53 . Memory (MB): peak = 1366.184 ; gain = 256.113
---------------------------------------------------------------------------------
---------------------------------------------------------------------------------
Start Timing Optimization
---------------------------------------------------------------------------------
---------------------------------------------------------------------------------
Finished Timing Optimization : Time (s): cpu = 00:00:33 ; elapsed = 00:00:53 . Memory (MB): peak = 1366.336 ; gain = 256.266
---------------------------------------------------------------------------------
---------------------------------------------------------------------------------
Start Technology Mapping
---------------------------------------------------------------------------------
---------------------------------------------------------------------------------
Finished Technology Mapping : Time (s): cpu = 00:00:33 ; elapsed = 00:00:54 . Memory (MB): peak = 1385.445 ; gain = 275.375
---------------------------------------------------------------------------------
---------------------------------------------------------------------------------
Start IO Insertion
---------------------------------------------------------------------------------
---------------------------------------------------------------------------------
Start Flattening Before IO Insertion
---------------------------------------------------------------------------------
---------------------------------------------------------------------------------
Finished Flattening Before IO Insertion
---------------------------------------------------------------------------------
---------------------------------------------------------------------------------
Start Final Netlist Cleanup
---------------------------------------------------------------------------------
---------------------------------------------------------------------------------
Finished Final Netlist Cleanup
---------------------------------------------------------------------------------
---------------------------------------------------------------------------------
Finished IO Insertion : Time (s): cpu = 00:00:36 ; elapsed = 00:00:57 . Memory (MB): peak = 1392.219 ; gain = 282.148
---------------------------------------------------------------------------------
---------------------------------------------------------------------------------
Start Renaming Generated Instances
---------------------------------------------------------------------------------
---------------------------------------------------------------------------------
Finished Renaming Generated Instances : Time (s): cpu = 00:00:36 ; elapsed = 00:00:57 . Memory (MB): peak = 1392.219 ; gain = 282.148
---------------------------------------------------------------------------------
---------------------------------------------------------------------------------
Start Rebuilding User Hierarchy
---------------------------------------------------------------------------------
---------------------------------------------------------------------------------
Finished Rebuilding User Hierarchy : Time (s): cpu = 00:00:36 ; elapsed = 00:00:57 . Memory (MB): peak = 1392.219 ; gain = 282.148
---------------------------------------------------------------------------------
---------------------------------------------------------------------------------
Start Renaming Generated Ports
---------------------------------------------------------------------------------
---------------------------------------------------------------------------------
Finished Renaming Generated Ports : Time (s): cpu = 00:00:36 ; elapsed = 00:00:57 . Memory (MB): peak = 1392.219 ; gain = 282.148
---------------------------------------------------------------------------------
---------------------------------------------------------------------------------
Start Handling Custom Attributes
---------------------------------------------------------------------------------
---------------------------------------------------------------------------------
Finished Handling Custom Attributes : Time (s): cpu = 00:00:36 ; elapsed = 00:00:57 . Memory (MB): peak = 1392.219 ; gain = 282.148
---------------------------------------------------------------------------------
---------------------------------------------------------------------------------
Start Renaming Generated Nets
---------------------------------------------------------------------------------
---------------------------------------------------------------------------------
Finished Renaming Generated Nets : Time (s): cpu = 00:00:36 ; elapsed = 00:00:57 . Memory (MB): peak = 1392.219 ; gain = 282.148
---------------------------------------------------------------------------------
---------------------------------------------------------------------------------
Start Writing Synthesis Report
---------------------------------------------------------------------------------

Report BlackBoxes: 
+-+--------------+----------+
| |BlackBox name |Instances |
+-+--------------+----------+
+-+--------------+----------+

Report Cell Usage: 
+------+--------+------+
|      |Cell    |Count |
+------+--------+------+
|1     |CARRY4  |    12|
|2     |DSP48E1 |     4|
|3     |LUT1    |     1|
|4     |LUT2    |    48|
|5     |LUT3    |     1|
|6     |LUT4    |     1|
|7     |LUT5    |     2|
|8     |FDRE    |    68|
|9     |LD      |    65|
+------+--------+------+
---------------------------------------------------------------------------------
Finished Writing Synthesis Report : Time (s): cpu = 00:00:36 ; elapsed = 00:00:57 . Memory (MB): peak = 1392.219 ; gain = 282.148
---------------------------------------------------------------------------------
Synthesis finished with 0 errors, 0 critical warnings and 4 warnings.
Synthesis Optimization Runtime : Time (s): cpu = 00:00:27 ; elapsed = 00:00:47 . Memory (MB): peak = 1392.219 ; gain = 193.270
Synthesis Optimization Complete : Time (s): cpu = 00:00:37 ; elapsed = 00:00:57 . Memory (MB): peak = 1392.219 ; gain = 282.148
INFO: [Project 1-571] Translating synthesized netlist
Netlist sorting complete. Time (s): cpu = 00:00:00 ; elapsed = 00:00:00.010 . Memory (MB): peak = 1404.281 ; gain = 0.000
INFO: [Netlist 29-17] Analyzing 81 Unisim elements for replacement
INFO: [Netlist 29-28] Unisim Transformation completed in 0 CPU seconds
INFO: [Project 1-570] Preparing netlist for logic optimization
INFO: [Opt 31-138] Pushed 1 inverter(s) to 65 load pin(s).
Netlist sorting complete. Time (s): cpu = 00:00:00 ; elapsed = 00:00:00 . Memory (MB): peak = 1404.281 ; gain = 0.000
INFO: [Project 1-111] Unisim Transformation Summary:
  A total of 65 instances were transformed.
  LD => LDCE (inverted pins: G): 65 instances

INFO: [Common 17-83] Releasing license: Synthesis
23 Infos, 5 Warnings, 0 Critical Warnings and 0 Errors encountered.
synth_design completed successfully
synth_design: Time (s): cpu = 00:00:44 ; elapsed = 00:01:10 . Memory (MB): peak = 1404.281 ; gain = 294.211
INFO: [Common 17-1381] The checkpoint 'G:/Vivado/FFT_VIDEO/FFT_VIDEO_2048.xpr/FFT_VIDEO_2048/FFT_VIDEO_2048.runs/base_Ext_Mod_L_0_synth_1/base_Ext_Mod_L_0.dcp' has been generated.
WARNING: [Common 17-576] 'use_project_ipc' is deprecated. This option is deprecated and no longer used.
INFO: [Common 17-1381] The checkpoint 'G:/Vivado/FFT_VIDEO/FFT_VIDEO_2048.xpr/FFT_VIDEO_2048/FFT_VIDEO_2048.runs/base_Ext_Mod_L_0_synth_1/base_Ext_Mod_L_0.dcp' has been generated.
INFO: [runtcl-4] Executing : report_utilization -file base_Ext_Mod_L_0_utilization_synth.rpt -pb base_Ext_Mod_L_0_utilization_synth.pb
INFO: [Common 17-206] Exiting Vivado at Sat Jul 10 21:15:49 2021...
