
*** Running vivado
    with args -log base_xfft_0_0.vds -m64 -product Vivado -mode batch -messageDb vivado.pb -notrace -source base_xfft_0_0.tcl



****** Vivado v2020.2 (64-bit)
  **** SW Build 3064766 on Wed Nov 18 09:12:45 MST 2020
  **** IP Build 3064653 on Wed Nov 18 14:17:31 MST 2020
    ** Copyright 1986-2020 Xilinx, Inc. All Rights Reserved.

source base_xfft_0_0.tcl -notrace
INFO: [IP_Flow 19-234] Refreshing IP repositories
INFO: [IP_Flow 19-1700] Loaded user IP repository 'g:/Vivado/FFT_VIDEO/FFT_VIDEO/FFT_VIDEO.ipdefs/ip'.
INFO: [IP_Flow 19-2313] Loaded Vivado IP repository 'D:/Vivado/Vivado/2020.2/data/ip'.
Command: synth_design -top base_xfft_0_0 -part xc7z020clg400-1 -mode out_of_context
Starting synth_design
Attempting to get a license for feature 'Synthesis' and/or device 'xc7z020'
INFO: [Common 17-349] Got license for feature 'Synthesis' and/or device 'xc7z020'
INFO: [Device 21-403] Loading part xc7z020clg400-1
INFO: [Synth 8-7079] Multithreading enabled for synth_design using a maximum of 2 processes.
INFO: [Synth 8-7078] Launching helper process for spawning children vivado processes
INFO: [Synth 8-7075] Helper process launched with PID 14572
---------------------------------------------------------------------------------
Starting RTL Elaboration : Time (s): cpu = 00:00:08 ; elapsed = 00:00:13 . Memory (MB): peak = 1177.207 ; gain = 33.035
---------------------------------------------------------------------------------
INFO: [Synth 8-638] synthesizing module 'base_xfft_0_0' [g:/Vivado/FFT_VIDEO/FFT_VIDEO_2048/FFT_VIDEO_2048.srcs/sources_1/bd/base/ip/base_xfft_0_0/synth/base_xfft_0_0.vhd:84]
	Parameter C_XDEVICEFAMILY bound to: zynq - type: string 
	Parameter C_PART bound to: xc7z020clg400-1 - type: string 
	Parameter C_S_AXIS_CONFIG_TDATA_WIDTH bound to: 16 - type: integer 
	Parameter C_S_AXIS_DATA_TDATA_WIDTH bound to: 48 - type: integer 
	Parameter C_M_AXIS_DATA_TDATA_WIDTH bound to: 48 - type: integer 
	Parameter C_M_AXIS_DATA_TUSER_WIDTH bound to: 16 - type: integer 
	Parameter C_M_AXIS_STATUS_TDATA_WIDTH bound to: 1 - type: integer 
	Parameter C_THROTTLE_SCHEME bound to: 1 - type: integer 
	Parameter C_CHANNELS bound to: 1 - type: integer 
	Parameter C_NFFT_MAX bound to: 11 - type: integer 
	Parameter C_ARCH bound to: 3 - type: integer 
	Parameter C_HAS_NFFT bound to: 0 - type: integer 
	Parameter C_USE_FLT_PT bound to: 0 - type: integer 
	Parameter C_INPUT_WIDTH bound to: 24 - type: integer 
	Parameter C_TWIDDLE_WIDTH bound to: 24 - type: integer 
	Parameter C_OUTPUT_WIDTH bound to: 24 - type: integer 
	Parameter C_HAS_SCALING bound to: 1 - type: integer 
	Parameter C_HAS_BFP bound to: 0 - type: integer 
	Parameter C_HAS_ROUNDING bound to: 0 - type: integer 
	Parameter C_HAS_ACLKEN bound to: 0 - type: integer 
	Parameter C_HAS_ARESETN bound to: 1 - type: integer 
	Parameter C_HAS_OVFLO bound to: 0 - type: integer 
	Parameter C_HAS_NATURAL_INPUT bound to: 1 - type: integer 
	Parameter C_HAS_NATURAL_OUTPUT bound to: 1 - type: integer 
	Parameter C_HAS_CYCLIC_PREFIX bound to: 0 - type: integer 
	Parameter C_HAS_XK_INDEX bound to: 1 - type: integer 
	Parameter C_DATA_MEM_TYPE bound to: 1 - type: integer 
	Parameter C_TWIDDLE_MEM_TYPE bound to: 1 - type: integer 
	Parameter C_BRAM_STAGES bound to: 4 - type: integer 
	Parameter C_REORDER_MEM_TYPE bound to: 1 - type: integer 
	Parameter C_USE_HYBRID_RAM bound to: 0 - type: integer 
	Parameter C_OPTIMIZE_GOAL bound to: 0 - type: integer 
	Parameter C_CMPY_TYPE bound to: 1 - type: integer 
	Parameter C_BFLY_TYPE bound to: 0 - type: integer 
INFO: [Synth 8-3491] module 'xfft_v9_1_5' declared at 'g:/Vivado/FFT_VIDEO/FFT_VIDEO_2048/FFT_VIDEO_2048.srcs/sources_1/bd/base/ipshared/58b9/hdl/xfft_v9_1_vh_rfs.vhd:103739' bound to instance 'U0' of component 'xfft_v9_1_5' [g:/Vivado/FFT_VIDEO/FFT_VIDEO_2048/FFT_VIDEO_2048.srcs/sources_1/bd/base/ip/base_xfft_0_0/synth/base_xfft_0_0.vhd:208]
INFO: [Synth 8-256] done synthesizing module 'base_xfft_0_0' (55#1) [g:/Vivado/FFT_VIDEO/FFT_VIDEO_2048/FFT_VIDEO_2048.srcs/sources_1/bd/base/ip/base_xfft_0_0/synth/base_xfft_0_0.vhd:84]
---------------------------------------------------------------------------------
Finished RTL Elaboration : Time (s): cpu = 00:01:14 ; elapsed = 00:01:23 . Memory (MB): peak = 2745.410 ; gain = 1601.238
---------------------------------------------------------------------------------
---------------------------------------------------------------------------------
Start Handling Custom Attributes
---------------------------------------------------------------------------------
---------------------------------------------------------------------------------
Finished Handling Custom Attributes : Time (s): cpu = 00:01:15 ; elapsed = 00:01:24 . Memory (MB): peak = 2745.410 ; gain = 1601.238
---------------------------------------------------------------------------------
---------------------------------------------------------------------------------
Finished RTL Optimization Phase 1 : Time (s): cpu = 00:01:15 ; elapsed = 00:01:24 . Memory (MB): peak = 2745.410 ; gain = 1601.238
---------------------------------------------------------------------------------
Netlist sorting complete. Time (s): cpu = 00:00:00 ; elapsed = 00:00:00.644 . Memory (MB): peak = 2745.410 ; gain = 0.000
INFO: [Netlist 29-17] Analyzing 3244 Unisim elements for replacement
INFO: [Netlist 29-28] Unisim Transformation completed in 1 CPU seconds
INFO: [Project 1-570] Preparing netlist for logic optimization

Processing XDC Constraints
Initializing timing engine
Parsing XDC File [g:/Vivado/FFT_VIDEO/FFT_VIDEO_2048/FFT_VIDEO_2048.srcs/sources_1/bd/base/ip/base_xfft_0_0/base_xfft_0_0_ooc.xdc] for cell 'U0'
Finished Parsing XDC File [g:/Vivado/FFT_VIDEO/FFT_VIDEO_2048/FFT_VIDEO_2048.srcs/sources_1/bd/base/ip/base_xfft_0_0/base_xfft_0_0_ooc.xdc] for cell 'U0'
Parsing XDC File [G:/Vivado/FFT_VIDEO/FFT_VIDEO_2048/FFT_VIDEO_2048.runs/base_xfft_0_0_synth_1/dont_touch.xdc]
Finished Parsing XDC File [G:/Vivado/FFT_VIDEO/FFT_VIDEO_2048/FFT_VIDEO_2048.runs/base_xfft_0_0_synth_1/dont_touch.xdc]
Completed Processing XDC Constraints

Netlist sorting complete. Time (s): cpu = 00:00:00 ; elapsed = 00:00:00.012 . Memory (MB): peak = 2745.410 ; gain = 0.000
INFO: [Project 1-111] Unisim Transformation Summary:
  A total of 376 instances were transformed.
  FD => FDRE: 5 instances
  FDE => FDRE: 319 instances
  FDR => FDRE: 43 instances
  RAMB18 => RAMB18E1: 9 instances

Constraint Validation Runtime : Time (s): cpu = 00:00:01 ; elapsed = 00:00:00.418 . Memory (MB): peak = 2745.410 ; gain = 0.000
---------------------------------------------------------------------------------
Finished Constraint Validation : Time (s): cpu = 00:01:27 ; elapsed = 00:01:36 . Memory (MB): peak = 2745.410 ; gain = 1601.238
---------------------------------------------------------------------------------
---------------------------------------------------------------------------------
Start Loading Part and Timing Information
---------------------------------------------------------------------------------
Loading part: xc7z020clg400-1
---------------------------------------------------------------------------------
Finished Loading Part and Timing Information : Time (s): cpu = 00:01:27 ; elapsed = 00:01:36 . Memory (MB): peak = 2745.410 ; gain = 1601.238
---------------------------------------------------------------------------------
---------------------------------------------------------------------------------
Start Applying 'set_property' XDC Constraints
---------------------------------------------------------------------------------
Applied set_property KEEP_HIERARCHY = SOFT for U0. (constraint file  G:/Vivado/FFT_VIDEO/FFT_VIDEO_2048/FFT_VIDEO_2048.runs/base_xfft_0_0_synth_1/dont_touch.xdc, line 9).
---------------------------------------------------------------------------------
Finished applying 'set_property' XDC Constraints : Time (s): cpu = 00:01:28 ; elapsed = 00:01:36 . Memory (MB): peak = 2745.410 ; gain = 1601.238
---------------------------------------------------------------------------------
---------------------------------------------------------------------------------
Finished RTL Optimization Phase 2 : Time (s): cpu = 00:01:33 ; elapsed = 00:01:42 . Memory (MB): peak = 2745.410 ; gain = 1601.238
---------------------------------------------------------------------------------
INFO: [Synth 8-223] decloning instance 'U0/i_synth/xfft_inst/non_floating_point.arch_d.xfft_inst/FLOW/reset_sustain.resets_4_pes[5].delay_reset_pe/tc_compare' (logic_gate) to 'U0/i_synth/xfft_inst/non_floating_point.arch_d.xfft_inst/FLOW/reset_sustain.resets_4_pes[5].delay_reset_pe/tc_compare1'
INFO: [Synth 8-223] decloning instance 'U0/i_synth/xfft_inst/non_floating_point.arch_d.xfft_inst/FLOW/reset_sustain.resets_4_pes[4].delay_reset_pe/tc_compare' (logic_gate__parameterized0) to 'U0/i_synth/xfft_inst/non_floating_point.arch_d.xfft_inst/FLOW/reset_sustain.resets_4_pes[4].delay_reset_pe/tc_compare1'
INFO: [Synth 8-223] decloning instance 'U0/i_synth/xfft_inst/non_floating_point.arch_d.xfft_inst/FLOW/reset_sustain.resets_4_pes[3].delay_reset_pe/tc_compare' (logic_gate__parameterized1) to 'U0/i_synth/xfft_inst/non_floating_point.arch_d.xfft_inst/FLOW/reset_sustain.resets_4_pes[3].delay_reset_pe/tc_compare1'
INFO: [Synth 8-223] decloning instance 'cnt_sat__parameterized2:/tc_compare' (logic_gate__parameterized2) to 'cnt_sat__parameterized2:/tc_compare1'
INFO: [Synth 8-223] decloning instance 'U0/i_synth/xfft_inst/non_floating_point.arch_d.xfft_inst/FLOW/reset_sustain.delay_reset_3/tc_compare' (logic_gate__parameterized3) to 'U0/i_synth/xfft_inst/non_floating_point.arch_d.xfft_inst/FLOW/reset_sustain.delay_reset_3/tc_compare1'
INFO: [Synth 8-223] decloning instance 'U0/i_synth/xfft_inst/non_floating_point.arch_d.xfft_inst/FLOW/reset_sustain.delay_reset_7/tc_compare' (logic_gate__parameterized4) to 'U0/i_synth/xfft_inst/non_floating_point.arch_d.xfft_inst/FLOW/reset_sustain.delay_reset_7/tc_compare1'
INFO: [Synth 8-223] decloning instance 'U0/i_synth/xfft_inst/non_floating_point.arch_d.xfft_inst/pe_gen[5].natural_order_input.PE/SR2' (shift_ram__parameterized83) to 'U0/i_synth/xfft_inst/non_floating_point.arch_d.xfft_inst/pe_gen[5].natural_order_input.PE/SR3'
---------------------------------------------------------------------------------
Start RTL Component Statistics 
---------------------------------------------------------------------------------
---------------------------------------------------------------------------------
Finished RTL Component Statistics 
---------------------------------------------------------------------------------
---------------------------------------------------------------------------------
Start Part Resource Summary
---------------------------------------------------------------------------------
Part Resources:
DSPs: 220 (col length:60)
BRAMs: 280 (col length: RAMB18 60 RAMB36 30)
---------------------------------------------------------------------------------
Finished Part Resource Summary
---------------------------------------------------------------------------------
---------------------------------------------------------------------------------
Start Cross Boundary and Area Optimization
---------------------------------------------------------------------------------
WARNING: [Synth 8-6040] Register sin_addr_2s_comp/use_output_reg.D_OUT_reg driving address of a ROM cannot be packed in BRAM/URAM because of presence of initial value.
WARNING: [Synth 8-6040] Register cos_addr_2s_comp/use_output_reg.D_OUT_reg driving address of a ROM cannot be packed in BRAM/URAM because of presence of initial value.
---------------------------------------------------------------------------------
Finished Cross Boundary and Area Optimization : Time (s): cpu = 00:01:40 ; elapsed = 00:01:49 . Memory (MB): peak = 2745.410 ; gain = 1601.238
---------------------------------------------------------------------------------
---------------------------------------------------------------------------------
Start Applying XDC Timing Constraints
---------------------------------------------------------------------------------
---------------------------------------------------------------------------------
Finished Applying XDC Timing Constraints : Time (s): cpu = 00:01:49 ; elapsed = 00:01:59 . Memory (MB): peak = 2745.410 ; gain = 1601.238
---------------------------------------------------------------------------------
---------------------------------------------------------------------------------
Start Timing Optimization
---------------------------------------------------------------------------------
---------------------------------------------------------------------------------
Finished Timing Optimization : Time (s): cpu = 00:01:52 ; elapsed = 00:02:02 . Memory (MB): peak = 2745.410 ; gain = 1601.238
---------------------------------------------------------------------------------
---------------------------------------------------------------------------------
Start Technology Mapping
---------------------------------------------------------------------------------
---------------------------------------------------------------------------------
Finished Technology Mapping : Time (s): cpu = 00:01:57 ; elapsed = 00:02:07 . Memory (MB): peak = 2745.410 ; gain = 1601.238
---------------------------------------------------------------------------------
---------------------------------------------------------------------------------
Start IO Insertion
---------------------------------------------------------------------------------
---------------------------------------------------------------------------------
Start Flattening Before IO Insertion
---------------------------------------------------------------------------------
---------------------------------------------------------------------------------
Finished Flattening Before IO Insertion
---------------------------------------------------------------------------------
---------------------------------------------------------------------------------
Start Final Netlist Cleanup
---------------------------------------------------------------------------------
---------------------------------------------------------------------------------
Finished Final Netlist Cleanup
---------------------------------------------------------------------------------
---------------------------------------------------------------------------------
Finished IO Insertion : Time (s): cpu = 00:02:00 ; elapsed = 00:02:10 . Memory (MB): peak = 2745.410 ; gain = 1601.238
---------------------------------------------------------------------------------
---------------------------------------------------------------------------------
Start Renaming Generated Instances
---------------------------------------------------------------------------------
---------------------------------------------------------------------------------
Finished Renaming Generated Instances : Time (s): cpu = 00:02:00 ; elapsed = 00:02:10 . Memory (MB): peak = 2745.410 ; gain = 1601.238
---------------------------------------------------------------------------------
---------------------------------------------------------------------------------
Start Rebuilding User Hierarchy
---------------------------------------------------------------------------------
---------------------------------------------------------------------------------
Finished Rebuilding User Hierarchy : Time (s): cpu = 00:02:02 ; elapsed = 00:02:12 . Memory (MB): peak = 2745.410 ; gain = 1601.238
---------------------------------------------------------------------------------
---------------------------------------------------------------------------------
Start Renaming Generated Ports
---------------------------------------------------------------------------------
---------------------------------------------------------------------------------
Finished Renaming Generated Ports : Time (s): cpu = 00:02:02 ; elapsed = 00:02:12 . Memory (MB): peak = 2745.410 ; gain = 1601.238
---------------------------------------------------------------------------------
---------------------------------------------------------------------------------
Start Handling Custom Attributes
---------------------------------------------------------------------------------
---------------------------------------------------------------------------------
Finished Handling Custom Attributes : Time (s): cpu = 00:02:02 ; elapsed = 00:02:12 . Memory (MB): peak = 2745.410 ; gain = 1601.238
---------------------------------------------------------------------------------
---------------------------------------------------------------------------------
Start Renaming Generated Nets
---------------------------------------------------------------------------------
---------------------------------------------------------------------------------
Finished Renaming Generated Nets : Time (s): cpu = 00:02:02 ; elapsed = 00:02:12 . Memory (MB): peak = 2745.410 ; gain = 1601.238
---------------------------------------------------------------------------------
---------------------------------------------------------------------------------
Start Writing Synthesis Report
---------------------------------------------------------------------------------

Report BlackBoxes: 
+-+--------------+----------+
| |BlackBox name |Instances |
+-+--------------+----------+
+-+--------------+----------+

Report Cell Usage: 
+------+---------+------+
|      |Cell     |Count |
+------+---------+------+
|1     |DSP48E1  |    40|
|5     |LUT1     |    51|
|6     |LUT2     |   809|
|7     |LUT3     |  1697|
|8     |LUT4     |   329|
|9     |LUT5     |   121|
|10    |LUT6     |   411|
|11    |MUXCY    |  1424|
|12    |RAMB18   |     9|
|13    |RAMB18E1 |    10|
|16    |SRL16E   |  1310|
|17    |SRLC32E  |   182|
|18    |XORCY    |  1388|
|19    |FD       |     5|
|20    |FDE      |   314|
|21    |FDR      |    42|
|22    |FDRE     |  5539|
|23    |FDSE     |    41|
+------+---------+------+
---------------------------------------------------------------------------------
Finished Writing Synthesis Report : Time (s): cpu = 00:02:02 ; elapsed = 00:02:12 . Memory (MB): peak = 2745.410 ; gain = 1601.238
---------------------------------------------------------------------------------
Synthesis finished with 0 errors, 0 critical warnings and 2 warnings.
Synthesis Optimization Runtime : Time (s): cpu = 00:00:39 ; elapsed = 00:02:04 . Memory (MB): peak = 2745.410 ; gain = 1601.238
Synthesis Optimization Complete : Time (s): cpu = 00:02:02 ; elapsed = 00:02:12 . Memory (MB): peak = 2745.410 ; gain = 1601.238
INFO: [Project 1-571] Translating synthesized netlist
Netlist sorting complete. Time (s): cpu = 00:00:00 ; elapsed = 00:00:00.430 . Memory (MB): peak = 2745.410 ; gain = 0.000
INFO: [Netlist 29-17] Analyzing 3232 Unisim elements for replacement
INFO: [Netlist 29-28] Unisim Transformation completed in 0 CPU seconds
INFO: [Project 1-570] Preparing netlist for logic optimization
INFO: [Opt 31-138] Pushed 0 inverter(s) to 0 load pin(s).
Netlist sorting complete. Time (s): cpu = 00:00:00 ; elapsed = 00:00:00.009 . Memory (MB): peak = 2745.410 ; gain = 0.000
INFO: [Project 1-111] Unisim Transformation Summary:
  A total of 790 instances were transformed.
  (MUXCY,XORCY) => CARRY4: 420 instances
  FD => FDRE: 5 instances
  FDE => FDRE: 314 instances
  FDR => FDRE: 42 instances
  RAMB18 => RAMB18E1: 9 instances

INFO: [Common 17-83] Releasing license: Synthesis
29 Infos, 2 Warnings, 0 Critical Warnings and 0 Errors encountered.
synth_design completed successfully
synth_design: Time (s): cpu = 00:02:13 ; elapsed = 00:02:25 . Memory (MB): peak = 2745.410 ; gain = 1601.238
INFO: [Common 17-1381] The checkpoint 'G:/Vivado/FFT_VIDEO/FFT_VIDEO_2048/FFT_VIDEO_2048.runs/base_xfft_0_0_synth_1/base_xfft_0_0.dcp' has been generated.
WARNING: [Common 17-576] 'use_project_ipc' is deprecated. This option is deprecated and no longer used.
INFO: [Coretcl 2-1648] Added synthesis output to IP cache for IP base_xfft_0_0, cache-ID = 568740ede4b89a63
INFO: [Coretcl 2-1174] Renamed 875 cell refs.
INFO: [Common 17-1381] The checkpoint 'G:/Vivado/FFT_VIDEO/FFT_VIDEO_2048/FFT_VIDEO_2048.runs/base_xfft_0_0_synth_1/base_xfft_0_0.dcp' has been generated.
INFO: [runtcl-4] Executing : report_utilization -file base_xfft_0_0_utilization_synth.rpt -pb base_xfft_0_0_utilization_synth.pb
INFO: [Common 17-206] Exiting Vivado at Tue Apr  6 20:55:46 2021...
