Copyright 1986-2020 Xilinx, Inc. All Rights Reserved.
---------------------------------------------------------------------------------------------------------------------------------------------------------------------
| Tool Version : Vivado v.2020.2 (win64) Build 3064766 Wed Nov 18 09:12:45 MST 2020
| Date         : Sat Apr  3 02:06:31 2021
| Host         : DESKTOP-4SFHT1M running 64-bit major release  (build 9200)
| Command      : report_bus_skew -warn_on_violation -file base_wrapper_bus_skew_routed.rpt -pb base_wrapper_bus_skew_routed.pb -rpx base_wrapper_bus_skew_routed.rpx
| Design       : base_wrapper
| Device       : 7z020-clg400
| Speed File   : -1  PRODUCTION 1.12 2019-11-22
---------------------------------------------------------------------------------------------------------------------------------------------------------------------

Bus Skew Report

Table of Contents
-----------------
1. Bus Skew Report Summary
2. Bus Skew Report Per Constraint

1. Bus Skew Report Summary
--------------------------

Id  Position  From                            To                              Corner  Requirement(ns)  Actual(ns)  Slack(ns)
--  --------  ------------------------------  ------------------------------  ------  ---------------  ----------  ---------
1   18        [get_cells [list {base_i/Audio_controller/i2s_audio_stream/i2s_receiver_0/inst/I2S_RX_V1_0_SYS_INST/AXIS_FIFO_INST/xpm_fifo_async_inst/gnuram_async_fifo.xpm_fifo_base_inst/gen_cdc_pntr.rd_pntr_cdc_inst/src_gray_ff_reg[0]} {base_i/Audio_controller/i2s_audio_stream/i2s_receiver_0/inst/I2S_RX_V1_0_SYS_INST/AXIS_FIFO_INST/xpm_fifo_async_inst/gnuram_async_fifo.xpm_fifo_base_inst/gen_cdc_pntr.rd_pntr_cdc_inst/src_gray_ff_reg[1]} {base_i/Audio_controller/i2s_audio_stream/i2s_receiver_0/inst/I2S_RX_V1_0_SYS_INST/AXIS_FIFO_INST/xpm_fifo_async_inst/gnuram_async_fifo.xpm_fifo_base_inst/gen_cdc_pntr.rd_pntr_cdc_inst/src_gray_ff_reg[2]} {base_i/Audio_controller/i2s_audio_stream/i2s_receiver_0/inst/I2S_RX_V1_0_SYS_INST/AXIS_FIFO_INST/xpm_fifo_async_inst/gnuram_async_fifo.xpm_fifo_base_inst/gen_cdc_pntr.rd_pntr_cdc_inst/src_gray_ff_reg[3]} {base_i/Audio_controller/i2s_audio_stream/i2s_receiver_0/inst/I2S_RX_V1_0_SYS_INST/AXIS_FIFO_INST/xpm_fifo_async_inst/gnuram_async_fifo.xpm_fifo_base_inst/gen_cdc_pntr.rd_pntr_cdc_inst/src_gray_ff_reg[4]} {base_i/Audio_controller/i2s_audio_stream/i2s_receiver_0/inst/I2S_RX_V1_0_SYS_INST/AXIS_FIFO_INST/xpm_fifo_async_inst/gnuram_async_fifo.xpm_fifo_base_inst/gen_cdc_pntr.rd_pntr_cdc_inst/src_gray_ff_reg[5]}]]
                                              [get_cells [list {base_i/Audio_controller/i2s_audio_stream/i2s_receiver_0/inst/I2S_RX_V1_0_SYS_INST/AXIS_FIFO_INST/xpm_fifo_async_inst/gnuram_async_fifo.xpm_fifo_base_inst/gen_cdc_pntr.rd_pntr_cdc_inst/dest_graysync_ff_reg[0][0]} {base_i/Audio_controller/i2s_audio_stream/i2s_receiver_0/inst/I2S_RX_V1_0_SYS_INST/AXIS_FIFO_INST/xpm_fifo_async_inst/gnuram_async_fifo.xpm_fifo_base_inst/gen_cdc_pntr.rd_pntr_cdc_inst/dest_graysync_ff_reg[0][1]} {base_i/Audio_controller/i2s_audio_stream/i2s_receiver_0/inst/I2S_RX_V1_0_SYS_INST/AXIS_FIFO_INST/xpm_fifo_async_inst/gnuram_async_fifo.xpm_fifo_base_inst/gen_cdc_pntr.rd_pntr_cdc_inst/dest_graysync_ff_reg[0][2]} {base_i/Audio_controller/i2s_audio_stream/i2s_receiver_0/inst/I2S_RX_V1_0_SYS_INST/AXIS_FIFO_INST/xpm_fifo_async_inst/gnuram_async_fifo.xpm_fifo_base_inst/gen_cdc_pntr.rd_pntr_cdc_inst/dest_graysync_ff_reg[0][3]} {base_i/Audio_controller/i2s_audio_stream/i2s_receiver_0/inst/I2S_RX_V1_0_SYS_INST/AXIS_FIFO_INST/xpm_fifo_async_inst/gnuram_async_fifo.xpm_fifo_base_inst/gen_cdc_pntr.rd_pntr_cdc_inst/dest_graysync_ff_reg[0][4]} {base_i/Audio_controller/i2s_audio_stream/i2s_receiver_0/inst/I2S_RX_V1_0_SYS_INST/AXIS_FIFO_INST/xpm_fifo_async_inst/gnuram_async_fifo.xpm_fifo_base_inst/gen_cdc_pntr.rd_pntr_cdc_inst/dest_graysync_ff_reg[0][5]}]]
                                                                              Slow             10.000       1.235      8.765
2   20        [get_cells [list {base_i/Audio_controller/i2s_audio_stream/i2s_receiver_0/inst/I2S_RX_V1_0_SYS_INST/AXIS_FIFO_INST/xpm_fifo_async_inst/gnuram_async_fifo.xpm_fifo_base_inst/gen_cdc_pntr.wr_pntr_cdc_inst/src_gray_ff_reg[0]} {base_i/Audio_controller/i2s_audio_stream/i2s_receiver_0/inst/I2S_RX_V1_0_SYS_INST/AXIS_FIFO_INST/xpm_fifo_async_inst/gnuram_async_fifo.xpm_fifo_base_inst/gen_cdc_pntr.wr_pntr_cdc_inst/src_gray_ff_reg[1]} {base_i/Audio_controller/i2s_audio_stream/i2s_receiver_0/inst/I2S_RX_V1_0_SYS_INST/AXIS_FIFO_INST/xpm_fifo_async_inst/gnuram_async_fifo.xpm_fifo_base_inst/gen_cdc_pntr.wr_pntr_cdc_inst/src_gray_ff_reg[2]} {base_i/Audio_controller/i2s_audio_stream/i2s_receiver_0/inst/I2S_RX_V1_0_SYS_INST/AXIS_FIFO_INST/xpm_fifo_async_inst/gnuram_async_fifo.xpm_fifo_base_inst/gen_cdc_pntr.wr_pntr_cdc_inst/src_gray_ff_reg[3]} {base_i/Audio_controller/i2s_audio_stream/i2s_receiver_0/inst/I2S_RX_V1_0_SYS_INST/AXIS_FIFO_INST/xpm_fifo_async_inst/gnuram_async_fifo.xpm_fifo_base_inst/gen_cdc_pntr.wr_pntr_cdc_inst/src_gray_ff_reg[4]} {base_i/Audio_controller/i2s_audio_stream/i2s_receiver_0/inst/I2S_RX_V1_0_SYS_INST/AXIS_FIFO_INST/xpm_fifo_async_inst/gnuram_async_fifo.xpm_fifo_base_inst/gen_cdc_pntr.wr_pntr_cdc_inst/src_gray_ff_reg[5]}]]
                                              [get_cells [list {base_i/Audio_controller/i2s_audio_stream/i2s_receiver_0/inst/I2S_RX_V1_0_SYS_INST/AXIS_FIFO_INST/xpm_fifo_async_inst/gnuram_async_fifo.xpm_fifo_base_inst/gen_cdc_pntr.wr_pntr_cdc_inst/dest_graysync_ff_reg[0][0]} {base_i/Audio_controller/i2s_audio_stream/i2s_receiver_0/inst/I2S_RX_V1_0_SYS_INST/AXIS_FIFO_INST/xpm_fifo_async_inst/gnuram_async_fifo.xpm_fifo_base_inst/gen_cdc_pntr.wr_pntr_cdc_inst/dest_graysync_ff_reg[0][1]} {base_i/Audio_controller/i2s_audio_stream/i2s_receiver_0/inst/I2S_RX_V1_0_SYS_INST/AXIS_FIFO_INST/xpm_fifo_async_inst/gnuram_async_fifo.xpm_fifo_base_inst/gen_cdc_pntr.wr_pntr_cdc_inst/dest_graysync_ff_reg[0][2]} {base_i/Audio_controller/i2s_audio_stream/i2s_receiver_0/inst/I2S_RX_V1_0_SYS_INST/AXIS_FIFO_INST/xpm_fifo_async_inst/gnuram_async_fifo.xpm_fifo_base_inst/gen_cdc_pntr.wr_pntr_cdc_inst/dest_graysync_ff_reg[0][3]} {base_i/Audio_controller/i2s_audio_stream/i2s_receiver_0/inst/I2S_RX_V1_0_SYS_INST/AXIS_FIFO_INST/xpm_fifo_async_inst/gnuram_async_fifo.xpm_fifo_base_inst/gen_cdc_pntr.wr_pntr_cdc_inst/dest_graysync_ff_reg[0][4]} {base_i/Audio_controller/i2s_audio_stream/i2s_receiver_0/inst/I2S_RX_V1_0_SYS_INST/AXIS_FIFO_INST/xpm_fifo_async_inst/gnuram_async_fifo.xpm_fifo_base_inst/gen_cdc_pntr.wr_pntr_cdc_inst/dest_graysync_ff_reg[0][5]}]]
                                                                              Slow             10.000       1.288      8.712
3   26        [get_cells [list {base_i/Audio_controller/i2s_audio_stream/i2s_transmitter_0/inst/I2S_TX_V1_0_SYS_INST/AXIS_FIFO_INST/xpm_fifo_async_inst/gnuram_async_fifo.xpm_fifo_base_inst/gen_cdc_pntr.rd_pntr_cdc_inst/src_gray_ff_reg[0]} {base_i/Audio_controller/i2s_audio_stream/i2s_transmitter_0/inst/I2S_TX_V1_0_SYS_INST/AXIS_FIFO_INST/xpm_fifo_async_inst/gnuram_async_fifo.xpm_fifo_base_inst/gen_cdc_pntr.rd_pntr_cdc_inst/src_gray_ff_reg[1]} {base_i/Audio_controller/i2s_audio_stream/i2s_transmitter_0/inst/I2S_TX_V1_0_SYS_INST/AXIS_FIFO_INST/xpm_fifo_async_inst/gnuram_async_fifo.xpm_fifo_base_inst/gen_cdc_pntr.rd_pntr_cdc_inst/src_gray_ff_reg[2]} {base_i/Audio_controller/i2s_audio_stream/i2s_transmitter_0/inst/I2S_TX_V1_0_SYS_INST/AXIS_FIFO_INST/xpm_fifo_async_inst/gnuram_async_fifo.xpm_fifo_base_inst/gen_cdc_pntr.rd_pntr_cdc_inst/src_gray_ff_reg[3]} {base_i/Audio_controller/i2s_audio_stream/i2s_transmitter_0/inst/I2S_TX_V1_0_SYS_INST/AXIS_FIFO_INST/xpm_fifo_async_inst/gnuram_async_fifo.xpm_fifo_base_inst/gen_cdc_pntr.rd_pntr_cdc_inst/src_gray_ff_reg[4]} {base_i/Audio_controller/i2s_audio_stream/i2s_transmitter_0/inst/I2S_TX_V1_0_SYS_INST/AXIS_FIFO_INST/xpm_fifo_async_inst/gnuram_async_fifo.xpm_fifo_base_inst/gen_cdc_pntr.rd_pntr_cdc_inst/src_gray_ff_reg[5]}]]
                                              [get_cells [list {base_i/Audio_controller/i2s_audio_stream/i2s_transmitter_0/inst/I2S_TX_V1_0_SYS_INST/AXIS_FIFO_INST/xpm_fifo_async_inst/gnuram_async_fifo.xpm_fifo_base_inst/gen_cdc_pntr.rd_pntr_cdc_inst/dest_graysync_ff_reg[0][0]} {base_i/Audio_controller/i2s_audio_stream/i2s_transmitter_0/inst/I2S_TX_V1_0_SYS_INST/AXIS_FIFO_INST/xpm_fifo_async_inst/gnuram_async_fifo.xpm_fifo_base_inst/gen_cdc_pntr.rd_pntr_cdc_inst/dest_graysync_ff_reg[0][1]} {base_i/Audio_controller/i2s_audio_stream/i2s_transmitter_0/inst/I2S_TX_V1_0_SYS_INST/AXIS_FIFO_INST/xpm_fifo_async_inst/gnuram_async_fifo.xpm_fifo_base_inst/gen_cdc_pntr.rd_pntr_cdc_inst/dest_graysync_ff_reg[0][2]} {base_i/Audio_controller/i2s_audio_stream/i2s_transmitter_0/inst/I2S_TX_V1_0_SYS_INST/AXIS_FIFO_INST/xpm_fifo_async_inst/gnuram_async_fifo.xpm_fifo_base_inst/gen_cdc_pntr.rd_pntr_cdc_inst/dest_graysync_ff_reg[0][3]} {base_i/Audio_controller/i2s_audio_stream/i2s_transmitter_0/inst/I2S_TX_V1_0_SYS_INST/AXIS_FIFO_INST/xpm_fifo_async_inst/gnuram_async_fifo.xpm_fifo_base_inst/gen_cdc_pntr.rd_pntr_cdc_inst/dest_graysync_ff_reg[0][4]} {base_i/Audio_controller/i2s_audio_stream/i2s_transmitter_0/inst/I2S_TX_V1_0_SYS_INST/AXIS_FIFO_INST/xpm_fifo_async_inst/gnuram_async_fifo.xpm_fifo_base_inst/gen_cdc_pntr.rd_pntr_cdc_inst/dest_graysync_ff_reg[0][5]}]]
                                                                              Slow             10.000       1.472      8.528
4   28        [get_cells [list {base_i/Audio_controller/i2s_audio_stream/i2s_transmitter_0/inst/I2S_TX_V1_0_SYS_INST/AXIS_FIFO_INST/xpm_fifo_async_inst/gnuram_async_fifo.xpm_fifo_base_inst/gen_cdc_pntr.wr_pntr_cdc_inst/src_gray_ff_reg[0]} {base_i/Audio_controller/i2s_audio_stream/i2s_transmitter_0/inst/I2S_TX_V1_0_SYS_INST/AXIS_FIFO_INST/xpm_fifo_async_inst/gnuram_async_fifo.xpm_fifo_base_inst/gen_cdc_pntr.wr_pntr_cdc_inst/src_gray_ff_reg[1]} {base_i/Audio_controller/i2s_audio_stream/i2s_transmitter_0/inst/I2S_TX_V1_0_SYS_INST/AXIS_FIFO_INST/xpm_fifo_async_inst/gnuram_async_fifo.xpm_fifo_base_inst/gen_cdc_pntr.wr_pntr_cdc_inst/src_gray_ff_reg[2]} {base_i/Audio_controller/i2s_audio_stream/i2s_transmitter_0/inst/I2S_TX_V1_0_SYS_INST/AXIS_FIFO_INST/xpm_fifo_async_inst/gnuram_async_fifo.xpm_fifo_base_inst/gen_cdc_pntr.wr_pntr_cdc_inst/src_gray_ff_reg[3]} {base_i/Audio_controller/i2s_audio_stream/i2s_transmitter_0/inst/I2S_TX_V1_0_SYS_INST/AXIS_FIFO_INST/xpm_fifo_async_inst/gnuram_async_fifo.xpm_fifo_base_inst/gen_cdc_pntr.wr_pntr_cdc_inst/src_gray_ff_reg[4]} {base_i/Audio_controller/i2s_audio_stream/i2s_transmitter_0/inst/I2S_TX_V1_0_SYS_INST/AXIS_FIFO_INST/xpm_fifo_async_inst/gnuram_async_fifo.xpm_fifo_base_inst/gen_cdc_pntr.wr_pntr_cdc_inst/src_gray_ff_reg[5]}]]
                                              [get_cells [list {base_i/Audio_controller/i2s_audio_stream/i2s_transmitter_0/inst/I2S_TX_V1_0_SYS_INST/AXIS_FIFO_INST/xpm_fifo_async_inst/gnuram_async_fifo.xpm_fifo_base_inst/gen_cdc_pntr.wr_pntr_cdc_inst/dest_graysync_ff_reg[0][0]} {base_i/Audio_controller/i2s_audio_stream/i2s_transmitter_0/inst/I2S_TX_V1_0_SYS_INST/AXIS_FIFO_INST/xpm_fifo_async_inst/gnuram_async_fifo.xpm_fifo_base_inst/gen_cdc_pntr.wr_pntr_cdc_inst/dest_graysync_ff_reg[0][1]} {base_i/Audio_controller/i2s_audio_stream/i2s_transmitter_0/inst/I2S_TX_V1_0_SYS_INST/AXIS_FIFO_INST/xpm_fifo_async_inst/gnuram_async_fifo.xpm_fifo_base_inst/gen_cdc_pntr.wr_pntr_cdc_inst/dest_graysync_ff_reg[0][2]} {base_i/Audio_controller/i2s_audio_stream/i2s_transmitter_0/inst/I2S_TX_V1_0_SYS_INST/AXIS_FIFO_INST/xpm_fifo_async_inst/gnuram_async_fifo.xpm_fifo_base_inst/gen_cdc_pntr.wr_pntr_cdc_inst/dest_graysync_ff_reg[0][3]} {base_i/Audio_controller/i2s_audio_stream/i2s_transmitter_0/inst/I2S_TX_V1_0_SYS_INST/AXIS_FIFO_INST/xpm_fifo_async_inst/gnuram_async_fifo.xpm_fifo_base_inst/gen_cdc_pntr.wr_pntr_cdc_inst/dest_graysync_ff_reg[0][4]} {base_i/Audio_controller/i2s_audio_stream/i2s_transmitter_0/inst/I2S_TX_V1_0_SYS_INST/AXIS_FIFO_INST/xpm_fifo_async_inst/gnuram_async_fifo.xpm_fifo_base_inst/gen_cdc_pntr.wr_pntr_cdc_inst/dest_graysync_ff_reg[0][5]}]]
                                                                              Slow             10.000       1.307      8.693
5   30        [get_cells [list {base_i/Audio_controller/i2s_audio_stream/i2s_transmitter_0/inst/I2S_TX_V1_0_SYS_INST/AXIS_FIFO_INST/xpm_fifo_async_inst/gnuram_async_fifo.xpm_fifo_base_inst/gen_cdc_pntr.wr_pntr_cdc_dc_inst/src_gray_ff_reg[0]} {base_i/Audio_controller/i2s_audio_stream/i2s_transmitter_0/inst/I2S_TX_V1_0_SYS_INST/AXIS_FIFO_INST/xpm_fifo_async_inst/gnuram_async_fifo.xpm_fifo_base_inst/gen_cdc_pntr.wr_pntr_cdc_dc_inst/src_gray_ff_reg[1]} {base_i/Audio_controller/i2s_audio_stream/i2s_transmitter_0/inst/I2S_TX_V1_0_SYS_INST/AXIS_FIFO_INST/xpm_fifo_async_inst/gnuram_async_fifo.xpm_fifo_base_inst/gen_cdc_pntr.wr_pntr_cdc_dc_inst/src_gray_ff_reg[2]} {base_i/Audio_controller/i2s_audio_stream/i2s_transmitter_0/inst/I2S_TX_V1_0_SYS_INST/AXIS_FIFO_INST/xpm_fifo_async_inst/gnuram_async_fifo.xpm_fifo_base_inst/gen_cdc_pntr.wr_pntr_cdc_dc_inst/src_gray_ff_reg[3]} {base_i/Audio_controller/i2s_audio_stream/i2s_transmitter_0/inst/I2S_TX_V1_0_SYS_INST/AXIS_FIFO_INST/xpm_fifo_async_inst/gnuram_async_fifo.xpm_fifo_base_inst/gen_cdc_pntr.wr_pntr_cdc_dc_inst/src_gray_ff_reg[4]} {base_i/Audio_controller/i2s_audio_stream/i2s_transmitter_0/inst/I2S_TX_V1_0_SYS_INST/AXIS_FIFO_INST/xpm_fifo_async_inst/gnuram_async_fifo.xpm_fifo_base_inst/gen_cdc_pntr.wr_pntr_cdc_dc_inst/src_gray_ff_reg[5]} {base_i/Audio_controller/i2s_audio_stream/i2s_transmitter_0/inst/I2S_TX_V1_0_SYS_INST/AXIS_FIFO_INST/xpm_fifo_async_inst/gnuram_async_fifo.xpm_fifo_base_inst/gen_cdc_pntr.wr_pntr_cdc_dc_inst/src_gray_ff_reg[6]}]]
                                              [get_cells [list {base_i/Audio_controller/i2s_audio_stream/i2s_transmitter_0/inst/I2S_TX_V1_0_SYS_INST/AXIS_FIFO_INST/xpm_fifo_async_inst/gnuram_async_fifo.xpm_fifo_base_inst/gen_cdc_pntr.wr_pntr_cdc_dc_inst/dest_graysync_ff_reg[0][0]} {base_i/Audio_controller/i2s_audio_stream/i2s_transmitter_0/inst/I2S_TX_V1_0_SYS_INST/AXIS_FIFO_INST/xpm_fifo_async_inst/gnuram_async_fifo.xpm_fifo_base_inst/gen_cdc_pntr.wr_pntr_cdc_dc_inst/dest_graysync_ff_reg[0][1]} {base_i/Audio_controller/i2s_audio_stream/i2s_transmitter_0/inst/I2S_TX_V1_0_SYS_INST/AXIS_FIFO_INST/xpm_fifo_async_inst/gnuram_async_fifo.xpm_fifo_base_inst/gen_cdc_pntr.wr_pntr_cdc_dc_inst/dest_graysync_ff_reg[0][2]} {base_i/Audio_controller/i2s_audio_stream/i2s_transmitter_0/inst/I2S_TX_V1_0_SYS_INST/AXIS_FIFO_INST/xpm_fifo_async_inst/gnuram_async_fifo.xpm_fifo_base_inst/gen_cdc_pntr.wr_pntr_cdc_dc_inst/dest_graysync_ff_reg[0][3]} {base_i/Audio_controller/i2s_audio_stream/i2s_transmitter_0/inst/I2S_TX_V1_0_SYS_INST/AXIS_FIFO_INST/xpm_fifo_async_inst/gnuram_async_fifo.xpm_fifo_base_inst/gen_cdc_pntr.wr_pntr_cdc_dc_inst/dest_graysync_ff_reg[0][4]} {base_i/Audio_controller/i2s_audio_stream/i2s_transmitter_0/inst/I2S_TX_V1_0_SYS_INST/AXIS_FIFO_INST/xpm_fifo_async_inst/gnuram_async_fifo.xpm_fifo_base_inst/gen_cdc_pntr.wr_pntr_cdc_dc_inst/dest_graysync_ff_reg[0][5]} {base_i/Audio_controller/i2s_audio_stream/i2s_transmitter_0/inst/I2S_TX_V1_0_SYS_INST/AXIS_FIFO_INST/xpm_fifo_async_inst/gnuram_async_fifo.xpm_fifo_base_inst/gen_cdc_pntr.wr_pntr_cdc_dc_inst/dest_graysync_ff_reg[0][6]}]]
                                                                              Slow             10.000       1.439      8.561


2. Bus Skew Report Per Constraint
---------------------------------

Id: 1
set_bus_skew -from [get_cells [list {base_i/Audio_controller/i2s_audio_stream/i2s_receiver_0/inst/I2S_RX_V1_0_SYS_INST/AXIS_FIFO_INST/xpm_fifo_async_inst/gnuram_async_fifo.xpm_fifo_base_inst/gen_cdc_pntr.rd_pntr_cdc_inst/src_gray_ff_reg[0]} {base_i/Audio_controller/i2s_audio_stream/i2s_receiver_0/inst/I2S_RX_V1_0_SYS_INST/AXIS_FIFO_INST/xpm_fifo_async_inst/gnuram_async_fifo.xpm_fifo_base_inst/gen_cdc_pntr.rd_pntr_cdc_inst/src_gray_ff_reg[1]} {base_i/Audio_controller/i2s_audio_stream/i2s_receiver_0/inst/I2S_RX_V1_0_SYS_INST/AXIS_FIFO_INST/xpm_fifo_async_inst/gnuram_async_fifo.xpm_fifo_base_inst/gen_cdc_pntr.rd_pntr_cdc_inst/src_gray_ff_reg[2]} {base_i/Audio_controller/i2s_audio_stream/i2s_receiver_0/inst/I2S_RX_V1_0_SYS_INST/AXIS_FIFO_INST/xpm_fifo_async_inst/gnuram_async_fifo.xpm_fifo_base_inst/gen_cdc_pntr.rd_pntr_cdc_inst/src_gray_ff_reg[3]} {base_i/Audio_controller/i2s_audio_stream/i2s_receiver_0/inst/I2S_RX_V1_0_SYS_INST/AXIS_FIFO_INST/xpm_fifo_async_inst/gnuram_async_fifo.xpm_fifo_base_inst/gen_cdc_pntr.rd_pntr_cdc_inst/src_gray_ff_reg[4]} {base_i/Audio_controller/i2s_audio_stream/i2s_receiver_0/inst/I2S_RX_V1_0_SYS_INST/AXIS_FIFO_INST/xpm_fifo_async_inst/gnuram_async_fifo.xpm_fifo_base_inst/gen_cdc_pntr.rd_pntr_cdc_inst/src_gray_ff_reg[5]}]] -to [get_cells [list {base_i/Audio_controller/i2s_audio_stream/i2s_receiver_0/inst/I2S_RX_V1_0_SYS_INST/AXIS_FIFO_INST/xpm_fifo_async_inst/gnuram_async_fifo.xpm_fifo_base_inst/gen_cdc_pntr.rd_pntr_cdc_inst/dest_graysync_ff_reg[0][0]} {base_i/Audio_controller/i2s_audio_stream/i2s_receiver_0/inst/I2S_RX_V1_0_SYS_INST/AXIS_FIFO_INST/xpm_fifo_async_inst/gnuram_async_fifo.xpm_fifo_base_inst/gen_cdc_pntr.rd_pntr_cdc_inst/dest_graysync_ff_reg[0][1]} {base_i/Audio_controller/i2s_audio_stream/i2s_receiver_0/inst/I2S_RX_V1_0_SYS_INST/AXIS_FIFO_INST/xpm_fifo_async_inst/gnuram_async_fifo.xpm_fifo_base_inst/gen_cdc_pntr.rd_pntr_cdc_inst/dest_graysync_ff_reg[0][2]} {base_i/Audio_controller/i2s_audio_stream/i2s_receiver_0/inst/I2S_RX_V1_0_SYS_INST/AXIS_FIFO_INST/xpm_fifo_async_inst/gnuram_async_fifo.xpm_fifo_base_inst/gen_cdc_pntr.rd_pntr_cdc_inst/dest_graysync_ff_reg[0][3]} {base_i/Audio_controller/i2s_audio_stream/i2s_receiver_0/inst/I2S_RX_V1_0_SYS_INST/AXIS_FIFO_INST/xpm_fifo_async_inst/gnuram_async_fifo.xpm_fifo_base_inst/gen_cdc_pntr.rd_pntr_cdc_inst/dest_graysync_ff_reg[0][4]} {base_i/Audio_controller/i2s_audio_stream/i2s_receiver_0/inst/I2S_RX_V1_0_SYS_INST/AXIS_FIFO_INST/xpm_fifo_async_inst/gnuram_async_fifo.xpm_fifo_base_inst/gen_cdc_pntr.rd_pntr_cdc_inst/dest_graysync_ff_reg[0][5]}]] 10.000
Requirement: 10.000ns
Endpoints: 6

From Clock            To Clock              Endpoint Pin                    Reference Pin                   Corner  Actual(ns)  Slack(ns)
--------------------  --------------------  ------------------------------  ------------------------------  ------  ----------  ---------
clk_fpga_0            clk_12_288_base_clk_wiz_10MHz_1
                                            base_i/Audio_controller/i2s_audio_stream/i2s_receiver_0/inst/I2S_RX_V1_0_SYS_INST/AXIS_FIFO_INST/xpm_fifo_async_inst/gnuram_async_fifo.xpm_fifo_base_inst/gen_cdc_pntr.rd_pntr_cdc_inst/dest_graysync_ff_reg[0][1]/D
                                                                            base_i/Audio_controller/i2s_audio_stream/i2s_receiver_0/inst/I2S_RX_V1_0_SYS_INST/AXIS_FIFO_INST/xpm_fifo_async_inst/gnuram_async_fifo.xpm_fifo_base_inst/gen_cdc_pntr.rd_pntr_cdc_inst/dest_graysync_ff_reg[0][5]/D
                                                                                                            Slow         1.235      8.765


Slack (MET) :             8.765ns  (requirement - actual skew)
  Endpoint Source:        base_i/Audio_controller/i2s_audio_stream/i2s_receiver_0/inst/I2S_RX_V1_0_SYS_INST/AXIS_FIFO_INST/xpm_fifo_async_inst/gnuram_async_fifo.xpm_fifo_base_inst/gen_cdc_pntr.rd_pntr_cdc_inst/src_gray_ff_reg[1]/C
                            (rising edge-triggered cell FDRE clocked by clk_fpga_0)
  Endpoint Destination:   base_i/Audio_controller/i2s_audio_stream/i2s_receiver_0/inst/I2S_RX_V1_0_SYS_INST/AXIS_FIFO_INST/xpm_fifo_async_inst/gnuram_async_fifo.xpm_fifo_base_inst/gen_cdc_pntr.rd_pntr_cdc_inst/dest_graysync_ff_reg[0][1]/D
                            (rising edge-triggered cell FDRE clocked by clk_12_288_base_clk_wiz_10MHz_1)
  Reference Source:       base_i/Audio_controller/i2s_audio_stream/i2s_receiver_0/inst/I2S_RX_V1_0_SYS_INST/AXIS_FIFO_INST/xpm_fifo_async_inst/gnuram_async_fifo.xpm_fifo_base_inst/gen_cdc_pntr.rd_pntr_cdc_inst/src_gray_ff_reg[5]/C
                            (rising edge-triggered cell FDRE clocked by clk_fpga_0)
  Reference Destination:  base_i/Audio_controller/i2s_audio_stream/i2s_receiver_0/inst/I2S_RX_V1_0_SYS_INST/AXIS_FIFO_INST/xpm_fifo_async_inst/gnuram_async_fifo.xpm_fifo_base_inst/gen_cdc_pntr.rd_pntr_cdc_inst/dest_graysync_ff_reg[0][5]/D
                            (rising edge-triggered cell FDRE clocked by clk_12_288_base_clk_wiz_10MHz_1)
  Path Type:              Bus Skew (Max at Slow Process Corner)
  Requirement:            10.000ns
  Endpoint Relative Delay:    2.750ns
  Reference Relative Delay:   1.654ns
  Relative CRPR:              0.400ns
  Uncertainty:                0.539ns
  Actual Bus Skew:            1.235ns  (Endpoint Relative Delay - Reference Relative Delay - Relative CRPR + Uncertainty)

Endpoint path:
    Location             Delay type                Incr(ns)  Path(ns)    Netlist Resource(s)
  -------------------------------------------------------------------    -------------------
                         (clock clk_fpga_0 rise edge)
                                                      0.000     0.000 r  
    PS7_X0Y0             PS7                          0.000     0.000 r  base_i/ps7_0/inst/PS7_i/FCLKCLK[0]
                         net (fo=1, routed)           1.193     1.193    base_i/ps7_0/inst/FCLK_CLK_unbuffered[0]
    BUFGCTRL_X0Y31       BUFG (Prop_bufg_I_O)         0.101     1.294 r  base_i/ps7_0/inst/buffer_fclk_clk_0.FCLK_CLK_0_BUFG/O
                         net (fo=19916, routed)       1.646     2.940    base_i/Audio_controller/i2s_audio_stream/i2s_receiver_0/inst/I2S_RX_V1_0_SYS_INST/AXIS_FIFO_INST/xpm_fifo_async_inst/gnuram_async_fifo.xpm_fifo_base_inst/gen_cdc_pntr.rd_pntr_cdc_inst/src_clk
    SLICE_X41Y63         FDRE                                         r  base_i/Audio_controller/i2s_audio_stream/i2s_receiver_0/inst/I2S_RX_V1_0_SYS_INST/AXIS_FIFO_INST/xpm_fifo_async_inst/gnuram_async_fifo.xpm_fifo_base_inst/gen_cdc_pntr.rd_pntr_cdc_inst/src_gray_ff_reg[1]/C
  -------------------------------------------------------------------    -------------------
    SLICE_X41Y63         FDRE (Prop_fdre_C_Q)         0.419     3.359 r  base_i/Audio_controller/i2s_audio_stream/i2s_receiver_0/inst/I2S_RX_V1_0_SYS_INST/AXIS_FIFO_INST/xpm_fifo_async_inst/gnuram_async_fifo.xpm_fifo_base_inst/gen_cdc_pntr.rd_pntr_cdc_inst/src_gray_ff_reg[1]/Q
                         net (fo=1, routed)           0.594     3.953    base_i/Audio_controller/i2s_audio_stream/i2s_receiver_0/inst/I2S_RX_V1_0_SYS_INST/AXIS_FIFO_INST/xpm_fifo_async_inst/gnuram_async_fifo.xpm_fifo_base_inst/gen_cdc_pntr.rd_pntr_cdc_inst/async_path[1]
    SLICE_X43Y65         FDRE                                         r  base_i/Audio_controller/i2s_audio_stream/i2s_receiver_0/inst/I2S_RX_V1_0_SYS_INST/AXIS_FIFO_INST/xpm_fifo_async_inst/gnuram_async_fifo.xpm_fifo_base_inst/gen_cdc_pntr.rd_pntr_cdc_inst/dest_graysync_ff_reg[0][1]/D
  -------------------------------------------------------------------    -------------------

                         (clock clk_12_288_base_clk_wiz_10MHz_1 rise edge)
                                                      0.000     0.000 r  
    BUFGCTRL_X0Y31       BUFG                         0.000     0.000 r  base_i/ps7_0/inst/buffer_fclk_clk_0.FCLK_CLK_0_BUFG/O
                         net (fo=19916, routed)       1.770     1.770    base_i/Audio_controller/clk_wiz_audio/inst/clk_in1
    MMCME2_ADV_X1Y2      MMCME2_ADV (Prop_mmcme2_adv_CLKIN1_CLKOUT0)
                                                     -3.873    -2.103 r  base_i/Audio_controller/clk_wiz_audio/inst/mmcm_adv_inst/CLKOUT0
                         net (fo=1, routed)           2.012    -0.091    base_i/Audio_controller/clk_wiz_audio/inst/clk_12_288_base_clk_wiz_10MHz_1
    BUFGCTRL_X0Y27       BUFG (Prop_bufg_I_O)         0.091    -0.000 r  base_i/Audio_controller/clk_wiz_audio/inst/clkout1_buf/O
                         net (fo=566, routed)         1.473     1.473    base_i/Audio_controller/i2s_audio_stream/i2s_receiver_0/inst/I2S_RX_V1_0_SYS_INST/AXIS_FIFO_INST/xpm_fifo_async_inst/gnuram_async_fifo.xpm_fifo_base_inst/gen_cdc_pntr.rd_pntr_cdc_inst/dest_clk
    SLICE_X43Y65         FDRE                                         r  base_i/Audio_controller/i2s_audio_stream/i2s_receiver_0/inst/I2S_RX_V1_0_SYS_INST/AXIS_FIFO_INST/xpm_fifo_async_inst/gnuram_async_fifo.xpm_fifo_base_inst/gen_cdc_pntr.rd_pntr_cdc_inst/dest_graysync_ff_reg[0][1]/C
                         clock pessimism              0.000     1.473    
    SLICE_X43Y65         FDRE (Setup_fdre_C_D)       -0.270     1.203    base_i/Audio_controller/i2s_audio_stream/i2s_receiver_0/inst/I2S_RX_V1_0_SYS_INST/AXIS_FIFO_INST/xpm_fifo_async_inst/gnuram_async_fifo.xpm_fifo_base_inst/gen_cdc_pntr.rd_pntr_cdc_inst/dest_graysync_ff_reg[0][1]
  -------------------------------------------------------------------
                         data arrival                           3.953    
                         clock arrival                          1.203    
  -------------------------------------------------------------------
                         relative delay                         2.750    

Reference path:
    Location             Delay type                Incr(ns)  Path(ns)    Netlist Resource(s)
  -------------------------------------------------------------------    -------------------
                         (clock clk_fpga_0 rise edge)
                                                      0.000     0.000 r  
    PS7_X0Y0             PS7                          0.000     0.000 r  base_i/ps7_0/inst/PS7_i/FCLKCLK[0]
                         net (fo=1, routed)           1.088     1.088    base_i/ps7_0/inst/FCLK_CLK_unbuffered[0]
    BUFGCTRL_X0Y31       BUFG (Prop_bufg_I_O)         0.091     1.179 r  base_i/ps7_0/inst/buffer_fclk_clk_0.FCLK_CLK_0_BUFG/O
                         net (fo=19916, routed)       1.471     2.650    base_i/Audio_controller/i2s_audio_stream/i2s_receiver_0/inst/I2S_RX_V1_0_SYS_INST/AXIS_FIFO_INST/xpm_fifo_async_inst/gnuram_async_fifo.xpm_fifo_base_inst/gen_cdc_pntr.rd_pntr_cdc_inst/src_clk
    SLICE_X41Y67         FDRE                                         r  base_i/Audio_controller/i2s_audio_stream/i2s_receiver_0/inst/I2S_RX_V1_0_SYS_INST/AXIS_FIFO_INST/xpm_fifo_async_inst/gnuram_async_fifo.xpm_fifo_base_inst/gen_cdc_pntr.rd_pntr_cdc_inst/src_gray_ff_reg[5]/C
  -------------------------------------------------------------------    -------------------
    SLICE_X41Y67         FDRE (Prop_fdre_C_Q)         0.367     3.017 r  base_i/Audio_controller/i2s_audio_stream/i2s_receiver_0/inst/I2S_RX_V1_0_SYS_INST/AXIS_FIFO_INST/xpm_fifo_async_inst/gnuram_async_fifo.xpm_fifo_base_inst/gen_cdc_pntr.rd_pntr_cdc_inst/src_gray_ff_reg[5]/Q
                         net (fo=1, routed)           0.511     3.527    base_i/Audio_controller/i2s_audio_stream/i2s_receiver_0/inst/I2S_RX_V1_0_SYS_INST/AXIS_FIFO_INST/xpm_fifo_async_inst/gnuram_async_fifo.xpm_fifo_base_inst/gen_cdc_pntr.rd_pntr_cdc_inst/async_path[5]
    SLICE_X42Y66         FDRE                                         r  base_i/Audio_controller/i2s_audio_stream/i2s_receiver_0/inst/I2S_RX_V1_0_SYS_INST/AXIS_FIFO_INST/xpm_fifo_async_inst/gnuram_async_fifo.xpm_fifo_base_inst/gen_cdc_pntr.rd_pntr_cdc_inst/dest_graysync_ff_reg[0][5]/D
  -------------------------------------------------------------------    -------------------

                         (clock clk_12_288_base_clk_wiz_10MHz_1 rise edge)
                                                      0.000     0.000 r  
    BUFGCTRL_X0Y31       BUFG                         0.000     0.000 r  base_i/ps7_0/inst/buffer_fclk_clk_0.FCLK_CLK_0_BUFG/O
                         net (fo=19916, routed)       1.980     1.980    base_i/Audio_controller/clk_wiz_audio/inst/clk_in1
    MMCME2_ADV_X1Y2      MMCME2_ADV (Prop_mmcme2_adv_CLKIN1_CLKOUT0)
                                                     -4.287    -2.307 r  base_i/Audio_controller/clk_wiz_audio/inst/mmcm_adv_inst/CLKOUT0
                         net (fo=1, routed)           2.206    -0.101    base_i/Audio_controller/clk_wiz_audio/inst/clk_12_288_base_clk_wiz_10MHz_1
    BUFGCTRL_X0Y27       BUFG (Prop_bufg_I_O)         0.101    -0.000 r  base_i/Audio_controller/clk_wiz_audio/inst/clkout1_buf/O
                         net (fo=566, routed)         1.643     1.643    base_i/Audio_controller/i2s_audio_stream/i2s_receiver_0/inst/I2S_RX_V1_0_SYS_INST/AXIS_FIFO_INST/xpm_fifo_async_inst/gnuram_async_fifo.xpm_fifo_base_inst/gen_cdc_pntr.rd_pntr_cdc_inst/dest_clk
    SLICE_X42Y66         FDRE                                         r  base_i/Audio_controller/i2s_audio_stream/i2s_receiver_0/inst/I2S_RX_V1_0_SYS_INST/AXIS_FIFO_INST/xpm_fifo_async_inst/gnuram_async_fifo.xpm_fifo_base_inst/gen_cdc_pntr.rd_pntr_cdc_inst/dest_graysync_ff_reg[0][5]/C
                         clock pessimism              0.000     1.643    
    SLICE_X42Y66         FDRE (Hold_fdre_C_D)         0.230     1.873    base_i/Audio_controller/i2s_audio_stream/i2s_receiver_0/inst/I2S_RX_V1_0_SYS_INST/AXIS_FIFO_INST/xpm_fifo_async_inst/gnuram_async_fifo.xpm_fifo_base_inst/gen_cdc_pntr.rd_pntr_cdc_inst/dest_graysync_ff_reg[0][5]
  -------------------------------------------------------------------
                         data arrival                           3.527    
                         clock arrival                          1.873    
  -------------------------------------------------------------------
                         relative delay                         1.654    



Id: 2
set_bus_skew -from [get_cells [list {base_i/Audio_controller/i2s_audio_stream/i2s_receiver_0/inst/I2S_RX_V1_0_SYS_INST/AXIS_FIFO_INST/xpm_fifo_async_inst/gnuram_async_fifo.xpm_fifo_base_inst/gen_cdc_pntr.wr_pntr_cdc_inst/src_gray_ff_reg[0]} {base_i/Audio_controller/i2s_audio_stream/i2s_receiver_0/inst/I2S_RX_V1_0_SYS_INST/AXIS_FIFO_INST/xpm_fifo_async_inst/gnuram_async_fifo.xpm_fifo_base_inst/gen_cdc_pntr.wr_pntr_cdc_inst/src_gray_ff_reg[1]} {base_i/Audio_controller/i2s_audio_stream/i2s_receiver_0/inst/I2S_RX_V1_0_SYS_INST/AXIS_FIFO_INST/xpm_fifo_async_inst/gnuram_async_fifo.xpm_fifo_base_inst/gen_cdc_pntr.wr_pntr_cdc_inst/src_gray_ff_reg[2]} {base_i/Audio_controller/i2s_audio_stream/i2s_receiver_0/inst/I2S_RX_V1_0_SYS_INST/AXIS_FIFO_INST/xpm_fifo_async_inst/gnuram_async_fifo.xpm_fifo_base_inst/gen_cdc_pntr.wr_pntr_cdc_inst/src_gray_ff_reg[3]} {base_i/Audio_controller/i2s_audio_stream/i2s_receiver_0/inst/I2S_RX_V1_0_SYS_INST/AXIS_FIFO_INST/xpm_fifo_async_inst/gnuram_async_fifo.xpm_fifo_base_inst/gen_cdc_pntr.wr_pntr_cdc_inst/src_gray_ff_reg[4]} {base_i/Audio_controller/i2s_audio_stream/i2s_receiver_0/inst/I2S_RX_V1_0_SYS_INST/AXIS_FIFO_INST/xpm_fifo_async_inst/gnuram_async_fifo.xpm_fifo_base_inst/gen_cdc_pntr.wr_pntr_cdc_inst/src_gray_ff_reg[5]}]] -to [get_cells [list {base_i/Audio_controller/i2s_audio_stream/i2s_receiver_0/inst/I2S_RX_V1_0_SYS_INST/AXIS_FIFO_INST/xpm_fifo_async_inst/gnuram_async_fifo.xpm_fifo_base_inst/gen_cdc_pntr.wr_pntr_cdc_inst/dest_graysync_ff_reg[0][0]} {base_i/Audio_controller/i2s_audio_stream/i2s_receiver_0/inst/I2S_RX_V1_0_SYS_INST/AXIS_FIFO_INST/xpm_fifo_async_inst/gnuram_async_fifo.xpm_fifo_base_inst/gen_cdc_pntr.wr_pntr_cdc_inst/dest_graysync_ff_reg[0][1]} {base_i/Audio_controller/i2s_audio_stream/i2s_receiver_0/inst/I2S_RX_V1_0_SYS_INST/AXIS_FIFO_INST/xpm_fifo_async_inst/gnuram_async_fifo.xpm_fifo_base_inst/gen_cdc_pntr.wr_pntr_cdc_inst/dest_graysync_ff_reg[0][2]} {base_i/Audio_controller/i2s_audio_stream/i2s_receiver_0/inst/I2S_RX_V1_0_SYS_INST/AXIS_FIFO_INST/xpm_fifo_async_inst/gnuram_async_fifo.xpm_fifo_base_inst/gen_cdc_pntr.wr_pntr_cdc_inst/dest_graysync_ff_reg[0][3]} {base_i/Audio_controller/i2s_audio_stream/i2s_receiver_0/inst/I2S_RX_V1_0_SYS_INST/AXIS_FIFO_INST/xpm_fifo_async_inst/gnuram_async_fifo.xpm_fifo_base_inst/gen_cdc_pntr.wr_pntr_cdc_inst/dest_graysync_ff_reg[0][4]} {base_i/Audio_controller/i2s_audio_stream/i2s_receiver_0/inst/I2S_RX_V1_0_SYS_INST/AXIS_FIFO_INST/xpm_fifo_async_inst/gnuram_async_fifo.xpm_fifo_base_inst/gen_cdc_pntr.wr_pntr_cdc_inst/dest_graysync_ff_reg[0][5]}]] 10.000
Requirement: 10.000ns
Endpoints: 6

From Clock            To Clock              Endpoint Pin                    Reference Pin                   Corner  Actual(ns)  Slack(ns)
--------------------  --------------------  ------------------------------  ------------------------------  ------  ----------  ---------
clk_12_288_base_clk_wiz_10MHz_1
                      clk_fpga_0            base_i/Audio_controller/i2s_audio_stream/i2s_receiver_0/inst/I2S_RX_V1_0_SYS_INST/AXIS_FIFO_INST/xpm_fifo_async_inst/gnuram_async_fifo.xpm_fifo_base_inst/gen_cdc_pntr.wr_pntr_cdc_inst/dest_graysync_ff_reg[0][3]/D
                                                                            base_i/Audio_controller/i2s_audio_stream/i2s_receiver_0/inst/I2S_RX_V1_0_SYS_INST/AXIS_FIFO_INST/xpm_fifo_async_inst/gnuram_async_fifo.xpm_fifo_base_inst/gen_cdc_pntr.wr_pntr_cdc_inst/dest_graysync_ff_reg[0][4]/D
                                                                                                            Slow         1.288      8.712


Slack (MET) :             8.712ns  (requirement - actual skew)
  Endpoint Source:        base_i/Audio_controller/i2s_audio_stream/i2s_receiver_0/inst/I2S_RX_V1_0_SYS_INST/AXIS_FIFO_INST/xpm_fifo_async_inst/gnuram_async_fifo.xpm_fifo_base_inst/gen_cdc_pntr.wr_pntr_cdc_inst/src_gray_ff_reg[3]/C
                            (rising edge-triggered cell FDRE clocked by clk_12_288_base_clk_wiz_10MHz_1)
  Endpoint Destination:   base_i/Audio_controller/i2s_audio_stream/i2s_receiver_0/inst/I2S_RX_V1_0_SYS_INST/AXIS_FIFO_INST/xpm_fifo_async_inst/gnuram_async_fifo.xpm_fifo_base_inst/gen_cdc_pntr.wr_pntr_cdc_inst/dest_graysync_ff_reg[0][3]/D
                            (rising edge-triggered cell FDRE clocked by clk_fpga_0)
  Reference Source:       base_i/Audio_controller/i2s_audio_stream/i2s_receiver_0/inst/I2S_RX_V1_0_SYS_INST/AXIS_FIFO_INST/xpm_fifo_async_inst/gnuram_async_fifo.xpm_fifo_base_inst/gen_cdc_pntr.wr_pntr_cdc_inst/src_gray_ff_reg[4]/C
                            (rising edge-triggered cell FDRE clocked by clk_12_288_base_clk_wiz_10MHz_1)
  Reference Destination:  base_i/Audio_controller/i2s_audio_stream/i2s_receiver_0/inst/I2S_RX_V1_0_SYS_INST/AXIS_FIFO_INST/xpm_fifo_async_inst/gnuram_async_fifo.xpm_fifo_base_inst/gen_cdc_pntr.wr_pntr_cdc_inst/dest_graysync_ff_reg[0][4]/D
                            (rising edge-triggered cell FDRE clocked by clk_fpga_0)
  Path Type:              Bus Skew (Max at Slow Process Corner)
  Requirement:            10.000ns
  Endpoint Relative Delay:    0.306ns
  Reference Relative Delay:  -0.836ns
  Relative CRPR:              0.392ns
  Uncertainty:                0.539ns
  Actual Bus Skew:            1.288ns  (Endpoint Relative Delay - Reference Relative Delay - Relative CRPR + Uncertainty)

Endpoint path:
    Location             Delay type                Incr(ns)  Path(ns)    Netlist Resource(s)
  -------------------------------------------------------------------    -------------------
                         (clock clk_12_288_base_clk_wiz_10MHz_1 rise edge)
                                                      0.000     0.000 r  
    BUFGCTRL_X0Y31       BUFG                         0.000     0.000 r  base_i/ps7_0/inst/buffer_fclk_clk_0.FCLK_CLK_0_BUFG/O
                         net (fo=19916, routed)       1.980     1.980    base_i/Audio_controller/clk_wiz_audio/inst/clk_in1
    MMCME2_ADV_X1Y2      MMCME2_ADV (Prop_mmcme2_adv_CLKIN1_CLKOUT0)
                                                     -4.287    -2.307 r  base_i/Audio_controller/clk_wiz_audio/inst/mmcm_adv_inst/CLKOUT0
                         net (fo=1, routed)           2.206    -0.101    base_i/Audio_controller/clk_wiz_audio/inst/clk_12_288_base_clk_wiz_10MHz_1
    BUFGCTRL_X0Y27       BUFG (Prop_bufg_I_O)         0.101    -0.000 r  base_i/Audio_controller/clk_wiz_audio/inst/clkout1_buf/O
                         net (fo=566, routed)         1.648     1.648    base_i/Audio_controller/i2s_audio_stream/i2s_receiver_0/inst/I2S_RX_V1_0_SYS_INST/AXIS_FIFO_INST/xpm_fifo_async_inst/gnuram_async_fifo.xpm_fifo_base_inst/gen_cdc_pntr.wr_pntr_cdc_inst/src_clk
    SLICE_X33Y62         FDRE                                         r  base_i/Audio_controller/i2s_audio_stream/i2s_receiver_0/inst/I2S_RX_V1_0_SYS_INST/AXIS_FIFO_INST/xpm_fifo_async_inst/gnuram_async_fifo.xpm_fifo_base_inst/gen_cdc_pntr.wr_pntr_cdc_inst/src_gray_ff_reg[3]/C
  -------------------------------------------------------------------    -------------------
    SLICE_X33Y62         FDRE (Prop_fdre_C_Q)         0.419     2.067 r  base_i/Audio_controller/i2s_audio_stream/i2s_receiver_0/inst/I2S_RX_V1_0_SYS_INST/AXIS_FIFO_INST/xpm_fifo_async_inst/gnuram_async_fifo.xpm_fifo_base_inst/gen_cdc_pntr.wr_pntr_cdc_inst/src_gray_ff_reg[3]/Q
                         net (fo=1, routed)           0.676     2.743    base_i/Audio_controller/i2s_audio_stream/i2s_receiver_0/inst/I2S_RX_V1_0_SYS_INST/AXIS_FIFO_INST/xpm_fifo_async_inst/gnuram_async_fifo.xpm_fifo_base_inst/gen_cdc_pntr.wr_pntr_cdc_inst/async_path[3]
    SLICE_X31Y61         FDRE                                         r  base_i/Audio_controller/i2s_audio_stream/i2s_receiver_0/inst/I2S_RX_V1_0_SYS_INST/AXIS_FIFO_INST/xpm_fifo_async_inst/gnuram_async_fifo.xpm_fifo_base_inst/gen_cdc_pntr.wr_pntr_cdc_inst/dest_graysync_ff_reg[0][3]/D
  -------------------------------------------------------------------    -------------------

                         (clock clk_fpga_0 rise edge)
                                                      0.000     0.000 r  
    PS7_X0Y0             PS7                          0.000     0.000 r  base_i/ps7_0/inst/PS7_i/FCLKCLK[0]
                         net (fo=1, routed)           1.088     1.088    base_i/ps7_0/inst/FCLK_CLK_unbuffered[0]
    BUFGCTRL_X0Y31       BUFG (Prop_bufg_I_O)         0.091     1.179 r  base_i/ps7_0/inst/buffer_fclk_clk_0.FCLK_CLK_0_BUFG/O
                         net (fo=19916, routed)       1.522     2.701    base_i/Audio_controller/i2s_audio_stream/i2s_receiver_0/inst/I2S_RX_V1_0_SYS_INST/AXIS_FIFO_INST/xpm_fifo_async_inst/gnuram_async_fifo.xpm_fifo_base_inst/gen_cdc_pntr.wr_pntr_cdc_inst/dest_clk
    SLICE_X31Y61         FDRE                                         r  base_i/Audio_controller/i2s_audio_stream/i2s_receiver_0/inst/I2S_RX_V1_0_SYS_INST/AXIS_FIFO_INST/xpm_fifo_async_inst/gnuram_async_fifo.xpm_fifo_base_inst/gen_cdc_pntr.wr_pntr_cdc_inst/dest_graysync_ff_reg[0][3]/C
                         clock pessimism              0.000     2.701    
    SLICE_X31Y61         FDRE (Setup_fdre_C_D)       -0.264     2.437    base_i/Audio_controller/i2s_audio_stream/i2s_receiver_0/inst/I2S_RX_V1_0_SYS_INST/AXIS_FIFO_INST/xpm_fifo_async_inst/gnuram_async_fifo.xpm_fifo_base_inst/gen_cdc_pntr.wr_pntr_cdc_inst/dest_graysync_ff_reg[0][3]
  -------------------------------------------------------------------
                         data arrival                           2.743    
                         clock arrival                          2.437    
  -------------------------------------------------------------------
                         relative delay                         0.306    

Reference path:
    Location             Delay type                Incr(ns)  Path(ns)    Netlist Resource(s)
  -------------------------------------------------------------------    -------------------
                         (clock clk_12_288_base_clk_wiz_10MHz_1 rise edge)
                                                      0.000     0.000 r  
    BUFGCTRL_X0Y31       BUFG                         0.000     0.000 r  base_i/ps7_0/inst/buffer_fclk_clk_0.FCLK_CLK_0_BUFG/O
                         net (fo=19916, routed)       1.770     1.770    base_i/Audio_controller/clk_wiz_audio/inst/clk_in1
    MMCME2_ADV_X1Y2      MMCME2_ADV (Prop_mmcme2_adv_CLKIN1_CLKOUT0)
                                                     -3.873    -2.103 r  base_i/Audio_controller/clk_wiz_audio/inst/mmcm_adv_inst/CLKOUT0
                         net (fo=1, routed)           2.012    -0.091    base_i/Audio_controller/clk_wiz_audio/inst/clk_12_288_base_clk_wiz_10MHz_1
    BUFGCTRL_X0Y27       BUFG (Prop_bufg_I_O)         0.091    -0.000 r  base_i/Audio_controller/clk_wiz_audio/inst/clkout1_buf/O
                         net (fo=566, routed)         1.475     1.475    base_i/Audio_controller/i2s_audio_stream/i2s_receiver_0/inst/I2S_RX_V1_0_SYS_INST/AXIS_FIFO_INST/xpm_fifo_async_inst/gnuram_async_fifo.xpm_fifo_base_inst/gen_cdc_pntr.wr_pntr_cdc_inst/src_clk
    SLICE_X33Y62         FDRE                                         r  base_i/Audio_controller/i2s_audio_stream/i2s_receiver_0/inst/I2S_RX_V1_0_SYS_INST/AXIS_FIFO_INST/xpm_fifo_async_inst/gnuram_async_fifo.xpm_fifo_base_inst/gen_cdc_pntr.wr_pntr_cdc_inst/src_gray_ff_reg[4]/C
  -------------------------------------------------------------------    -------------------
    SLICE_X33Y62         FDRE (Prop_fdre_C_Q)         0.367     1.842 r  base_i/Audio_controller/i2s_audio_stream/i2s_receiver_0/inst/I2S_RX_V1_0_SYS_INST/AXIS_FIFO_INST/xpm_fifo_async_inst/gnuram_async_fifo.xpm_fifo_base_inst/gen_cdc_pntr.wr_pntr_cdc_inst/src_gray_ff_reg[4]/Q
                         net (fo=1, routed)           0.433     2.275    base_i/Audio_controller/i2s_audio_stream/i2s_receiver_0/inst/I2S_RX_V1_0_SYS_INST/AXIS_FIFO_INST/xpm_fifo_async_inst/gnuram_async_fifo.xpm_fifo_base_inst/gen_cdc_pntr.wr_pntr_cdc_inst/async_path[4]
    SLICE_X41Y61         FDRE                                         r  base_i/Audio_controller/i2s_audio_stream/i2s_receiver_0/inst/I2S_RX_V1_0_SYS_INST/AXIS_FIFO_INST/xpm_fifo_async_inst/gnuram_async_fifo.xpm_fifo_base_inst/gen_cdc_pntr.wr_pntr_cdc_inst/dest_graysync_ff_reg[0][4]/D
  -------------------------------------------------------------------    -------------------

                         (clock clk_fpga_0 rise edge)
                                                      0.000     0.000 r  
    PS7_X0Y0             PS7                          0.000     0.000 r  base_i/ps7_0/inst/PS7_i/FCLKCLK[0]
                         net (fo=1, routed)           1.193     1.193    base_i/ps7_0/inst/FCLK_CLK_unbuffered[0]
    BUFGCTRL_X0Y31       BUFG (Prop_bufg_I_O)         0.101     1.294 r  base_i/ps7_0/inst/buffer_fclk_clk_0.FCLK_CLK_0_BUFG/O
                         net (fo=19916, routed)       1.648     2.942    base_i/Audio_controller/i2s_audio_stream/i2s_receiver_0/inst/I2S_RX_V1_0_SYS_INST/AXIS_FIFO_INST/xpm_fifo_async_inst/gnuram_async_fifo.xpm_fifo_base_inst/gen_cdc_pntr.wr_pntr_cdc_inst/dest_clk
    SLICE_X41Y61         FDRE                                         r  base_i/Audio_controller/i2s_audio_stream/i2s_receiver_0/inst/I2S_RX_V1_0_SYS_INST/AXIS_FIFO_INST/xpm_fifo_async_inst/gnuram_async_fifo.xpm_fifo_base_inst/gen_cdc_pntr.wr_pntr_cdc_inst/dest_graysync_ff_reg[0][4]/C
                         clock pessimism              0.000     2.942    
    SLICE_X41Y61         FDRE (Hold_fdre_C_D)         0.169     3.111    base_i/Audio_controller/i2s_audio_stream/i2s_receiver_0/inst/I2S_RX_V1_0_SYS_INST/AXIS_FIFO_INST/xpm_fifo_async_inst/gnuram_async_fifo.xpm_fifo_base_inst/gen_cdc_pntr.wr_pntr_cdc_inst/dest_graysync_ff_reg[0][4]
  -------------------------------------------------------------------
                         data arrival                           2.275    
                         clock arrival                          3.111    
  -------------------------------------------------------------------
                         relative delay                        -0.836    



Id: 3
set_bus_skew -from [get_cells [list {base_i/Audio_controller/i2s_audio_stream/i2s_transmitter_0/inst/I2S_TX_V1_0_SYS_INST/AXIS_FIFO_INST/xpm_fifo_async_inst/gnuram_async_fifo.xpm_fifo_base_inst/gen_cdc_pntr.rd_pntr_cdc_inst/src_gray_ff_reg[0]} {base_i/Audio_controller/i2s_audio_stream/i2s_transmitter_0/inst/I2S_TX_V1_0_SYS_INST/AXIS_FIFO_INST/xpm_fifo_async_inst/gnuram_async_fifo.xpm_fifo_base_inst/gen_cdc_pntr.rd_pntr_cdc_inst/src_gray_ff_reg[1]} {base_i/Audio_controller/i2s_audio_stream/i2s_transmitter_0/inst/I2S_TX_V1_0_SYS_INST/AXIS_FIFO_INST/xpm_fifo_async_inst/gnuram_async_fifo.xpm_fifo_base_inst/gen_cdc_pntr.rd_pntr_cdc_inst/src_gray_ff_reg[2]} {base_i/Audio_controller/i2s_audio_stream/i2s_transmitter_0/inst/I2S_TX_V1_0_SYS_INST/AXIS_FIFO_INST/xpm_fifo_async_inst/gnuram_async_fifo.xpm_fifo_base_inst/gen_cdc_pntr.rd_pntr_cdc_inst/src_gray_ff_reg[3]} {base_i/Audio_controller/i2s_audio_stream/i2s_transmitter_0/inst/I2S_TX_V1_0_SYS_INST/AXIS_FIFO_INST/xpm_fifo_async_inst/gnuram_async_fifo.xpm_fifo_base_inst/gen_cdc_pntr.rd_pntr_cdc_inst/src_gray_ff_reg[4]} {base_i/Audio_controller/i2s_audio_stream/i2s_transmitter_0/inst/I2S_TX_V1_0_SYS_INST/AXIS_FIFO_INST/xpm_fifo_async_inst/gnuram_async_fifo.xpm_fifo_base_inst/gen_cdc_pntr.rd_pntr_cdc_inst/src_gray_ff_reg[5]}]] -to [get_cells [list {base_i/Audio_controller/i2s_audio_stream/i2s_transmitter_0/inst/I2S_TX_V1_0_SYS_INST/AXIS_FIFO_INST/xpm_fifo_async_inst/gnuram_async_fifo.xpm_fifo_base_inst/gen_cdc_pntr.rd_pntr_cdc_inst/dest_graysync_ff_reg[0][0]} {base_i/Audio_controller/i2s_audio_stream/i2s_transmitter_0/inst/I2S_TX_V1_0_SYS_INST/AXIS_FIFO_INST/xpm_fifo_async_inst/gnuram_async_fifo.xpm_fifo_base_inst/gen_cdc_pntr.rd_pntr_cdc_inst/dest_graysync_ff_reg[0][1]} {base_i/Audio_controller/i2s_audio_stream/i2s_transmitter_0/inst/I2S_TX_V1_0_SYS_INST/AXIS_FIFO_INST/xpm_fifo_async_inst/gnuram_async_fifo.xpm_fifo_base_inst/gen_cdc_pntr.rd_pntr_cdc_inst/dest_graysync_ff_reg[0][2]} {base_i/Audio_controller/i2s_audio_stream/i2s_transmitter_0/inst/I2S_TX_V1_0_SYS_INST/AXIS_FIFO_INST/xpm_fifo_async_inst/gnuram_async_fifo.xpm_fifo_base_inst/gen_cdc_pntr.rd_pntr_cdc_inst/dest_graysync_ff_reg[0][3]} {base_i/Audio_controller/i2s_audio_stream/i2s_transmitter_0/inst/I2S_TX_V1_0_SYS_INST/AXIS_FIFO_INST/xpm_fifo_async_inst/gnuram_async_fifo.xpm_fifo_base_inst/gen_cdc_pntr.rd_pntr_cdc_inst/dest_graysync_ff_reg[0][4]} {base_i/Audio_controller/i2s_audio_stream/i2s_transmitter_0/inst/I2S_TX_V1_0_SYS_INST/AXIS_FIFO_INST/xpm_fifo_async_inst/gnuram_async_fifo.xpm_fifo_base_inst/gen_cdc_pntr.rd_pntr_cdc_inst/dest_graysync_ff_reg[0][5]}]] 10.000
Requirement: 10.000ns
Endpoints: 6

From Clock            To Clock              Endpoint Pin                    Reference Pin                   Corner  Actual(ns)  Slack(ns)
--------------------  --------------------  ------------------------------  ------------------------------  ------  ----------  ---------
clk_12_288_base_clk_wiz_10MHz_1
                      clk_fpga_0            base_i/Audio_controller/i2s_audio_stream/i2s_transmitter_0/inst/I2S_TX_V1_0_SYS_INST/AXIS_FIFO_INST/xpm_fifo_async_inst/gnuram_async_fifo.xpm_fifo_base_inst/gen_cdc_pntr.rd_pntr_cdc_inst/dest_graysync_ff_reg[0][5]/D
                                                                            base_i/Audio_controller/i2s_audio_stream/i2s_transmitter_0/inst/I2S_TX_V1_0_SYS_INST/AXIS_FIFO_INST/xpm_fifo_async_inst/gnuram_async_fifo.xpm_fifo_base_inst/gen_cdc_pntr.rd_pntr_cdc_inst/dest_graysync_ff_reg[0][0]/D
                                                                                                            Slow         1.472      8.528


Slack (MET) :             8.528ns  (requirement - actual skew)
  Endpoint Source:        base_i/Audio_controller/i2s_audio_stream/i2s_transmitter_0/inst/I2S_TX_V1_0_SYS_INST/AXIS_FIFO_INST/xpm_fifo_async_inst/gnuram_async_fifo.xpm_fifo_base_inst/gen_cdc_pntr.rd_pntr_cdc_inst/src_gray_ff_reg[5]/C
                            (rising edge-triggered cell FDRE clocked by clk_12_288_base_clk_wiz_10MHz_1)
  Endpoint Destination:   base_i/Audio_controller/i2s_audio_stream/i2s_transmitter_0/inst/I2S_TX_V1_0_SYS_INST/AXIS_FIFO_INST/xpm_fifo_async_inst/gnuram_async_fifo.xpm_fifo_base_inst/gen_cdc_pntr.rd_pntr_cdc_inst/dest_graysync_ff_reg[0][5]/D
                            (rising edge-triggered cell FDRE clocked by clk_fpga_0)
  Reference Source:       base_i/Audio_controller/i2s_audio_stream/i2s_transmitter_0/inst/I2S_TX_V1_0_SYS_INST/AXIS_FIFO_INST/xpm_fifo_async_inst/gnuram_async_fifo.xpm_fifo_base_inst/gen_cdc_pntr.rd_pntr_cdc_inst/src_gray_ff_reg[0]/C
                            (rising edge-triggered cell FDRE clocked by clk_12_288_base_clk_wiz_10MHz_1)
  Reference Destination:  base_i/Audio_controller/i2s_audio_stream/i2s_transmitter_0/inst/I2S_TX_V1_0_SYS_INST/AXIS_FIFO_INST/xpm_fifo_async_inst/gnuram_async_fifo.xpm_fifo_base_inst/gen_cdc_pntr.rd_pntr_cdc_inst/dest_graysync_ff_reg[0][0]/D
                            (rising edge-triggered cell FDRE clocked by clk_fpga_0)
  Path Type:              Bus Skew (Max at Slow Process Corner)
  Requirement:            10.000ns
  Endpoint Relative Delay:    0.440ns
  Reference Relative Delay:  -0.749ns
  Relative CRPR:              0.257ns
  Uncertainty:                0.539ns
  Actual Bus Skew:            1.472ns  (Endpoint Relative Delay - Reference Relative Delay - Relative CRPR + Uncertainty)

Endpoint path:
    Location             Delay type                Incr(ns)  Path(ns)    Netlist Resource(s)
  -------------------------------------------------------------------    -------------------
                         (clock clk_12_288_base_clk_wiz_10MHz_1 rise edge)
                                                      0.000     0.000 r  
    BUFGCTRL_X0Y31       BUFG                         0.000     0.000 r  base_i/ps7_0/inst/buffer_fclk_clk_0.FCLK_CLK_0_BUFG/O
                         net (fo=19916, routed)       1.980     1.980    base_i/Audio_controller/clk_wiz_audio/inst/clk_in1
    MMCME2_ADV_X1Y2      MMCME2_ADV (Prop_mmcme2_adv_CLKIN1_CLKOUT0)
                                                     -4.287    -2.307 r  base_i/Audio_controller/clk_wiz_audio/inst/mmcm_adv_inst/CLKOUT0
                         net (fo=1, routed)           2.206    -0.101    base_i/Audio_controller/clk_wiz_audio/inst/clk_12_288_base_clk_wiz_10MHz_1
    BUFGCTRL_X0Y27       BUFG (Prop_bufg_I_O)         0.101    -0.000 r  base_i/Audio_controller/clk_wiz_audio/inst/clkout1_buf/O
                         net (fo=566, routed)         1.750     1.750    base_i/Audio_controller/i2s_audio_stream/i2s_transmitter_0/inst/I2S_TX_V1_0_SYS_INST/AXIS_FIFO_INST/xpm_fifo_async_inst/gnuram_async_fifo.xpm_fifo_base_inst/gen_cdc_pntr.rd_pntr_cdc_inst/src_clk
    SLICE_X27Y49         FDRE                                         r  base_i/Audio_controller/i2s_audio_stream/i2s_transmitter_0/inst/I2S_TX_V1_0_SYS_INST/AXIS_FIFO_INST/xpm_fifo_async_inst/gnuram_async_fifo.xpm_fifo_base_inst/gen_cdc_pntr.rd_pntr_cdc_inst/src_gray_ff_reg[5]/C
  -------------------------------------------------------------------    -------------------
    SLICE_X27Y49         FDRE (Prop_fdre_C_Q)         0.419     2.169 r  base_i/Audio_controller/i2s_audio_stream/i2s_transmitter_0/inst/I2S_TX_V1_0_SYS_INST/AXIS_FIFO_INST/xpm_fifo_async_inst/gnuram_async_fifo.xpm_fifo_base_inst/gen_cdc_pntr.rd_pntr_cdc_inst/src_gray_ff_reg[5]/Q
                         net (fo=1, routed)           0.706     2.875    base_i/Audio_controller/i2s_audio_stream/i2s_transmitter_0/inst/I2S_TX_V1_0_SYS_INST/AXIS_FIFO_INST/xpm_fifo_async_inst/gnuram_async_fifo.xpm_fifo_base_inst/gen_cdc_pntr.rd_pntr_cdc_inst/async_path[5]
    SLICE_X27Y50         FDRE                                         r  base_i/Audio_controller/i2s_audio_stream/i2s_transmitter_0/inst/I2S_TX_V1_0_SYS_INST/AXIS_FIFO_INST/xpm_fifo_async_inst/gnuram_async_fifo.xpm_fifo_base_inst/gen_cdc_pntr.rd_pntr_cdc_inst/dest_graysync_ff_reg[0][5]/D
  -------------------------------------------------------------------    -------------------

                         (clock clk_fpga_0 rise edge)
                                                      0.000     0.000 r  
    PS7_X0Y0             PS7                          0.000     0.000 r  base_i/ps7_0/inst/PS7_i/FCLKCLK[0]
                         net (fo=1, routed)           1.088     1.088    base_i/ps7_0/inst/FCLK_CLK_unbuffered[0]
    BUFGCTRL_X0Y31       BUFG (Prop_bufg_I_O)         0.091     1.179 r  base_i/ps7_0/inst/buffer_fclk_clk_0.FCLK_CLK_0_BUFG/O
                         net (fo=19916, routed)       1.522     2.701    base_i/Audio_controller/i2s_audio_stream/i2s_transmitter_0/inst/I2S_TX_V1_0_SYS_INST/AXIS_FIFO_INST/xpm_fifo_async_inst/gnuram_async_fifo.xpm_fifo_base_inst/gen_cdc_pntr.rd_pntr_cdc_inst/dest_clk
    SLICE_X27Y50         FDRE                                         r  base_i/Audio_controller/i2s_audio_stream/i2s_transmitter_0/inst/I2S_TX_V1_0_SYS_INST/AXIS_FIFO_INST/xpm_fifo_async_inst/gnuram_async_fifo.xpm_fifo_base_inst/gen_cdc_pntr.rd_pntr_cdc_inst/dest_graysync_ff_reg[0][5]/C
                         clock pessimism              0.000     2.701    
    SLICE_X27Y50         FDRE (Setup_fdre_C_D)       -0.266     2.435    base_i/Audio_controller/i2s_audio_stream/i2s_transmitter_0/inst/I2S_TX_V1_0_SYS_INST/AXIS_FIFO_INST/xpm_fifo_async_inst/gnuram_async_fifo.xpm_fifo_base_inst/gen_cdc_pntr.rd_pntr_cdc_inst/dest_graysync_ff_reg[0][5]
  -------------------------------------------------------------------
                         data arrival                           2.875    
                         clock arrival                          2.435    
  -------------------------------------------------------------------
                         relative delay                         0.440    

Reference path:
    Location             Delay type                Incr(ns)  Path(ns)    Netlist Resource(s)
  -------------------------------------------------------------------    -------------------
                         (clock clk_12_288_base_clk_wiz_10MHz_1 rise edge)
                                                      0.000     0.000 r  
    BUFGCTRL_X0Y31       BUFG                         0.000     0.000 r  base_i/ps7_0/inst/buffer_fclk_clk_0.FCLK_CLK_0_BUFG/O
                         net (fo=19916, routed)       1.770     1.770    base_i/Audio_controller/clk_wiz_audio/inst/clk_in1
    MMCME2_ADV_X1Y2      MMCME2_ADV (Prop_mmcme2_adv_CLKIN1_CLKOUT0)
                                                     -3.873    -2.103 r  base_i/Audio_controller/clk_wiz_audio/inst/mmcm_adv_inst/CLKOUT0
                         net (fo=1, routed)           2.012    -0.091    base_i/Audio_controller/clk_wiz_audio/inst/clk_12_288_base_clk_wiz_10MHz_1
    BUFGCTRL_X0Y27       BUFG (Prop_bufg_I_O)         0.091    -0.000 r  base_i/Audio_controller/clk_wiz_audio/inst/clkout1_buf/O
                         net (fo=566, routed)         1.573     1.573    base_i/Audio_controller/i2s_audio_stream/i2s_transmitter_0/inst/I2S_TX_V1_0_SYS_INST/AXIS_FIFO_INST/xpm_fifo_async_inst/gnuram_async_fifo.xpm_fifo_base_inst/gen_cdc_pntr.rd_pntr_cdc_inst/src_clk
    SLICE_X26Y47         FDRE                                         r  base_i/Audio_controller/i2s_audio_stream/i2s_transmitter_0/inst/I2S_TX_V1_0_SYS_INST/AXIS_FIFO_INST/xpm_fifo_async_inst/gnuram_async_fifo.xpm_fifo_base_inst/gen_cdc_pntr.rd_pntr_cdc_inst/src_gray_ff_reg[0]/C
  -------------------------------------------------------------------    -------------------
    SLICE_X26Y47         FDRE (Prop_fdre_C_Q)         0.418     1.991 r  base_i/Audio_controller/i2s_audio_stream/i2s_transmitter_0/inst/I2S_TX_V1_0_SYS_INST/AXIS_FIFO_INST/xpm_fifo_async_inst/gnuram_async_fifo.xpm_fifo_base_inst/gen_cdc_pntr.rd_pntr_cdc_inst/src_gray_ff_reg[0]/Q
                         net (fo=1, routed)           0.533     2.525    base_i/Audio_controller/i2s_audio_stream/i2s_transmitter_0/inst/I2S_TX_V1_0_SYS_INST/AXIS_FIFO_INST/xpm_fifo_async_inst/gnuram_async_fifo.xpm_fifo_base_inst/gen_cdc_pntr.rd_pntr_cdc_inst/async_path[0]
    SLICE_X26Y48         FDRE                                         r  base_i/Audio_controller/i2s_audio_stream/i2s_transmitter_0/inst/I2S_TX_V1_0_SYS_INST/AXIS_FIFO_INST/xpm_fifo_async_inst/gnuram_async_fifo.xpm_fifo_base_inst/gen_cdc_pntr.rd_pntr_cdc_inst/dest_graysync_ff_reg[0][0]/D
  -------------------------------------------------------------------    -------------------

                         (clock clk_fpga_0 rise edge)
                                                      0.000     0.000 r  
    PS7_X0Y0             PS7                          0.000     0.000 r  base_i/ps7_0/inst/PS7_i/FCLKCLK[0]
                         net (fo=1, routed)           1.193     1.193    base_i/ps7_0/inst/FCLK_CLK_unbuffered[0]
    BUFGCTRL_X0Y31       BUFG (Prop_bufg_I_O)         0.101     1.294 r  base_i/ps7_0/inst/buffer_fclk_clk_0.FCLK_CLK_0_BUFG/O
                         net (fo=19916, routed)       1.750     3.044    base_i/Audio_controller/i2s_audio_stream/i2s_transmitter_0/inst/I2S_TX_V1_0_SYS_INST/AXIS_FIFO_INST/xpm_fifo_async_inst/gnuram_async_fifo.xpm_fifo_base_inst/gen_cdc_pntr.rd_pntr_cdc_inst/dest_clk
    SLICE_X26Y48         FDRE                                         r  base_i/Audio_controller/i2s_audio_stream/i2s_transmitter_0/inst/I2S_TX_V1_0_SYS_INST/AXIS_FIFO_INST/xpm_fifo_async_inst/gnuram_async_fifo.xpm_fifo_base_inst/gen_cdc_pntr.rd_pntr_cdc_inst/dest_graysync_ff_reg[0][0]/C
                         clock pessimism              0.000     3.044    
    SLICE_X26Y48         FDRE (Hold_fdre_C_D)         0.230     3.274    base_i/Audio_controller/i2s_audio_stream/i2s_transmitter_0/inst/I2S_TX_V1_0_SYS_INST/AXIS_FIFO_INST/xpm_fifo_async_inst/gnuram_async_fifo.xpm_fifo_base_inst/gen_cdc_pntr.rd_pntr_cdc_inst/dest_graysync_ff_reg[0][0]
  -------------------------------------------------------------------
                         data arrival                           2.525    
                         clock arrival                          3.274    
  -------------------------------------------------------------------
                         relative delay                        -0.749    



Id: 4
set_bus_skew -from [get_cells [list {base_i/Audio_controller/i2s_audio_stream/i2s_transmitter_0/inst/I2S_TX_V1_0_SYS_INST/AXIS_FIFO_INST/xpm_fifo_async_inst/gnuram_async_fifo.xpm_fifo_base_inst/gen_cdc_pntr.wr_pntr_cdc_inst/src_gray_ff_reg[0]} {base_i/Audio_controller/i2s_audio_stream/i2s_transmitter_0/inst/I2S_TX_V1_0_SYS_INST/AXIS_FIFO_INST/xpm_fifo_async_inst/gnuram_async_fifo.xpm_fifo_base_inst/gen_cdc_pntr.wr_pntr_cdc_inst/src_gray_ff_reg[1]} {base_i/Audio_controller/i2s_audio_stream/i2s_transmitter_0/inst/I2S_TX_V1_0_SYS_INST/AXIS_FIFO_INST/xpm_fifo_async_inst/gnuram_async_fifo.xpm_fifo_base_inst/gen_cdc_pntr.wr_pntr_cdc_inst/src_gray_ff_reg[2]} {base_i/Audio_controller/i2s_audio_stream/i2s_transmitter_0/inst/I2S_TX_V1_0_SYS_INST/AXIS_FIFO_INST/xpm_fifo_async_inst/gnuram_async_fifo.xpm_fifo_base_inst/gen_cdc_pntr.wr_pntr_cdc_inst/src_gray_ff_reg[3]} {base_i/Audio_controller/i2s_audio_stream/i2s_transmitter_0/inst/I2S_TX_V1_0_SYS_INST/AXIS_FIFO_INST/xpm_fifo_async_inst/gnuram_async_fifo.xpm_fifo_base_inst/gen_cdc_pntr.wr_pntr_cdc_inst/src_gray_ff_reg[4]} {base_i/Audio_controller/i2s_audio_stream/i2s_transmitter_0/inst/I2S_TX_V1_0_SYS_INST/AXIS_FIFO_INST/xpm_fifo_async_inst/gnuram_async_fifo.xpm_fifo_base_inst/gen_cdc_pntr.wr_pntr_cdc_inst/src_gray_ff_reg[5]}]] -to [get_cells [list {base_i/Audio_controller/i2s_audio_stream/i2s_transmitter_0/inst/I2S_TX_V1_0_SYS_INST/AXIS_FIFO_INST/xpm_fifo_async_inst/gnuram_async_fifo.xpm_fifo_base_inst/gen_cdc_pntr.wr_pntr_cdc_inst/dest_graysync_ff_reg[0][0]} {base_i/Audio_controller/i2s_audio_stream/i2s_transmitter_0/inst/I2S_TX_V1_0_SYS_INST/AXIS_FIFO_INST/xpm_fifo_async_inst/gnuram_async_fifo.xpm_fifo_base_inst/gen_cdc_pntr.wr_pntr_cdc_inst/dest_graysync_ff_reg[0][1]} {base_i/Audio_controller/i2s_audio_stream/i2s_transmitter_0/inst/I2S_TX_V1_0_SYS_INST/AXIS_FIFO_INST/xpm_fifo_async_inst/gnuram_async_fifo.xpm_fifo_base_inst/gen_cdc_pntr.wr_pntr_cdc_inst/dest_graysync_ff_reg[0][2]} {base_i/Audio_controller/i2s_audio_stream/i2s_transmitter_0/inst/I2S_TX_V1_0_SYS_INST/AXIS_FIFO_INST/xpm_fifo_async_inst/gnuram_async_fifo.xpm_fifo_base_inst/gen_cdc_pntr.wr_pntr_cdc_inst/dest_graysync_ff_reg[0][3]} {base_i/Audio_controller/i2s_audio_stream/i2s_transmitter_0/inst/I2S_TX_V1_0_SYS_INST/AXIS_FIFO_INST/xpm_fifo_async_inst/gnuram_async_fifo.xpm_fifo_base_inst/gen_cdc_pntr.wr_pntr_cdc_inst/dest_graysync_ff_reg[0][4]} {base_i/Audio_controller/i2s_audio_stream/i2s_transmitter_0/inst/I2S_TX_V1_0_SYS_INST/AXIS_FIFO_INST/xpm_fifo_async_inst/gnuram_async_fifo.xpm_fifo_base_inst/gen_cdc_pntr.wr_pntr_cdc_inst/dest_graysync_ff_reg[0][5]}]] 10.000
Requirement: 10.000ns
Endpoints: 6

From Clock            To Clock              Endpoint Pin                    Reference Pin                   Corner  Actual(ns)  Slack(ns)
--------------------  --------------------  ------------------------------  ------------------------------  ------  ----------  ---------
clk_fpga_0            clk_12_288_base_clk_wiz_10MHz_1
                                            base_i/Audio_controller/i2s_audio_stream/i2s_transmitter_0/inst/I2S_TX_V1_0_SYS_INST/AXIS_FIFO_INST/xpm_fifo_async_inst/gnuram_async_fifo.xpm_fifo_base_inst/gen_cdc_pntr.wr_pntr_cdc_inst/dest_graysync_ff_reg[0][1]/D
                                                                            base_i/Audio_controller/i2s_audio_stream/i2s_transmitter_0/inst/I2S_TX_V1_0_SYS_INST/AXIS_FIFO_INST/xpm_fifo_async_inst/gnuram_async_fifo.xpm_fifo_base_inst/gen_cdc_pntr.wr_pntr_cdc_inst/dest_graysync_ff_reg[0][4]/D
                                                                                                            Slow         1.307      8.693


Slack (MET) :             8.693ns  (requirement - actual skew)
  Endpoint Source:        base_i/Audio_controller/i2s_audio_stream/i2s_transmitter_0/inst/I2S_TX_V1_0_SYS_INST/AXIS_FIFO_INST/xpm_fifo_async_inst/gnuram_async_fifo.xpm_fifo_base_inst/gen_cdc_pntr.wr_pntr_cdc_inst/src_gray_ff_reg[1]/C
                            (rising edge-triggered cell FDRE clocked by clk_fpga_0)
  Endpoint Destination:   base_i/Audio_controller/i2s_audio_stream/i2s_transmitter_0/inst/I2S_TX_V1_0_SYS_INST/AXIS_FIFO_INST/xpm_fifo_async_inst/gnuram_async_fifo.xpm_fifo_base_inst/gen_cdc_pntr.wr_pntr_cdc_inst/dest_graysync_ff_reg[0][1]/D
                            (rising edge-triggered cell FDRE clocked by clk_12_288_base_clk_wiz_10MHz_1)
  Reference Source:       base_i/Audio_controller/i2s_audio_stream/i2s_transmitter_0/inst/I2S_TX_V1_0_SYS_INST/AXIS_FIFO_INST/xpm_fifo_async_inst/gnuram_async_fifo.xpm_fifo_base_inst/gen_cdc_pntr.wr_pntr_cdc_inst/src_gray_ff_reg[4]/C
                            (rising edge-triggered cell FDRE clocked by clk_fpga_0)
  Reference Destination:  base_i/Audio_controller/i2s_audio_stream/i2s_transmitter_0/inst/I2S_TX_V1_0_SYS_INST/AXIS_FIFO_INST/xpm_fifo_async_inst/gnuram_async_fifo.xpm_fifo_base_inst/gen_cdc_pntr.wr_pntr_cdc_inst/dest_graysync_ff_reg[0][4]/D
                            (rising edge-triggered cell FDRE clocked by clk_12_288_base_clk_wiz_10MHz_1)
  Path Type:              Bus Skew (Max at Slow Process Corner)
  Requirement:            10.000ns
  Endpoint Relative Delay:    2.752ns
  Reference Relative Delay:   1.576ns
  Relative CRPR:              0.408ns
  Uncertainty:                0.539ns
  Actual Bus Skew:            1.307ns  (Endpoint Relative Delay - Reference Relative Delay - Relative CRPR + Uncertainty)

Endpoint path:
    Location             Delay type                Incr(ns)  Path(ns)    Netlist Resource(s)
  -------------------------------------------------------------------    -------------------
                         (clock clk_fpga_0 rise edge)
                                                      0.000     0.000 r  
    PS7_X0Y0             PS7                          0.000     0.000 r  base_i/ps7_0/inst/PS7_i/FCLKCLK[0]
                         net (fo=1, routed)           1.193     1.193    base_i/ps7_0/inst/FCLK_CLK_unbuffered[0]
    BUFGCTRL_X0Y31       BUFG (Prop_bufg_I_O)         0.101     1.294 r  base_i/ps7_0/inst/buffer_fclk_clk_0.FCLK_CLK_0_BUFG/O
                         net (fo=19916, routed)       1.750     3.044    base_i/Audio_controller/i2s_audio_stream/i2s_transmitter_0/inst/I2S_TX_V1_0_SYS_INST/AXIS_FIFO_INST/xpm_fifo_async_inst/gnuram_async_fifo.xpm_fifo_base_inst/gen_cdc_pntr.wr_pntr_cdc_inst/src_clk
    SLICE_X26Y48         FDRE                                         r  base_i/Audio_controller/i2s_audio_stream/i2s_transmitter_0/inst/I2S_TX_V1_0_SYS_INST/AXIS_FIFO_INST/xpm_fifo_async_inst/gnuram_async_fifo.xpm_fifo_base_inst/gen_cdc_pntr.wr_pntr_cdc_inst/src_gray_ff_reg[1]/C
  -------------------------------------------------------------------    -------------------
    SLICE_X26Y48         FDRE (Prop_fdre_C_Q)         0.478     3.522 r  base_i/Audio_controller/i2s_audio_stream/i2s_transmitter_0/inst/I2S_TX_V1_0_SYS_INST/AXIS_FIFO_INST/xpm_fifo_async_inst/gnuram_async_fifo.xpm_fifo_base_inst/gen_cdc_pntr.wr_pntr_cdc_inst/src_gray_ff_reg[1]/Q
                         net (fo=1, routed)           0.588     4.110    base_i/Audio_controller/i2s_audio_stream/i2s_transmitter_0/inst/I2S_TX_V1_0_SYS_INST/AXIS_FIFO_INST/xpm_fifo_async_inst/gnuram_async_fifo.xpm_fifo_base_inst/gen_cdc_pntr.wr_pntr_cdc_inst/async_path[1]
    SLICE_X26Y46         FDRE                                         r  base_i/Audio_controller/i2s_audio_stream/i2s_transmitter_0/inst/I2S_TX_V1_0_SYS_INST/AXIS_FIFO_INST/xpm_fifo_async_inst/gnuram_async_fifo.xpm_fifo_base_inst/gen_cdc_pntr.wr_pntr_cdc_inst/dest_graysync_ff_reg[0][1]/D
  -------------------------------------------------------------------    -------------------

                         (clock clk_12_288_base_clk_wiz_10MHz_1 rise edge)
                                                      0.000     0.000 r  
    BUFGCTRL_X0Y31       BUFG                         0.000     0.000 r  base_i/ps7_0/inst/buffer_fclk_clk_0.FCLK_CLK_0_BUFG/O
                         net (fo=19916, routed)       1.770     1.770    base_i/Audio_controller/clk_wiz_audio/inst/clk_in1
    MMCME2_ADV_X1Y2      MMCME2_ADV (Prop_mmcme2_adv_CLKIN1_CLKOUT0)
                                                     -3.873    -2.103 r  base_i/Audio_controller/clk_wiz_audio/inst/mmcm_adv_inst/CLKOUT0
                         net (fo=1, routed)           2.012    -0.091    base_i/Audio_controller/clk_wiz_audio/inst/clk_12_288_base_clk_wiz_10MHz_1
    BUFGCTRL_X0Y27       BUFG (Prop_bufg_I_O)         0.091    -0.000 r  base_i/Audio_controller/clk_wiz_audio/inst/clkout1_buf/O
                         net (fo=566, routed)         1.572     1.572    base_i/Audio_controller/i2s_audio_stream/i2s_transmitter_0/inst/I2S_TX_V1_0_SYS_INST/AXIS_FIFO_INST/xpm_fifo_async_inst/gnuram_async_fifo.xpm_fifo_base_inst/gen_cdc_pntr.wr_pntr_cdc_inst/dest_clk
    SLICE_X26Y46         FDRE                                         r  base_i/Audio_controller/i2s_audio_stream/i2s_transmitter_0/inst/I2S_TX_V1_0_SYS_INST/AXIS_FIFO_INST/xpm_fifo_async_inst/gnuram_async_fifo.xpm_fifo_base_inst/gen_cdc_pntr.wr_pntr_cdc_inst/dest_graysync_ff_reg[0][1]/C
                         clock pessimism              0.000     1.572    
    SLICE_X26Y46         FDRE (Setup_fdre_C_D)       -0.215     1.357    base_i/Audio_controller/i2s_audio_stream/i2s_transmitter_0/inst/I2S_TX_V1_0_SYS_INST/AXIS_FIFO_INST/xpm_fifo_async_inst/gnuram_async_fifo.xpm_fifo_base_inst/gen_cdc_pntr.wr_pntr_cdc_inst/dest_graysync_ff_reg[0][1]
  -------------------------------------------------------------------
                         data arrival                           4.110    
                         clock arrival                          1.357    
  -------------------------------------------------------------------
                         relative delay                         2.752    

Reference path:
    Location             Delay type                Incr(ns)  Path(ns)    Netlist Resource(s)
  -------------------------------------------------------------------    -------------------
                         (clock clk_fpga_0 rise edge)
                                                      0.000     0.000 r  
    PS7_X0Y0             PS7                          0.000     0.000 r  base_i/ps7_0/inst/PS7_i/FCLKCLK[0]
                         net (fo=1, routed)           1.088     1.088    base_i/ps7_0/inst/FCLK_CLK_unbuffered[0]
    BUFGCTRL_X0Y31       BUFG (Prop_bufg_I_O)         0.091     1.179 r  base_i/ps7_0/inst/buffer_fclk_clk_0.FCLK_CLK_0_BUFG/O
                         net (fo=19916, routed)       1.572     2.751    base_i/Audio_controller/i2s_audio_stream/i2s_transmitter_0/inst/I2S_TX_V1_0_SYS_INST/AXIS_FIFO_INST/xpm_fifo_async_inst/gnuram_async_fifo.xpm_fifo_base_inst/gen_cdc_pntr.wr_pntr_cdc_inst/src_clk
    SLICE_X24Y46         FDRE                                         r  base_i/Audio_controller/i2s_audio_stream/i2s_transmitter_0/inst/I2S_TX_V1_0_SYS_INST/AXIS_FIFO_INST/xpm_fifo_async_inst/gnuram_async_fifo.xpm_fifo_base_inst/gen_cdc_pntr.wr_pntr_cdc_inst/src_gray_ff_reg[4]/C
  -------------------------------------------------------------------    -------------------
    SLICE_X24Y46         FDRE (Prop_fdre_C_Q)         0.367     3.118 r  base_i/Audio_controller/i2s_audio_stream/i2s_transmitter_0/inst/I2S_TX_V1_0_SYS_INST/AXIS_FIFO_INST/xpm_fifo_async_inst/gnuram_async_fifo.xpm_fifo_base_inst/gen_cdc_pntr.wr_pntr_cdc_inst/src_gray_ff_reg[4]/Q
                         net (fo=1, routed)           0.377     3.496    base_i/Audio_controller/i2s_audio_stream/i2s_transmitter_0/inst/I2S_TX_V1_0_SYS_INST/AXIS_FIFO_INST/xpm_fifo_async_inst/gnuram_async_fifo.xpm_fifo_base_inst/gen_cdc_pntr.wr_pntr_cdc_inst/async_path[4]
    SLICE_X24Y45         FDRE                                         r  base_i/Audio_controller/i2s_audio_stream/i2s_transmitter_0/inst/I2S_TX_V1_0_SYS_INST/AXIS_FIFO_INST/xpm_fifo_async_inst/gnuram_async_fifo.xpm_fifo_base_inst/gen_cdc_pntr.wr_pntr_cdc_inst/dest_graysync_ff_reg[0][4]/D
  -------------------------------------------------------------------    -------------------

                         (clock clk_12_288_base_clk_wiz_10MHz_1 rise edge)
                                                      0.000     0.000 r  
    BUFGCTRL_X0Y31       BUFG                         0.000     0.000 r  base_i/ps7_0/inst/buffer_fclk_clk_0.FCLK_CLK_0_BUFG/O
                         net (fo=19916, routed)       1.980     1.980    base_i/Audio_controller/clk_wiz_audio/inst/clk_in1
    MMCME2_ADV_X1Y2      MMCME2_ADV (Prop_mmcme2_adv_CLKIN1_CLKOUT0)
                                                     -4.287    -2.307 r  base_i/Audio_controller/clk_wiz_audio/inst/mmcm_adv_inst/CLKOUT0
                         net (fo=1, routed)           2.206    -0.101    base_i/Audio_controller/clk_wiz_audio/inst/clk_12_288_base_clk_wiz_10MHz_1
    BUFGCTRL_X0Y27       BUFG (Prop_bufg_I_O)         0.101    -0.000 r  base_i/Audio_controller/clk_wiz_audio/inst/clkout1_buf/O
                         net (fo=566, routed)         1.749     1.749    base_i/Audio_controller/i2s_audio_stream/i2s_transmitter_0/inst/I2S_TX_V1_0_SYS_INST/AXIS_FIFO_INST/xpm_fifo_async_inst/gnuram_async_fifo.xpm_fifo_base_inst/gen_cdc_pntr.wr_pntr_cdc_inst/dest_clk
    SLICE_X24Y45         FDRE                                         r  base_i/Audio_controller/i2s_audio_stream/i2s_transmitter_0/inst/I2S_TX_V1_0_SYS_INST/AXIS_FIFO_INST/xpm_fifo_async_inst/gnuram_async_fifo.xpm_fifo_base_inst/gen_cdc_pntr.wr_pntr_cdc_inst/dest_graysync_ff_reg[0][4]/C
                         clock pessimism              0.000     1.749    
    SLICE_X24Y45         FDRE (Hold_fdre_C_D)         0.171     1.920    base_i/Audio_controller/i2s_audio_stream/i2s_transmitter_0/inst/I2S_TX_V1_0_SYS_INST/AXIS_FIFO_INST/xpm_fifo_async_inst/gnuram_async_fifo.xpm_fifo_base_inst/gen_cdc_pntr.wr_pntr_cdc_inst/dest_graysync_ff_reg[0][4]
  -------------------------------------------------------------------
                         data arrival                           3.496    
                         clock arrival                          1.920    
  -------------------------------------------------------------------
                         relative delay                         1.576    



Id: 5
set_bus_skew -from [get_cells [list {base_i/Audio_controller/i2s_audio_stream/i2s_transmitter_0/inst/I2S_TX_V1_0_SYS_INST/AXIS_FIFO_INST/xpm_fifo_async_inst/gnuram_async_fifo.xpm_fifo_base_inst/gen_cdc_pntr.wr_pntr_cdc_dc_inst/src_gray_ff_reg[0]} {base_i/Audio_controller/i2s_audio_stream/i2s_transmitter_0/inst/I2S_TX_V1_0_SYS_INST/AXIS_FIFO_INST/xpm_fifo_async_inst/gnuram_async_fifo.xpm_fifo_base_inst/gen_cdc_pntr.wr_pntr_cdc_dc_inst/src_gray_ff_reg[1]} {base_i/Audio_controller/i2s_audio_stream/i2s_transmitter_0/inst/I2S_TX_V1_0_SYS_INST/AXIS_FIFO_INST/xpm_fifo_async_inst/gnuram_async_fifo.xpm_fifo_base_inst/gen_cdc_pntr.wr_pntr_cdc_dc_inst/src_gray_ff_reg[2]} {base_i/Audio_controller/i2s_audio_stream/i2s_transmitter_0/inst/I2S_TX_V1_0_SYS_INST/AXIS_FIFO_INST/xpm_fifo_async_inst/gnuram_async_fifo.xpm_fifo_base_inst/gen_cdc_pntr.wr_pntr_cdc_dc_inst/src_gray_ff_reg[3]} {base_i/Audio_controller/i2s_audio_stream/i2s_transmitter_0/inst/I2S_TX_V1_0_SYS_INST/AXIS_FIFO_INST/xpm_fifo_async_inst/gnuram_async_fifo.xpm_fifo_base_inst/gen_cdc_pntr.wr_pntr_cdc_dc_inst/src_gray_ff_reg[4]} {base_i/Audio_controller/i2s_audio_stream/i2s_transmitter_0/inst/I2S_TX_V1_0_SYS_INST/AXIS_FIFO_INST/xpm_fifo_async_inst/gnuram_async_fifo.xpm_fifo_base_inst/gen_cdc_pntr.wr_pntr_cdc_dc_inst/src_gray_ff_reg[5]} {base_i/Audio_controller/i2s_audio_stream/i2s_transmitter_0/inst/I2S_TX_V1_0_SYS_INST/AXIS_FIFO_INST/xpm_fifo_async_inst/gnuram_async_fifo.xpm_fifo_base_inst/gen_cdc_pntr.wr_pntr_cdc_dc_inst/src_gray_ff_reg[6]}]] -to [get_cells [list {base_i/Audio_controller/i2s_audio_stream/i2s_transmitter_0/inst/I2S_TX_V1_0_SYS_INST/AXIS_FIFO_INST/xpm_fifo_async_inst/gnuram_async_fifo.xpm_fifo_base_inst/gen_cdc_pntr.wr_pntr_cdc_dc_inst/dest_graysync_ff_reg[0][0]} {base_i/Audio_controller/i2s_audio_stream/i2s_transmitter_0/inst/I2S_TX_V1_0_SYS_INST/AXIS_FIFO_INST/xpm_fifo_async_inst/gnuram_async_fifo.xpm_fifo_base_inst/gen_cdc_pntr.wr_pntr_cdc_dc_inst/dest_graysync_ff_reg[0][1]} {base_i/Audio_controller/i2s_audio_stream/i2s_transmitter_0/inst/I2S_TX_V1_0_SYS_INST/AXIS_FIFO_INST/xpm_fifo_async_inst/gnuram_async_fifo.xpm_fifo_base_inst/gen_cdc_pntr.wr_pntr_cdc_dc_inst/dest_graysync_ff_reg[0][2]} {base_i/Audio_controller/i2s_audio_stream/i2s_transmitter_0/inst/I2S_TX_V1_0_SYS_INST/AXIS_FIFO_INST/xpm_fifo_async_inst/gnuram_async_fifo.xpm_fifo_base_inst/gen_cdc_pntr.wr_pntr_cdc_dc_inst/dest_graysync_ff_reg[0][3]} {base_i/Audio_controller/i2s_audio_stream/i2s_transmitter_0/inst/I2S_TX_V1_0_SYS_INST/AXIS_FIFO_INST/xpm_fifo_async_inst/gnuram_async_fifo.xpm_fifo_base_inst/gen_cdc_pntr.wr_pntr_cdc_dc_inst/dest_graysync_ff_reg[0][4]} {base_i/Audio_controller/i2s_audio_stream/i2s_transmitter_0/inst/I2S_TX_V1_0_SYS_INST/AXIS_FIFO_INST/xpm_fifo_async_inst/gnuram_async_fifo.xpm_fifo_base_inst/gen_cdc_pntr.wr_pntr_cdc_dc_inst/dest_graysync_ff_reg[0][5]} {base_i/Audio_controller/i2s_audio_stream/i2s_transmitter_0/inst/I2S_TX_V1_0_SYS_INST/AXIS_FIFO_INST/xpm_fifo_async_inst/gnuram_async_fifo.xpm_fifo_base_inst/gen_cdc_pntr.wr_pntr_cdc_dc_inst/dest_graysync_ff_reg[0][6]}]] 10.000
Requirement: 10.000ns
Endpoints: 7

From Clock            To Clock              Endpoint Pin                    Reference Pin                   Corner  Actual(ns)  Slack(ns)
--------------------  --------------------  ------------------------------  ------------------------------  ------  ----------  ---------
clk_fpga_0            clk_12_288_base_clk_wiz_10MHz_1
                                            base_i/Audio_controller/i2s_audio_stream/i2s_transmitter_0/inst/I2S_TX_V1_0_SYS_INST/AXIS_FIFO_INST/xpm_fifo_async_inst/gnuram_async_fifo.xpm_fifo_base_inst/gen_cdc_pntr.wr_pntr_cdc_dc_inst/dest_graysync_ff_reg[0][3]/D
                                                                            base_i/Audio_controller/i2s_audio_stream/i2s_transmitter_0/inst/I2S_TX_V1_0_SYS_INST/AXIS_FIFO_INST/xpm_fifo_async_inst/gnuram_async_fifo.xpm_fifo_base_inst/gen_cdc_pntr.wr_pntr_cdc_dc_inst/dest_graysync_ff_reg[0][4]/D
                                                                                                            Slow         1.439      8.561


Slack (MET) :             8.561ns  (requirement - actual skew)
  Endpoint Source:        base_i/Audio_controller/i2s_audio_stream/i2s_transmitter_0/inst/I2S_TX_V1_0_SYS_INST/AXIS_FIFO_INST/xpm_fifo_async_inst/gnuram_async_fifo.xpm_fifo_base_inst/gen_cdc_pntr.wr_pntr_cdc_dc_inst/src_gray_ff_reg[3]/C
                            (rising edge-triggered cell FDRE clocked by clk_fpga_0)
  Endpoint Destination:   base_i/Audio_controller/i2s_audio_stream/i2s_transmitter_0/inst/I2S_TX_V1_0_SYS_INST/AXIS_FIFO_INST/xpm_fifo_async_inst/gnuram_async_fifo.xpm_fifo_base_inst/gen_cdc_pntr.wr_pntr_cdc_dc_inst/dest_graysync_ff_reg[0][3]/D
                            (rising edge-triggered cell FDRE clocked by clk_12_288_base_clk_wiz_10MHz_1)
  Reference Source:       base_i/Audio_controller/i2s_audio_stream/i2s_transmitter_0/inst/I2S_TX_V1_0_SYS_INST/AXIS_FIFO_INST/xpm_fifo_async_inst/gnuram_async_fifo.xpm_fifo_base_inst/gen_cdc_pntr.wr_pntr_cdc_dc_inst/src_gray_ff_reg[4]/C
                            (rising edge-triggered cell FDRE clocked by clk_fpga_0)
  Reference Destination:  base_i/Audio_controller/i2s_audio_stream/i2s_transmitter_0/inst/I2S_TX_V1_0_SYS_INST/AXIS_FIFO_INST/xpm_fifo_async_inst/gnuram_async_fifo.xpm_fifo_base_inst/gen_cdc_pntr.wr_pntr_cdc_dc_inst/dest_graysync_ff_reg[0][4]/D
                            (rising edge-triggered cell FDRE clocked by clk_12_288_base_clk_wiz_10MHz_1)
  Path Type:              Bus Skew (Max at Slow Process Corner)
  Requirement:            10.000ns
  Endpoint Relative Delay:    2.833ns
  Reference Relative Delay:   1.564ns
  Relative CRPR:              0.369ns
  Uncertainty:                0.539ns
  Actual Bus Skew:            1.439ns  (Endpoint Relative Delay - Reference Relative Delay - Relative CRPR + Uncertainty)

Endpoint path:
    Location             Delay type                Incr(ns)  Path(ns)    Netlist Resource(s)
  -------------------------------------------------------------------    -------------------
                         (clock clk_fpga_0 rise edge)
                                                      0.000     0.000 r  
    PS7_X0Y0             PS7                          0.000     0.000 r  base_i/ps7_0/inst/PS7_i/FCLKCLK[0]
                         net (fo=1, routed)           1.193     1.193    base_i/ps7_0/inst/FCLK_CLK_unbuffered[0]
    BUFGCTRL_X0Y31       BUFG (Prop_bufg_I_O)         0.101     1.294 r  base_i/ps7_0/inst/buffer_fclk_clk_0.FCLK_CLK_0_BUFG/O
                         net (fo=19916, routed)       1.749     3.043    base_i/Audio_controller/i2s_audio_stream/i2s_transmitter_0/inst/I2S_TX_V1_0_SYS_INST/AXIS_FIFO_INST/xpm_fifo_async_inst/gnuram_async_fifo.xpm_fifo_base_inst/gen_cdc_pntr.wr_pntr_cdc_dc_inst/src_clk
    SLICE_X24Y46         FDRE                                         r  base_i/Audio_controller/i2s_audio_stream/i2s_transmitter_0/inst/I2S_TX_V1_0_SYS_INST/AXIS_FIFO_INST/xpm_fifo_async_inst/gnuram_async_fifo.xpm_fifo_base_inst/gen_cdc_pntr.wr_pntr_cdc_dc_inst/src_gray_ff_reg[3]/C
  -------------------------------------------------------------------    -------------------
    SLICE_X24Y46         FDRE (Prop_fdre_C_Q)         0.419     3.462 r  base_i/Audio_controller/i2s_audio_stream/i2s_transmitter_0/inst/I2S_TX_V1_0_SYS_INST/AXIS_FIFO_INST/xpm_fifo_async_inst/gnuram_async_fifo.xpm_fifo_base_inst/gen_cdc_pntr.wr_pntr_cdc_dc_inst/src_gray_ff_reg[3]/Q
                         net (fo=1, routed)           0.683     4.145    base_i/Audio_controller/i2s_audio_stream/i2s_transmitter_0/inst/I2S_TX_V1_0_SYS_INST/AXIS_FIFO_INST/xpm_fifo_async_inst/gnuram_async_fifo.xpm_fifo_base_inst/gen_cdc_pntr.wr_pntr_cdc_dc_inst/async_path[3]
    SLICE_X23Y49         FDRE                                         r  base_i/Audio_controller/i2s_audio_stream/i2s_transmitter_0/inst/I2S_TX_V1_0_SYS_INST/AXIS_FIFO_INST/xpm_fifo_async_inst/gnuram_async_fifo.xpm_fifo_base_inst/gen_cdc_pntr.wr_pntr_cdc_dc_inst/dest_graysync_ff_reg[0][3]/D
  -------------------------------------------------------------------    -------------------

                         (clock clk_12_288_base_clk_wiz_10MHz_1 rise edge)
                                                      0.000     0.000 r  
    BUFGCTRL_X0Y31       BUFG                         0.000     0.000 r  base_i/ps7_0/inst/buffer_fclk_clk_0.FCLK_CLK_0_BUFG/O
                         net (fo=19916, routed)       1.770     1.770    base_i/Audio_controller/clk_wiz_audio/inst/clk_in1
    MMCME2_ADV_X1Y2      MMCME2_ADV (Prop_mmcme2_adv_CLKIN1_CLKOUT0)
                                                     -3.873    -2.103 r  base_i/Audio_controller/clk_wiz_audio/inst/mmcm_adv_inst/CLKOUT0
                         net (fo=1, routed)           2.012    -0.091    base_i/Audio_controller/clk_wiz_audio/inst/clk_12_288_base_clk_wiz_10MHz_1
    BUFGCTRL_X0Y27       BUFG (Prop_bufg_I_O)         0.091    -0.000 r  base_i/Audio_controller/clk_wiz_audio/inst/clkout1_buf/O
                         net (fo=566, routed)         1.579     1.579    base_i/Audio_controller/i2s_audio_stream/i2s_transmitter_0/inst/I2S_TX_V1_0_SYS_INST/AXIS_FIFO_INST/xpm_fifo_async_inst/gnuram_async_fifo.xpm_fifo_base_inst/gen_cdc_pntr.wr_pntr_cdc_dc_inst/dest_clk
    SLICE_X23Y49         FDRE                                         r  base_i/Audio_controller/i2s_audio_stream/i2s_transmitter_0/inst/I2S_TX_V1_0_SYS_INST/AXIS_FIFO_INST/xpm_fifo_async_inst/gnuram_async_fifo.xpm_fifo_base_inst/gen_cdc_pntr.wr_pntr_cdc_dc_inst/dest_graysync_ff_reg[0][3]/C
                         clock pessimism              0.000     1.579    
    SLICE_X23Y49         FDRE (Setup_fdre_C_D)       -0.267     1.312    base_i/Audio_controller/i2s_audio_stream/i2s_transmitter_0/inst/I2S_TX_V1_0_SYS_INST/AXIS_FIFO_INST/xpm_fifo_async_inst/gnuram_async_fifo.xpm_fifo_base_inst/gen_cdc_pntr.wr_pntr_cdc_dc_inst/dest_graysync_ff_reg[0][3]
  -------------------------------------------------------------------
                         data arrival                           4.145    
                         clock arrival                          1.312    
  -------------------------------------------------------------------
                         relative delay                         2.833    

Reference path:
    Location             Delay type                Incr(ns)  Path(ns)    Netlist Resource(s)
  -------------------------------------------------------------------    -------------------
                         (clock clk_fpga_0 rise edge)
                                                      0.000     0.000 r  
    PS7_X0Y0             PS7                          0.000     0.000 r  base_i/ps7_0/inst/PS7_i/FCLKCLK[0]
                         net (fo=1, routed)           1.088     1.088    base_i/ps7_0/inst/FCLK_CLK_unbuffered[0]
    BUFGCTRL_X0Y31       BUFG (Prop_bufg_I_O)         0.091     1.179 r  base_i/ps7_0/inst/buffer_fclk_clk_0.FCLK_CLK_0_BUFG/O
                         net (fo=19916, routed)       1.579     2.758    base_i/Audio_controller/i2s_audio_stream/i2s_transmitter_0/inst/I2S_TX_V1_0_SYS_INST/AXIS_FIFO_INST/xpm_fifo_async_inst/gnuram_async_fifo.xpm_fifo_base_inst/gen_cdc_pntr.wr_pntr_cdc_dc_inst/src_clk
    SLICE_X23Y47         FDRE                                         r  base_i/Audio_controller/i2s_audio_stream/i2s_transmitter_0/inst/I2S_TX_V1_0_SYS_INST/AXIS_FIFO_INST/xpm_fifo_async_inst/gnuram_async_fifo.xpm_fifo_base_inst/gen_cdc_pntr.wr_pntr_cdc_dc_inst/src_gray_ff_reg[4]/C
  -------------------------------------------------------------------    -------------------
    SLICE_X23Y47         FDRE (Prop_fdre_C_Q)         0.367     3.125 r  base_i/Audio_controller/i2s_audio_stream/i2s_transmitter_0/inst/I2S_TX_V1_0_SYS_INST/AXIS_FIFO_INST/xpm_fifo_async_inst/gnuram_async_fifo.xpm_fifo_base_inst/gen_cdc_pntr.wr_pntr_cdc_dc_inst/src_gray_ff_reg[4]/Q
                         net (fo=1, routed)           0.422     3.548    base_i/Audio_controller/i2s_audio_stream/i2s_transmitter_0/inst/I2S_TX_V1_0_SYS_INST/AXIS_FIFO_INST/xpm_fifo_async_inst/gnuram_async_fifo.xpm_fifo_base_inst/gen_cdc_pntr.wr_pntr_cdc_dc_inst/async_path[4]
    SLICE_X22Y47         FDRE                                         r  base_i/Audio_controller/i2s_audio_stream/i2s_transmitter_0/inst/I2S_TX_V1_0_SYS_INST/AXIS_FIFO_INST/xpm_fifo_async_inst/gnuram_async_fifo.xpm_fifo_base_inst/gen_cdc_pntr.wr_pntr_cdc_dc_inst/dest_graysync_ff_reg[0][4]/D
  -------------------------------------------------------------------    -------------------

                         (clock clk_12_288_base_clk_wiz_10MHz_1 rise edge)
                                                      0.000     0.000 r  
    BUFGCTRL_X0Y31       BUFG                         0.000     0.000 r  base_i/ps7_0/inst/buffer_fclk_clk_0.FCLK_CLK_0_BUFG/O
                         net (fo=19916, routed)       1.980     1.980    base_i/Audio_controller/clk_wiz_audio/inst/clk_in1
    MMCME2_ADV_X1Y2      MMCME2_ADV (Prop_mmcme2_adv_CLKIN1_CLKOUT0)
                                                     -4.287    -2.307 r  base_i/Audio_controller/clk_wiz_audio/inst/mmcm_adv_inst/CLKOUT0
                         net (fo=1, routed)           2.206    -0.101    base_i/Audio_controller/clk_wiz_audio/inst/clk_12_288_base_clk_wiz_10MHz_1
    BUFGCTRL_X0Y27       BUFG (Prop_bufg_I_O)         0.101    -0.000 r  base_i/Audio_controller/clk_wiz_audio/inst/clkout1_buf/O
                         net (fo=566, routed)         1.754     1.754    base_i/Audio_controller/i2s_audio_stream/i2s_transmitter_0/inst/I2S_TX_V1_0_SYS_INST/AXIS_FIFO_INST/xpm_fifo_async_inst/gnuram_async_fifo.xpm_fifo_base_inst/gen_cdc_pntr.wr_pntr_cdc_dc_inst/dest_clk
    SLICE_X22Y47         FDRE                                         r  base_i/Audio_controller/i2s_audio_stream/i2s_transmitter_0/inst/I2S_TX_V1_0_SYS_INST/AXIS_FIFO_INST/xpm_fifo_async_inst/gnuram_async_fifo.xpm_fifo_base_inst/gen_cdc_pntr.wr_pntr_cdc_dc_inst/dest_graysync_ff_reg[0][4]/C
                         clock pessimism              0.000     1.754    
    SLICE_X22Y47         FDRE (Hold_fdre_C_D)         0.230     1.984    base_i/Audio_controller/i2s_audio_stream/i2s_transmitter_0/inst/I2S_TX_V1_0_SYS_INST/AXIS_FIFO_INST/xpm_fifo_async_inst/gnuram_async_fifo.xpm_fifo_base_inst/gen_cdc_pntr.wr_pntr_cdc_dc_inst/dest_graysync_ff_reg[0][4]
  -------------------------------------------------------------------
                         data arrival                           3.548    
                         clock arrival                          1.984    
  -------------------------------------------------------------------
                         relative delay                         1.564    



