
*** Running vivado
    with args -log base_FFT_BRAM_0_0.vds -m64 -product Vivado -mode batch -messageDb vivado.pb -notrace -source base_FFT_BRAM_0_0.tcl



****** Vivado v2020.2 (64-bit)
  **** SW Build 3064766 on Wed Nov 18 09:12:45 MST 2020
  **** IP Build 3064653 on Wed Nov 18 14:17:31 MST 2020
    ** Copyright 1986-2020 Xilinx, Inc. All Rights Reserved.

source base_FFT_BRAM_0_0.tcl -notrace
create_project: Time (s): cpu = 00:00:02 ; elapsed = 00:00:05 . Memory (MB): peak = 1113.172 ; gain = 0.000
INFO: [IP_Flow 19-234] Refreshing IP repositories
INFO: [IP_Flow 19-1700] Loaded user IP repository 'g:/Vivado/FFT_VIDEO/FFT_VIDEO_2048.xpr/FFT_VIDEO_2048/FFT_VIDEO_2048.ipdefs/ip'.
INFO: [IP_Flow 19-2313] Loaded Vivado IP repository 'D:/Vivado/Vivado/2020.2/data/ip'.
Command: synth_design -top base_FFT_BRAM_0_0 -part xc7z020clg400-1 -mode out_of_context
Starting synth_design
WARNING: [IP_Flow 19-3571] IP 'base_FFT_BRAM_0_0' is restricted:
* Module reference is stale and needs refreshing.
Attempting to get a license for feature 'Synthesis' and/or device 'xc7z020'
INFO: [Common 17-349] Got license for feature 'Synthesis' and/or device 'xc7z020'
INFO: [Device 21-403] Loading part xc7z020clg400-1
INFO: [Synth 8-7079] Multithreading enabled for synth_design using a maximum of 2 processes.
INFO: [Synth 8-7078] Launching helper process for spawning children vivado processes
INFO: [Synth 8-7075] Helper process launched with PID 26684
---------------------------------------------------------------------------------
Starting RTL Elaboration : Time (s): cpu = 00:00:06 ; elapsed = 00:00:11 . Memory (MB): peak = 1175.445 ; gain = 62.273
---------------------------------------------------------------------------------
INFO: [Synth 8-6157] synthesizing module 'base_FFT_BRAM_0_0' [g:/Vivado/FFT_VIDEO/FFT_VIDEO_2048.xpr/FFT_VIDEO_2048/FFT_VIDEO_2048.srcs/sources_1/bd/base/ip/base_FFT_BRAM_0_0/synth/base_FFT_BRAM_0_0.v:58]
INFO: [Synth 8-6157] synthesizing module 'FFT_BRAM' [G:/Vivado/FFT_VIDEO/FFT_VIDEO_2048.xpr/FFT_VIDEO_2048/FFT_VIDEO_2048.srcs/sources_1/new/FFT_BRAM.v:22]
	Parameter IN_WIDTH bound to: 32 - type: integer 
	Parameter TUSER_WIDTH bound to: 16 - type: integer 
	Parameter OUT_WIDTH bound to: 24 - type: integer 
	Parameter BRAM_ADDR_WIDTH bound to: 10 - type: integer 
	Parameter wait_for_data bound to: 3'b000 
	Parameter write_data bound to: 3'b001 
	Parameter write_lastdata bound to: 3'b010 
	Parameter recieve_data bound to: 3'b011 
	Parameter recieve_lastdata bound to: 3'b100 
INFO: [Synth 8-6157] synthesizing module 'xpm_memory_sdpram' [D:/Vivado/Vivado/2020.2/data/ip/xpm/xpm_memory/hdl/xpm_memory.sv:8404]
	Parameter MEMORY_SIZE bound to: 24576 - type: integer 
	Parameter MEMORY_PRIMITIVE bound to: auto - type: string 
	Parameter CLOCKING_MODE bound to: independent_clock - type: string 
	Parameter ECC_MODE bound to: no_ecc - type: string 
	Parameter MEMORY_INIT_FILE bound to: none - type: string 
	Parameter MEMORY_INIT_PARAM bound to: 0 - type: string 
	Parameter USE_MEM_INIT bound to: 1 - type: integer 
	Parameter USE_MEM_INIT_MMI bound to: 0 - type: integer 
	Parameter WAKEUP_TIME bound to: disable_sleep - type: string 
	Parameter AUTO_SLEEP_TIME bound to: 0 - type: integer 
	Parameter MESSAGE_CONTROL bound to: 0 - type: integer 
	Parameter USE_EMBEDDED_CONSTRAINT bound to: 0 - type: integer 
	Parameter MEMORY_OPTIMIZATION bound to: true - type: string 
	Parameter CASCADE_HEIGHT bound to: 0 - type: integer 
	Parameter SIM_ASSERT_CHK bound to: 0 - type: integer 
	Parameter WRITE_PROTECT bound to: 1 - type: integer 
	Parameter WRITE_DATA_WIDTH_A bound to: 24 - type: integer 
	Parameter BYTE_WRITE_WIDTH_A bound to: 24 - type: integer 
	Parameter ADDR_WIDTH_A bound to: 10 - type: integer 
	Parameter RST_MODE_A bound to: SYNC - type: string 
	Parameter READ_DATA_WIDTH_B bound to: 24 - type: integer 
	Parameter ADDR_WIDTH_B bound to: 10 - type: integer 
	Parameter READ_RESET_VALUE_B bound to: 0 - type: string 
	Parameter READ_LATENCY_B bound to: 1 - type: integer 
	Parameter WRITE_MODE_B bound to: no_change - type: string 
	Parameter RST_MODE_B bound to: SYNC - type: string 
	Parameter P_MEMORY_PRIMITIVE bound to: 0 - type: integer 
	Parameter P_CLOCKING_MODE bound to: 1 - type: integer 
	Parameter P_ECC_MODE bound to: 0 - type: integer 
	Parameter P_WAKEUP_TIME bound to: 0 - type: integer 
	Parameter P_WRITE_MODE_B bound to: 2 - type: integer 
	Parameter P_MEMORY_OPTIMIZATION bound to: 1 - type: integer 
INFO: [Synth 8-6157] synthesizing module 'xpm_memory_base' [D:/Vivado/Vivado/2020.2/data/ip/xpm/xpm_memory/hdl/xpm_memory.sv:57]
	Parameter MEMORY_TYPE bound to: 1 - type: integer 
	Parameter MEMORY_SIZE bound to: 24576 - type: integer 
	Parameter MEMORY_PRIMITIVE bound to: 0 - type: integer 
	Parameter CLOCKING_MODE bound to: 1 - type: integer 
	Parameter ECC_MODE bound to: 0 - type: integer 
	Parameter MEMORY_INIT_FILE bound to: none - type: string 
	Parameter MEMORY_INIT_PARAM bound to: 0 - type: string 
	Parameter USE_MEM_INIT_MMI bound to: 0 - type: integer 
	Parameter USE_MEM_INIT bound to: 1 - type: integer 
	Parameter MEMORY_OPTIMIZATION bound to: true - type: string 
	Parameter WAKEUP_TIME bound to: 0 - type: integer 
	Parameter AUTO_SLEEP_TIME bound to: 0 - type: integer 
	Parameter MESSAGE_CONTROL bound to: 0 - type: integer 
	Parameter VERSION bound to: 0 - type: integer 
	Parameter USE_EMBEDDED_CONSTRAINT bound to: 0 - type: integer 
	Parameter CASCADE_HEIGHT bound to: 0 - type: integer 
	Parameter SIM_ASSERT_CHK bound to: 0 - type: integer 
	Parameter WRITE_PROTECT bound to: 1 - type: integer 
	Parameter WRITE_DATA_WIDTH_A bound to: 24 - type: integer 
	Parameter READ_DATA_WIDTH_A bound to: 24 - type: integer 
	Parameter BYTE_WRITE_WIDTH_A bound to: 24 - type: integer 
	Parameter ADDR_WIDTH_A bound to: 10 - type: integer 
	Parameter READ_RESET_VALUE_A bound to: 0 - type: string 
	Parameter READ_LATENCY_A bound to: 2 - type: integer 
	Parameter WRITE_MODE_A bound to: 2 - type: integer 
	Parameter RST_MODE_A bound to: SYNC - type: string 
	Parameter WRITE_DATA_WIDTH_B bound to: 24 - type: integer 
	Parameter READ_DATA_WIDTH_B bound to: 24 - type: integer 
	Parameter BYTE_WRITE_WIDTH_B bound to: 24 - type: integer 
	Parameter ADDR_WIDTH_B bound to: 10 - type: integer 
	Parameter READ_RESET_VALUE_B bound to: 0 - type: string 
	Parameter READ_LATENCY_B bound to: 1 - type: integer 
	Parameter WRITE_MODE_B bound to: 2 - type: integer 
	Parameter RST_MODE_B bound to: SYNC - type: string 
	Parameter P_MEMORY_PRIMITIVE bound to: auto - type: string 
	Parameter P_MIN_WIDTH_DATA_A bound to: 24 - type: integer 
	Parameter P_MIN_WIDTH_DATA_B bound to: 24 - type: integer 
	Parameter P_MIN_WIDTH_DATA bound to: 24 - type: integer 
	Parameter P_MIN_WIDTH_DATA_ECC bound to: 24 - type: integer 
	Parameter P_MAX_DEPTH_DATA bound to: 1024 - type: integer 
	Parameter P_ECC_MODE bound to: no_ecc - type: string 
	Parameter P_MEMORY_OPT bound to: yes - type: string 
	Parameter P_WIDTH_COL_WRITE_A bound to: 24 - type: integer 
	Parameter P_WIDTH_COL_WRITE_B bound to: 24 - type: integer 
	Parameter P_NUM_COLS_WRITE_A bound to: 1 - type: integer 
	Parameter P_NUM_COLS_WRITE_B bound to: 1 - type: integer 
	Parameter P_NUM_ROWS_WRITE_A bound to: 1 - type: integer 
	Parameter P_NUM_ROWS_WRITE_B bound to: 1 - type: integer 
	Parameter P_NUM_ROWS_READ_A bound to: 1 - type: integer 
	Parameter P_NUM_ROWS_READ_B bound to: 1 - type: integer 
	Parameter P_WIDTH_ADDR_WRITE_A bound to: 10 - type: integer 
	Parameter P_WIDTH_ADDR_WRITE_B bound to: 10 - type: integer 
	Parameter P_WIDTH_ADDR_READ_A bound to: 10 - type: integer 
	Parameter P_WIDTH_ADDR_READ_B bound to: 10 - type: integer 
	Parameter P_WIDTH_ADDR_LSB_WRITE_A bound to: 0 - type: integer 
	Parameter P_WIDTH_ADDR_LSB_WRITE_B bound to: 0 - type: integer 
	Parameter P_WIDTH_ADDR_LSB_READ_A bound to: 0 - type: integer 
	Parameter P_WIDTH_ADDR_LSB_READ_B bound to: 0 - type: integer 
	Parameter P_ENABLE_BYTE_WRITE_A bound to: 0 - type: integer 
	Parameter P_ENABLE_BYTE_WRITE_B bound to: 0 - type: integer 
	Parameter P_SDP_WRITE_MODE bound to: yes - type: string 
	Parameter rsta_loop_iter bound to: 24 - type: integer 
	Parameter rstb_loop_iter bound to: 24 - type: integer 
	Parameter NUM_CHAR_LOC bound to: 0 - type: integer 
	Parameter MAX_NUM_CHAR bound to: 0 - type: integer 
	Parameter P_MIN_WIDTH_DATA_SHFT bound to: 24 - type: integer 
	Parameter P_MIN_WIDTH_DATA_LDW bound to: 4 - type: integer 
INFO: [Synth 8-6059] Synth Info: [XPM_MEMORY 20-1] MEMORY_PRIMITIVE (0) instructs Vivado Synthesis to choose the memory primitive type. Depending on their values, other XPM_MEMORY parameters may preclude the choice of certain memory primitive types. Review XPM_MEMORY documentation and parameter values to understand any limitations, or set MEMORY_PRIMITIVE to a different value.   [D:/Vivado/Vivado/2020.2/data/ip/xpm/xpm_memory/hdl/xpm_memory.sv:488]
INFO: [Synth 8-6059] Synth Info: [XPM_MEMORY 20-2] MEMORY_INIT_FILE (none), MEMORY_INIT_PARAM together specify no memory initialization. Initial memory contents will be all 0's.   [D:/Vivado/Vivado/2020.2/data/ip/xpm/xpm_memory/hdl/xpm_memory.sv:490]
INFO: [Synth 8-6155] done synthesizing module 'xpm_memory_base' (1#1) [D:/Vivado/Vivado/2020.2/data/ip/xpm/xpm_memory/hdl/xpm_memory.sv:57]
INFO: [Synth 8-6155] done synthesizing module 'xpm_memory_sdpram' (2#1) [D:/Vivado/Vivado/2020.2/data/ip/xpm/xpm_memory/hdl/xpm_memory.sv:8404]
WARNING: [Synth 8-7071] port 'sleep' of module 'xpm_memory_sdpram' is unconnected for instance 'xpm_memory_sdpram_l_inst' [G:/Vivado/FFT_VIDEO/FFT_VIDEO_2048.xpr/FFT_VIDEO_2048/FFT_VIDEO_2048.srcs/sources_1/new/FFT_BRAM.v:105]
WARNING: [Synth 8-7071] port 'injectsbiterra' of module 'xpm_memory_sdpram' is unconnected for instance 'xpm_memory_sdpram_l_inst' [G:/Vivado/FFT_VIDEO/FFT_VIDEO_2048.xpr/FFT_VIDEO_2048/FFT_VIDEO_2048.srcs/sources_1/new/FFT_BRAM.v:105]
WARNING: [Synth 8-7071] port 'injectdbiterra' of module 'xpm_memory_sdpram' is unconnected for instance 'xpm_memory_sdpram_l_inst' [G:/Vivado/FFT_VIDEO/FFT_VIDEO_2048.xpr/FFT_VIDEO_2048/FFT_VIDEO_2048.srcs/sources_1/new/FFT_BRAM.v:105]
WARNING: [Synth 8-7071] port 'regceb' of module 'xpm_memory_sdpram' is unconnected for instance 'xpm_memory_sdpram_l_inst' [G:/Vivado/FFT_VIDEO/FFT_VIDEO_2048.xpr/FFT_VIDEO_2048/FFT_VIDEO_2048.srcs/sources_1/new/FFT_BRAM.v:105]
WARNING: [Synth 8-7071] port 'sbiterrb' of module 'xpm_memory_sdpram' is unconnected for instance 'xpm_memory_sdpram_l_inst' [G:/Vivado/FFT_VIDEO/FFT_VIDEO_2048.xpr/FFT_VIDEO_2048/FFT_VIDEO_2048.srcs/sources_1/new/FFT_BRAM.v:105]
WARNING: [Synth 8-7071] port 'dbiterrb' of module 'xpm_memory_sdpram' is unconnected for instance 'xpm_memory_sdpram_l_inst' [G:/Vivado/FFT_VIDEO/FFT_VIDEO_2048.xpr/FFT_VIDEO_2048/FFT_VIDEO_2048.srcs/sources_1/new/FFT_BRAM.v:105]
WARNING: [Synth 8-7023] instance 'xpm_memory_sdpram_l_inst' of module 'xpm_memory_sdpram' has 16 connections declared, but only 10 given [G:/Vivado/FFT_VIDEO/FFT_VIDEO_2048.xpr/FFT_VIDEO_2048/FFT_VIDEO_2048.srcs/sources_1/new/FFT_BRAM.v:105]
WARNING: [Synth 8-7071] port 'sleep' of module 'xpm_memory_sdpram' is unconnected for instance 'xpm_memory_sdpram_r_inst' [G:/Vivado/FFT_VIDEO/FFT_VIDEO_2048.xpr/FFT_VIDEO_2048/FFT_VIDEO_2048.srcs/sources_1/new/FFT_BRAM.v:194]
WARNING: [Synth 8-7071] port 'injectsbiterra' of module 'xpm_memory_sdpram' is unconnected for instance 'xpm_memory_sdpram_r_inst' [G:/Vivado/FFT_VIDEO/FFT_VIDEO_2048.xpr/FFT_VIDEO_2048/FFT_VIDEO_2048.srcs/sources_1/new/FFT_BRAM.v:194]
WARNING: [Synth 8-7071] port 'injectdbiterra' of module 'xpm_memory_sdpram' is unconnected for instance 'xpm_memory_sdpram_r_inst' [G:/Vivado/FFT_VIDEO/FFT_VIDEO_2048.xpr/FFT_VIDEO_2048/FFT_VIDEO_2048.srcs/sources_1/new/FFT_BRAM.v:194]
WARNING: [Synth 8-7071] port 'regceb' of module 'xpm_memory_sdpram' is unconnected for instance 'xpm_memory_sdpram_r_inst' [G:/Vivado/FFT_VIDEO/FFT_VIDEO_2048.xpr/FFT_VIDEO_2048/FFT_VIDEO_2048.srcs/sources_1/new/FFT_BRAM.v:194]
WARNING: [Synth 8-7071] port 'sbiterrb' of module 'xpm_memory_sdpram' is unconnected for instance 'xpm_memory_sdpram_r_inst' [G:/Vivado/FFT_VIDEO/FFT_VIDEO_2048.xpr/FFT_VIDEO_2048/FFT_VIDEO_2048.srcs/sources_1/new/FFT_BRAM.v:194]
WARNING: [Synth 8-7071] port 'dbiterrb' of module 'xpm_memory_sdpram' is unconnected for instance 'xpm_memory_sdpram_r_inst' [G:/Vivado/FFT_VIDEO/FFT_VIDEO_2048.xpr/FFT_VIDEO_2048/FFT_VIDEO_2048.srcs/sources_1/new/FFT_BRAM.v:194]
WARNING: [Synth 8-7023] instance 'xpm_memory_sdpram_r_inst' of module 'xpm_memory_sdpram' has 16 connections declared, but only 10 given [G:/Vivado/FFT_VIDEO/FFT_VIDEO_2048.xpr/FFT_VIDEO_2048/FFT_VIDEO_2048.srcs/sources_1/new/FFT_BRAM.v:194]
INFO: [Synth 8-155] case statement is not full and has no default [G:/Vivado/FFT_VIDEO/FFT_VIDEO_2048.xpr/FFT_VIDEO_2048/FFT_VIDEO_2048.srcs/sources_1/new/FFT_BRAM.v:286]
INFO: [Synth 8-155] case statement is not full and has no default [G:/Vivado/FFT_VIDEO/FFT_VIDEO_2048.xpr/FFT_VIDEO_2048/FFT_VIDEO_2048.srcs/sources_1/new/FFT_BRAM.v:351]
INFO: [Synth 8-155] case statement is not full and has no default [G:/Vivado/FFT_VIDEO/FFT_VIDEO_2048.xpr/FFT_VIDEO_2048/FFT_VIDEO_2048.srcs/sources_1/new/FFT_BRAM.v:453]
INFO: [Synth 8-155] case statement is not full and has no default [G:/Vivado/FFT_VIDEO/FFT_VIDEO_2048.xpr/FFT_VIDEO_2048/FFT_VIDEO_2048.srcs/sources_1/new/FFT_BRAM.v:517]
INFO: [Synth 8-6155] done synthesizing module 'FFT_BRAM' (3#1) [G:/Vivado/FFT_VIDEO/FFT_VIDEO_2048.xpr/FFT_VIDEO_2048/FFT_VIDEO_2048.srcs/sources_1/new/FFT_BRAM.v:22]
INFO: [Synth 8-6155] done synthesizing module 'base_FFT_BRAM_0_0' (4#1) [g:/Vivado/FFT_VIDEO/FFT_VIDEO_2048.xpr/FFT_VIDEO_2048/FFT_VIDEO_2048.srcs/sources_1/bd/base/ip/base_FFT_BRAM_0_0/synth/base_FFT_BRAM_0_0.v:58]
---------------------------------------------------------------------------------
Finished RTL Elaboration : Time (s): cpu = 00:00:07 ; elapsed = 00:00:17 . Memory (MB): peak = 1233.547 ; gain = 120.375
---------------------------------------------------------------------------------
---------------------------------------------------------------------------------
Start Handling Custom Attributes
---------------------------------------------------------------------------------
---------------------------------------------------------------------------------
Finished Handling Custom Attributes : Time (s): cpu = 00:00:08 ; elapsed = 00:00:18 . Memory (MB): peak = 1233.547 ; gain = 120.375
---------------------------------------------------------------------------------
---------------------------------------------------------------------------------
Finished RTL Optimization Phase 1 : Time (s): cpu = 00:00:08 ; elapsed = 00:00:18 . Memory (MB): peak = 1233.547 ; gain = 120.375
---------------------------------------------------------------------------------
Netlist sorting complete. Time (s): cpu = 00:00:00 ; elapsed = 00:00:00.013 . Memory (MB): peak = 1233.547 ; gain = 0.000
INFO: [Project 1-570] Preparing netlist for logic optimization

Processing XDC Constraints
Initializing timing engine
WARNING: [Vivado 12-180] No cells matched 'get_cells -hier -filter {PRIMITIVE_SUBGROUP==LUTRAM || PRIMITIVE_SUBGROUP==dram || PRIMITIVE_SUBGROUP==uram || PRIMITIVE_SUBGROUP==BRAM}'. [D:/Vivado/Vivado/2020.2/data/ip/xpm/xpm_memory/tcl/xpm_memory_xdc.tcl:3]
WARNING: [Vivado 12-180] No cells matched 'get_cells -hier -filter {PRIMITIVE_SUBGROUP==LUTRAM || PRIMITIVE_SUBGROUP==dram || PRIMITIVE_SUBGROUP==uram || PRIMITIVE_SUBGROUP==BRAM}'. [D:/Vivado/Vivado/2020.2/data/ip/xpm/xpm_memory/tcl/xpm_memory_xdc.tcl:3]
INFO: [Project 1-236] Implementation specific constraints were found while reading constraint file [D:/Vivado/Vivado/2020.2/data/ip/xpm/xpm_memory/tcl/xpm_memory_xdc.tcl]. These constraints will be ignored for synthesis but will be used in implementation. Impacted constraints are listed in the file [.Xil/base_FFT_BRAM_0_0_propImpl.xdc].
Resolution: To avoid this warning, move constraints listed in [.Xil/base_FFT_BRAM_0_0_propImpl.xdc] to another XDC file and exclude this new file from synthesis with the used_in_synthesis property (File Properties dialog in GUI) and re-run elaboration/synthesis.
INFO: [Project 1-1715] 1 XPM XDC files have been applied to the design.
Completed Processing XDC Constraints

Netlist sorting complete. Time (s): cpu = 00:00:00 ; elapsed = 00:00:00 . Memory (MB): peak = 1326.910 ; gain = 0.000
INFO: [Project 1-111] Unisim Transformation Summary:
No Unisim elements were transformed.

Constraint Validation Runtime : Time (s): cpu = 00:00:00 ; elapsed = 00:00:00.020 . Memory (MB): peak = 1336.027 ; gain = 9.117
---------------------------------------------------------------------------------
Finished Constraint Validation : Time (s): cpu = 00:00:16 ; elapsed = 00:00:36 . Memory (MB): peak = 1336.027 ; gain = 222.855
---------------------------------------------------------------------------------
---------------------------------------------------------------------------------
Start Loading Part and Timing Information
---------------------------------------------------------------------------------
Loading part: xc7z020clg400-1
---------------------------------------------------------------------------------
Finished Loading Part and Timing Information : Time (s): cpu = 00:00:16 ; elapsed = 00:00:36 . Memory (MB): peak = 1336.027 ; gain = 222.855
---------------------------------------------------------------------------------
---------------------------------------------------------------------------------
Start Applying 'set_property' XDC Constraints
---------------------------------------------------------------------------------
Applied set_property KEEP_HIERARCHY = SOFT for inst/xpm_memory_sdpram_l_inst. (constraint file  auto generated constraint).
Applied set_property KEEP_HIERARCHY = SOFT for inst/xpm_memory_sdpram_r_inst. (constraint file  auto generated constraint).
---------------------------------------------------------------------------------
Finished applying 'set_property' XDC Constraints : Time (s): cpu = 00:00:16 ; elapsed = 00:00:36 . Memory (MB): peak = 1336.027 ; gain = 222.855
---------------------------------------------------------------------------------
INFO: [Synth 8-802] inferred FSM for state register 'state_Curr_l_reg' in module 'FFT_BRAM'
INFO: [Synth 8-802] inferred FSM for state register 'state_Curr_r_reg' in module 'FFT_BRAM'
---------------------------------------------------------------------------------------------------
                   State |                     New Encoding |                Previous Encoding 
---------------------------------------------------------------------------------------------------
           wait_for_data |                            00001 |                              000
              write_data |                            00010 |                              001
            recieve_data |                            00100 |                              011
          write_lastdata |                            01000 |                              010
        recieve_lastdata |                            10000 |                              100
---------------------------------------------------------------------------------------------------
INFO: [Synth 8-3354] encoded FSM with state register 'state_Curr_l_reg' using encoding 'one-hot' in module 'FFT_BRAM'
---------------------------------------------------------------------------------------------------
                   State |                     New Encoding |                Previous Encoding 
---------------------------------------------------------------------------------------------------
           wait_for_data |                              000 |                              000
              write_data |                              001 |                              001
            recieve_data |                              010 |                              011
          write_lastdata |                              011 |                              010
        recieve_lastdata |                              100 |                              100
---------------------------------------------------------------------------------------------------
INFO: [Synth 8-3354] encoded FSM with state register 'state_Curr_r_reg' using encoding 'sequential' in module 'FFT_BRAM'
WARNING: [Synth 8-327] inferring latch for variable 'index_buff_l_reg' [G:/Vivado/FFT_VIDEO/FFT_VIDEO_2048.xpr/FFT_VIDEO_2048/FFT_VIDEO_2048.srcs/sources_1/new/FFT_BRAM.v:339]
WARNING: [Synth 8-327] inferring latch for variable 'dina_buff_l_reg' [G:/Vivado/FFT_VIDEO/FFT_VIDEO_2048.xpr/FFT_VIDEO_2048/FFT_VIDEO_2048.srcs/sources_1/new/FFT_BRAM.v:338]
WARNING: [Synth 8-327] inferring latch for variable 'index_buff_r_reg' [G:/Vivado/FFT_VIDEO/FFT_VIDEO_2048.xpr/FFT_VIDEO_2048/FFT_VIDEO_2048.srcs/sources_1/new/FFT_BRAM.v:505]
WARNING: [Synth 8-327] inferring latch for variable 'dina_buff_r_reg' [G:/Vivado/FFT_VIDEO/FFT_VIDEO_2048.xpr/FFT_VIDEO_2048/FFT_VIDEO_2048.srcs/sources_1/new/FFT_BRAM.v:504]
---------------------------------------------------------------------------------
Finished RTL Optimization Phase 2 : Time (s): cpu = 00:00:17 ; elapsed = 00:00:37 . Memory (MB): peak = 1336.027 ; gain = 222.855
---------------------------------------------------------------------------------
---------------------------------------------------------------------------------
Start RTL Component Statistics 
---------------------------------------------------------------------------------
Detailed RTL Component Info : 
+---Adders : 
	   2 Input   11 Bit       Adders := 2     
+---Registers : 
	               24 Bit    Registers := 2     
	               11 Bit    Registers := 2     
	               10 Bit    Registers := 1     
	                1 Bit    Registers := 6     
+---RAMs : 
	              24K Bit	(1024 X 24 bit)          RAMs := 2     
+---Muxes : 
	   6 Input   11 Bit        Muxes := 2     
	   5 Input    5 Bit        Muxes := 1     
	   4 Input    5 Bit        Muxes := 1     
	   2 Input    5 Bit        Muxes := 2     
	   5 Input    3 Bit        Muxes := 7     
	   4 Input    3 Bit        Muxes := 1     
	   2 Input    3 Bit        Muxes := 2     
	   2 Input    2 Bit        Muxes := 2     
	   6 Input    1 Bit        Muxes := 8     
	   5 Input    1 Bit        Muxes := 1     
---------------------------------------------------------------------------------
Finished RTL Component Statistics 
---------------------------------------------------------------------------------
---------------------------------------------------------------------------------
Start Part Resource Summary
---------------------------------------------------------------------------------
Part Resources:
DSPs: 220 (col length:60)
BRAMs: 280 (col length: RAMB18 60 RAMB36 30)
---------------------------------------------------------------------------------
Finished Part Resource Summary
---------------------------------------------------------------------------------
---------------------------------------------------------------------------------
Start Cross Boundary and Area Optimization
---------------------------------------------------------------------------------
---------------------------------------------------------------------------------
Finished Cross Boundary and Area Optimization : Time (s): cpu = 00:00:19 ; elapsed = 00:00:40 . Memory (MB): peak = 1336.027 ; gain = 222.855
---------------------------------------------------------------------------------
---------------------------------------------------------------------------------
Start ROM, RAM, DSP, Shift Register and Retiming Reporting
---------------------------------------------------------------------------------

Block RAM: Preliminary Mapping	Report (see note below)
+----------------------------------------+----------------------------------+------------------------+---+---+------------------------+---+---+------------------+--------+--------+
|Module Name                             | RTL Object                       | PORT A (Depth x Width) | W | R | PORT B (Depth x Width) | W | R | Ports driving FF | RAMB18 | RAMB36 | 
+----------------------------------------+----------------------------------+------------------------+---+---+------------------------+---+---+------------------+--------+--------+
|xpm_memory_sdpram:/xpm_memory_base_inst | gen_wr_a.gen_word_narrow.mem_reg | 1 K x 24(NO_CHANGE)    | W |   | 1 K x 24(WRITE_FIRST)  |   | R | Port A and B     | 0      | 1      | 
|xpm_memory_sdpram:/xpm_memory_base_inst | gen_wr_a.gen_word_narrow.mem_reg | 1 K x 24(NO_CHANGE)    | W |   | 1 K x 24(WRITE_FIRST)  |   | R | Port A and B     | 0      | 1      | 
+----------------------------------------+----------------------------------+------------------------+---+---+------------------------+---+---+------------------+--------+--------+

Note: The table above is a preliminary report that shows the Block RAMs at the current stage of the synthesis flow. Some Block RAMs may be reimplemented as non Block RAM primitives later in the synthesis flow. Multiple instantiated Block RAMs are reported only once. 
---------------------------------------------------------------------------------
Finished ROM, RAM, DSP, Shift Register and Retiming Reporting
---------------------------------------------------------------------------------
---------------------------------------------------------------------------------
Start Applying XDC Timing Constraints
---------------------------------------------------------------------------------
---------------------------------------------------------------------------------
Finished Applying XDC Timing Constraints : Time (s): cpu = 00:00:27 ; elapsed = 00:00:48 . Memory (MB): peak = 1336.027 ; gain = 222.855
---------------------------------------------------------------------------------
---------------------------------------------------------------------------------
Start Timing Optimization
---------------------------------------------------------------------------------
---------------------------------------------------------------------------------
Finished Timing Optimization : Time (s): cpu = 00:00:27 ; elapsed = 00:00:48 . Memory (MB): peak = 1336.027 ; gain = 222.855
---------------------------------------------------------------------------------
---------------------------------------------------------------------------------
Start ROM, RAM, DSP, Shift Register and Retiming Reporting
---------------------------------------------------------------------------------

Block RAM: Final Mapping	Report
+----------------------------------------+----------------------------------+------------------------+---+---+------------------------+---+---+------------------+--------+--------+
|Module Name                             | RTL Object                       | PORT A (Depth x Width) | W | R | PORT B (Depth x Width) | W | R | Ports driving FF | RAMB18 | RAMB36 | 
+----------------------------------------+----------------------------------+------------------------+---+---+------------------------+---+---+------------------+--------+--------+
|xpm_memory_sdpram:/xpm_memory_base_inst | gen_wr_a.gen_word_narrow.mem_reg | 1 K x 24(NO_CHANGE)    | W |   | 1 K x 24(WRITE_FIRST)  |   | R | Port A and B     | 0      | 1      | 
|xpm_memory_sdpram:/xpm_memory_base_inst | gen_wr_a.gen_word_narrow.mem_reg | 1 K x 24(NO_CHANGE)    | W |   | 1 K x 24(WRITE_FIRST)  |   | R | Port A and B     | 0      | 1      | 
+----------------------------------------+----------------------------------+------------------------+---+---+------------------------+---+---+------------------+--------+--------+

---------------------------------------------------------------------------------
Finished ROM, RAM, DSP, Shift Register and Retiming Reporting
---------------------------------------------------------------------------------
---------------------------------------------------------------------------------
Start Technology Mapping
---------------------------------------------------------------------------------
INFO: [Synth 8-7052] The timing for the instance inst/xpm_memory_sdpram_l_inst/xpm_memory_base_inst/gen_wr_a.gen_word_narrow.mem_reg (implemented as a Block RAM) might be sub-optimal as no optional output register could be merged into the ram block. Providing additional output register may help in improving timing.
INFO: [Synth 8-7052] The timing for the instance inst/xpm_memory_sdpram_r_inst/xpm_memory_base_inst/gen_wr_a.gen_word_narrow.mem_reg (implemented as a Block RAM) might be sub-optimal as no optional output register could be merged into the ram block. Providing additional output register may help in improving timing.
---------------------------------------------------------------------------------
Finished Technology Mapping : Time (s): cpu = 00:00:27 ; elapsed = 00:00:48 . Memory (MB): peak = 1358.809 ; gain = 245.637
---------------------------------------------------------------------------------
---------------------------------------------------------------------------------
Start IO Insertion
---------------------------------------------------------------------------------
---------------------------------------------------------------------------------
Start Flattening Before IO Insertion
---------------------------------------------------------------------------------
---------------------------------------------------------------------------------
Finished Flattening Before IO Insertion
---------------------------------------------------------------------------------
---------------------------------------------------------------------------------
Start Final Netlist Cleanup
---------------------------------------------------------------------------------
---------------------------------------------------------------------------------
Finished Final Netlist Cleanup
---------------------------------------------------------------------------------
---------------------------------------------------------------------------------
Finished IO Insertion : Time (s): cpu = 00:00:32 ; elapsed = 00:00:52 . Memory (MB): peak = 1358.809 ; gain = 245.637
---------------------------------------------------------------------------------
---------------------------------------------------------------------------------
Start Renaming Generated Instances
---------------------------------------------------------------------------------
---------------------------------------------------------------------------------
Finished Renaming Generated Instances : Time (s): cpu = 00:00:32 ; elapsed = 00:00:52 . Memory (MB): peak = 1358.809 ; gain = 245.637
---------------------------------------------------------------------------------
---------------------------------------------------------------------------------
Start Rebuilding User Hierarchy
---------------------------------------------------------------------------------
---------------------------------------------------------------------------------
Finished Rebuilding User Hierarchy : Time (s): cpu = 00:00:32 ; elapsed = 00:00:52 . Memory (MB): peak = 1358.809 ; gain = 245.637
---------------------------------------------------------------------------------
---------------------------------------------------------------------------------
Start Renaming Generated Ports
---------------------------------------------------------------------------------
---------------------------------------------------------------------------------
Finished Renaming Generated Ports : Time (s): cpu = 00:00:32 ; elapsed = 00:00:52 . Memory (MB): peak = 1358.809 ; gain = 245.637
---------------------------------------------------------------------------------
---------------------------------------------------------------------------------
Start Handling Custom Attributes
---------------------------------------------------------------------------------
---------------------------------------------------------------------------------
Finished Handling Custom Attributes : Time (s): cpu = 00:00:32 ; elapsed = 00:00:53 . Memory (MB): peak = 1358.809 ; gain = 245.637
---------------------------------------------------------------------------------
---------------------------------------------------------------------------------
Start Renaming Generated Nets
---------------------------------------------------------------------------------
---------------------------------------------------------------------------------
Finished Renaming Generated Nets : Time (s): cpu = 00:00:32 ; elapsed = 00:00:53 . Memory (MB): peak = 1358.809 ; gain = 245.637
---------------------------------------------------------------------------------
---------------------------------------------------------------------------------
Start Writing Synthesis Report
---------------------------------------------------------------------------------

Report BlackBoxes: 
+-+--------------+----------+
| |BlackBox name |Instances |
+-+--------------+----------+
+-+--------------+----------+

Report Cell Usage: 
+------+---------+------+
|      |Cell     |Count |
+------+---------+------+
|1     |LUT1     |    11|
|2     |LUT2     |     1|
|3     |LUT3     |     5|
|4     |LUT4     |    21|
|5     |LUT5     |    10|
|6     |LUT6     |     9|
|7     |RAMB36E1 |     2|
|8     |FDRE     |    43|
|9     |FDSE     |     1|
|10    |LD       |    68|
+------+---------+------+
---------------------------------------------------------------------------------
Finished Writing Synthesis Report : Time (s): cpu = 00:00:32 ; elapsed = 00:00:53 . Memory (MB): peak = 1358.809 ; gain = 245.637
---------------------------------------------------------------------------------
Synthesis finished with 0 errors, 0 critical warnings and 4 warnings.
Synthesis Optimization Runtime : Time (s): cpu = 00:00:22 ; elapsed = 00:00:42 . Memory (MB): peak = 1358.809 ; gain = 143.156
Synthesis Optimization Complete : Time (s): cpu = 00:00:32 ; elapsed = 00:00:53 . Memory (MB): peak = 1358.809 ; gain = 245.637
INFO: [Project 1-571] Translating synthesized netlist
Netlist sorting complete. Time (s): cpu = 00:00:00 ; elapsed = 00:00:00.012 . Memory (MB): peak = 1368.633 ; gain = 0.000
INFO: [Netlist 29-17] Analyzing 70 Unisim elements for replacement
INFO: [Netlist 29-28] Unisim Transformation completed in 0 CPU seconds
INFO: [Project 1-570] Preparing netlist for logic optimization
INFO: [Opt 31-138] Pushed 0 inverter(s) to 0 load pin(s).
Netlist sorting complete. Time (s): cpu = 00:00:00 ; elapsed = 00:00:00 . Memory (MB): peak = 1372.617 ; gain = 0.000
INFO: [Project 1-111] Unisim Transformation Summary:
  A total of 68 instances were transformed.
  LD => LDCE: 68 instances

INFO: [Common 17-83] Releasing license: Synthesis
39 Infos, 21 Warnings, 0 Critical Warnings and 0 Errors encountered.
synth_design completed successfully
synth_design: Time (s): cpu = 00:00:39 ; elapsed = 00:01:06 . Memory (MB): peak = 1372.617 ; gain = 259.445
INFO: [Common 17-1381] The checkpoint 'G:/Vivado/FFT_VIDEO/FFT_VIDEO_2048.xpr/FFT_VIDEO_2048/FFT_VIDEO_2048.runs/base_FFT_BRAM_0_0_synth_1/base_FFT_BRAM_0_0.dcp' has been generated.
WARNING: [Common 17-576] 'use_project_ipc' is deprecated. This option is deprecated and no longer used.
INFO: [Coretcl 2-1174] Renamed 5 cell refs.
INFO: [Common 17-1381] The checkpoint 'G:/Vivado/FFT_VIDEO/FFT_VIDEO_2048.xpr/FFT_VIDEO_2048/FFT_VIDEO_2048.runs/base_FFT_BRAM_0_0_synth_1/base_FFT_BRAM_0_0.dcp' has been generated.
INFO: [runtcl-4] Executing : report_utilization -file base_FFT_BRAM_0_0_utilization_synth.rpt -pb base_FFT_BRAM_0_0_utilization_synth.pb
INFO: [Common 17-206] Exiting Vivado at Sat Jul 10 21:15:46 2021...
